<?xml version="1.0" encoding="UTF-8"?>
<testsuite xmlns:xsi="http://www.w3.org/2001/XMLSchema-instance" xsi:noNamespaceSchemaLocation="https://maven.apache.org/surefire/maven-surefire-plugin/xsd/surefire-test-report-3.0.xsd" version="3.0" name="com.epita.GetSocialControllerTest" time="11.782" tests="12" errors="0" skipped="0" failures="0">
  <properties>
    <property name="java.specification.version" value="17"/>
    <property name="sun.cpu.isalist" value="amd64"/>
    <property name="test.url" value="http://localhost:8081"/>
    <property name="sun.jnu.encoding" value="Cp1252"/>
    <property name="java.class.path" value="C:\Users\Gabriel\dev\epitweeet\repo-social\target\test-classes;C:\Users\Gabriel\dev\epitweeet\repo-social\target\classes;C:\Users\Gabriel\.m2\repository\io\quarkiverse\neo4j\quarkus-neo4j\3.0.3\quarkus-neo4j-3.0.3.jar;C:\Users\Gabriel\.m2\repository\io\quarkus\quarkus-arc\3.0.4.Final\quarkus-arc-3.0.4.Final.jar;C:\Users\Gabriel\.m2\repository\io\quarkus\arc\arc\3.0.4.Final\arc-3.0.4.Final.jar;C:\Users\Gabriel\.m2\repository\jakarta\transaction\jakarta.transaction-api\2.0.1\jakarta.transaction-api-2.0.1.jar;C:\Users\Gabriel\.m2\repository\org\eclipse\microprofile\context-propagation\microprofile-context-propagation-api\1.3\microprofile-context-propagation-api-1.3.jar;C:\Users\Gabriel\.m2\repository\org\neo4j\driver\neo4j-java-driver\5.8.0\neo4j-java-driver-5.8.0.jar;C:\Users\Gabriel\.m2\repository\org\reactivestreams\reactive-streams\1.0.4\reactive-streams-1.0.4.jar;C:\Users\Gabriel\.m2\repository\io\netty\netty-handler\4.1.90.Final\netty-handler-4.1.90.Final.jar;C:\Users\Gabriel\.m2\repository\io\netty\netty-common\4.1.90.Final\netty-common-4.1.90.Final.jar;C:\Users\Gabriel\.m2\repository\io\netty\netty-resolver\4.1.90.Final\netty-resolver-4.1.90.Final.jar;C:\Users\Gabriel\.m2\repository\io\netty\netty-buffer\4.1.90.Final\netty-buffer-4.1.90.Final.jar;C:\Users\Gabriel\.m2\repository\io\netty\netty-transport\4.1.90.Final\netty-transport-4.1.90.Final.jar;C:\Users\Gabriel\.m2\repository\io\netty\netty-transport-native-unix-common\4.1.90.Final\netty-transport-native-unix-common-4.1.90.Final.jar;C:\Users\Gabriel\.m2\repository\io\netty\netty-codec\4.1.90.Final\netty-codec-4.1.90.Final.jar;C:\Users\Gabriel\.m2\repository\io\netty\netty-tcnative-classes\2.0.59.Final\netty-tcnative-classes-2.0.59.Final.jar;C:\Users\Gabriel\.m2\repository\io\projectreactor\reactor-core\3.5.5\reactor-core-3.5.5.jar;C:\Users\Gabriel\dev\epitweeet\common-tools\target\common-tools-1.0.0.jar;C:\Users\Gabriel\.m2\repository\io\quarkus\quarkus-core\3.0.4.Final\quarkus-core-3.0.4.Final.jar;C:\Users\Gabriel\.m2\repository\jakarta\annotation\jakarta.annotation-api\2.1.1\jakarta.annotation-api-2.1.1.jar;C:\Users\Gabriel\.m2\repository\jakarta\enterprise\jakarta.enterprise.cdi-api\4.0.1\jakarta.enterprise.cdi-api-4.0.1.jar;C:\Users\Gabriel\.m2\repository\jakarta\enterprise\jakarta.enterprise.lang-model\4.0.1\jakarta.enterprise.lang-model-4.0.1.jar;C:\Users\Gabriel\.m2\repository\jakarta\el\jakarta.el-api\5.0.1\jakarta.el-api-5.0.1.jar;C:\Users\Gabriel\.m2\repository\jakarta\interceptor\jakarta.interceptor-api\2.1.0\jakarta.interceptor-api-2.1.0.jar;C:\Users\Gabriel\.m2\repository\jakarta\inject\jakarta.inject-api\2.0.1\jakarta.inject-api-2.0.1.jar;C:\Users\Gabriel\.m2\repository\io\smallrye\common\smallrye-common-os\2.1.0\smallrye-common-os-2.1.0.jar;C:\Users\Gabriel\.m2\repository\io\quarkus\quarkus-ide-launcher\3.0.4.Final\quarkus-ide-launcher-3.0.4.Final.jar;C:\Users\Gabriel\.m2\repository\io\quarkus\quarkus-development-mode-spi\3.0.4.Final\quarkus-development-mode-spi-3.0.4.Final.jar;C:\Users\Gabriel\.m2\repository\io\smallrye\config\smallrye-config\3.2.1\smallrye-config-3.2.1.jar;C:\Users\Gabriel\.m2\repository\io\smallrye\config\smallrye-config-core\3.2.1\smallrye-config-core-3.2.1.jar;C:\Users\Gabriel\.m2\repository\io\smallrye\common\smallrye-common-expression\2.1.0\smallrye-common-expression-2.1.0.jar;C:\Users\Gabriel\.m2\repository\io\smallrye\common\smallrye-common-function\2.1.0\smallrye-common-function-2.1.0.jar;C:\Users\Gabriel\.m2\repository\io\smallrye\common\smallrye-common-classloader\2.1.0\smallrye-common-classloader-2.1.0.jar;C:\Users\Gabriel\.m2\repository\io\smallrye\config\smallrye-config-common\3.2.1\smallrye-config-common-3.2.1.jar;C:\Users\Gabriel\.m2\repository\org\jboss\logmanager\jboss-logmanager-embedded\1.1.1\jboss-logmanager-embedded-1.1.1.jar;C:\Users\Gabriel\.m2\repository\org\jboss\logging\jboss-logging-annotations\2.2.1.Final\jboss-logging-annotations-2.2.1.Final.jar;C:\Users\Gabriel\.m2\repository\org\jboss\threads\jboss-threads\3.5.0.Final\jboss-threads-3.5.0.Final.jar;C:\Users\Gabriel\.m2\repository\org\slf4j\slf4j-api\2.0.6\slf4j-api-2.0.6.jar;C:\Users\Gabriel\.m2\repository\org\jboss\slf4j\slf4j-jboss-logmanager\2.0.0.Final\slf4j-jboss-logmanager-2.0.0.Final.jar;C:\Users\Gabriel\.m2\repository\org\graalvm\sdk\graal-sdk\22.3.0\graal-sdk-22.3.0.jar;C:\Users\Gabriel\.m2\repository\org\wildfly\common\wildfly-common\1.5.4.Final-format-001\wildfly-common-1.5.4.Final-format-001.jar;C:\Users\Gabriel\.m2\repository\io\quarkus\quarkus-bootstrap-runner\3.0.4.Final\quarkus-bootstrap-runner-3.0.4.Final.jar;C:\Users\Gabriel\.m2\repository\io\quarkus\quarkus-fs-util\0.0.9\quarkus-fs-util-0.0.9.jar;C:\Users\Gabriel\.m2\repository\com\fasterxml\jackson\core\jackson-databind\2.14.2\jackson-databind-2.14.2.jar;C:\Users\Gabriel\.m2\repository\com\fasterxml\jackson\core\jackson-annotations\2.14.2\jackson-annotations-2.14.2.jar;C:\Users\Gabriel\.m2\repository\com\fasterxml\jackson\core\jackson-core\2.14.2\jackson-core-2.14.2.jar;C:\Users\Gabriel\.m2\repository\jakarta\validation\jakarta.validation-api\3.0.2\jakarta.validation-api-3.0.2.jar;C:\Users\Gabriel\dev\epitweeet\repo-post\target\repo-post-1.0.0-SNAPSHOT.jar;C:\Users\Gabriel\dev\epitweeet\srvc-user\target\srvc-user-1.0.0-SNAPSHOT.jar;C:\Users\Gabriel\.m2\repository\org\awaitility\awaitility\4.2.0\awaitility-4.2.0.jar;C:\Users\Gabriel\.m2\repository\org\hamcrest\hamcrest\2.1\hamcrest-2.1.jar;C:\Users\Gabriel\.m2\repository\io\quarkus\quarkus-resteasy-reactive-jackson\3.0.4.Final\quarkus-resteasy-reactive-jackson-3.0.4.Final.jar;C:\Users\Gabriel\.m2\repository\io\quarkus\quarkus-resteasy-reactive\3.0.4.Final\quarkus-resteasy-reactive-3.0.4.Final.jar;C:\Users\Gabriel\.m2\repository\io\quarkus\quarkus-resteasy-reactive-common\3.0.4.Final\quarkus-resteasy-reactive-common-3.0.4.Final.jar;C:\Users\Gabriel\.m2\repository\io\quarkus\resteasy\reactive\resteasy-reactive-common\3.0.4.Final\resteasy-reactive-common-3.0.4.Final.jar;C:\Users\Gabriel\.m2\repository\io\quarkus\resteasy\reactive\resteasy-reactive-common-types\3.0.4.Final\resteasy-reactive-common-types-3.0.4.Final.jar;C:\Users\Gabriel\.m2\repository\io\quarkus\resteasy\reactive\resteasy-reactive-vertx\3.0.4.Final\resteasy-reactive-vertx-3.0.4.Final.jar;C:\Users\Gabriel\.m2\repository\io\quarkus\resteasy\reactive\resteasy-reactive\3.0.4.Final\resteasy-reactive-3.0.4.Final.jar;C:\Users\Gabriel\.m2\repository\jakarta\ws\rs\jakarta.ws.rs-api\3.1.0\jakarta.ws.rs-api-3.1.0.jar;C:\Users\Gabriel\.m2\repository\jakarta\xml\bind\jakarta.xml.bind-api\4.0.0\jakarta.xml.bind-api-4.0.0.jar;C:\Users\Gabriel\.m2\repository\jakarta\activation\jakarta.activation-api\2.1.1\jakarta.activation-api-2.1.1.jar;C:\Users\Gabriel\.m2\repository\io\quarkus\quarkus-jsonp\3.0.4.Final\quarkus-jsonp-3.0.4.Final.jar;C:\Users\Gabriel\.m2\repository\org\eclipse\parsson\parsson\1.1.1\parsson-1.1.1.jar;C:\Users\Gabriel\.m2\repository\jakarta\json\jakarta.json-api\2.1.1\jakarta.json-api-2.1.1.jar;C:\Users\Gabriel\.m2\repository\io\quarkus\quarkus-resteasy-reactive-jackson-common\3.0.4.Final\quarkus-resteasy-reactive-jackson-common-3.0.4.Final.jar;C:\Users\Gabriel\.m2\repository\io\quarkus\resteasy\reactive\resteasy-reactive-jackson\3.0.4.Final\resteasy-reactive-jackson-3.0.4.Final.jar;C:\Users\Gabriel\.m2\repository\io\quarkus\quarkus-smallrye-openapi\3.0.4.Final\quarkus-smallrye-openapi-3.0.4.Final.jar;C:\Users\Gabriel\.m2\repository\io\smallrye\smallrye-open-api-core\3.3.4\smallrye-open-api-core-3.3.4.jar;C:\Users\Gabriel\.m2\repository\org\eclipse\microprofile\openapi\microprofile-openapi-api\3.1\microprofile-openapi-api-3.1.jar;C:\Users\Gabriel\.m2\repository\org\eclipse\microprofile\config\microprofile-config-api\3.0.3\microprofile-config-api-3.0.3.jar;C:\Users\Gabriel\.m2\repository\com\fasterxml\jackson\dataformat\jackson-dataformat-yaml\2.14.2\jackson-dataformat-yaml-2.14.2.jar;C:\Users\Gabriel\.m2\repository\org\yaml\snakeyaml\2.0\snakeyaml-2.0.jar;C:\Users\Gabriel\.m2\repository\io\smallrye\jandex\3.0.5\jandex-3.0.5.jar;C:\Users\Gabriel\.m2\repository\io\quarkus\quarkus-vertx-http\3.0.4.Final\quarkus-vertx-http-3.0.4.Final.jar;C:\Users\Gabriel\.m2\repository\io\quarkus\quarkus-security-runtime-spi\3.0.4.Final\quarkus-security-runtime-spi-3.0.4.Final.jar;C:\Users\Gabriel\.m2\repository\io\quarkus\quarkus-credentials\3.0.4.Final\quarkus-credentials-3.0.4.Final.jar;C:\Users\Gabriel\.m2\repository\io\smallrye\common\smallrye-common-vertx-context\2.1.0\smallrye-common-vertx-context-2.1.0.jar;C:\Users\Gabriel\.m2\repository\io\vertx\vertx-core\4.4.1\vertx-core-4.4.1.jar;C:\Users\Gabriel\.m2\repository\io\netty\netty-handler-proxy\4.1.90.Final\netty-handler-proxy-4.1.90.Final.jar;C:\Users\Gabriel\.m2\repository\io\netty\netty-codec-socks\4.1.90.Final\netty-codec-socks-4.1.90.Final.jar;C:\Users\Gabriel\.m2\repository\io\netty\netty-resolver-dns\4.1.90.Final\netty-resolver-dns-4.1.90.Final.jar;C:\Users\Gabriel\.m2\repository\io\netty\netty-codec-dns\4.1.90.Final\netty-codec-dns-4.1.90.Final.jar;C:\Users\Gabriel\.m2\repository\io\smallrye\common\smallrye-common-constraint\2.1.0\smallrye-common-constraint-2.1.0.jar;C:\Users\Gabriel\.m2\repository\io\quarkus\quarkus-vertx-http-dev-console-runtime-spi\3.0.4.Final\quarkus-vertx-http-dev-console-runtime-spi-3.0.4.Final.jar;C:\Users\Gabriel\.m2\repository\io\quarkus\security\quarkus-security\2.0.2.Final\quarkus-security-2.0.2.Final.jar;C:\Users\Gabriel\.m2\repository\io\smallrye\reactive\smallrye-mutiny-vertx-web\3.3.0\smallrye-mutiny-vertx-web-3.3.0.jar;C:\Users\Gabriel\.m2\repository\io\smallrye\reactive\smallrye-mutiny-vertx-web-common\3.3.0\smallrye-mutiny-vertx-web-common-3.3.0.jar;C:\Users\Gabriel\.m2\repository\io\smallrye\reactive\smallrye-mutiny-vertx-auth-common\3.3.0\smallrye-mutiny-vertx-auth-common-3.3.0.jar;C:\Users\Gabriel\.m2\repository\io\smallrye\reactive\smallrye-mutiny-vertx-bridge-common\3.3.0\smallrye-mutiny-vertx-bridge-common-3.3.0.jar;C:\Users\Gabriel\.m2\repository\io\smallrye\reactive\smallrye-mutiny-vertx-uri-template\3.3.0\smallrye-mutiny-vertx-uri-template-3.3.0.jar;C:\Users\Gabriel\.m2\repository\io\vertx\vertx-uri-template\4.4.1\vertx-uri-template-4.4.1.jar;C:\Users\Gabriel\.m2\repository\io\vertx\vertx-web\4.4.1\vertx-web-4.4.1.jar;C:\Users\Gabriel\.m2\repository\io\vertx\vertx-web-common\4.4.1\vertx-web-common-4.4.1.jar;C:\Users\Gabriel\.m2\repository\io\vertx\vertx-auth-common\4.4.1\vertx-auth-common-4.4.1.jar;C:\Users\Gabriel\.m2\repository\io\vertx\vertx-bridge-common\4.4.1\vertx-bridge-common-4.4.1.jar;C:\Users\Gabriel\.m2\repository\io\github\crac\org-crac\0.1.3\org-crac-0.1.3.jar;C:\Users\Gabriel\.m2\repository\io\quarkus\quarkus-swagger-ui\3.0.4.Final\quarkus-swagger-ui-3.0.4.Final.jar;C:\Users\Gabriel\.m2\repository\org\projectlombok\lombok\1.18.28\lombok-1.18.28.jar;C:\Users\Gabriel\.m2\repository\io\quarkus\quarkus-junit5\3.0.4.Final\quarkus-junit5-3.0.4.Final.jar;C:\Users\Gabriel\.m2\repository\io\quarkus\quarkus-bootstrap-core\3.0.4.Final\quarkus-bootstrap-core-3.0.4.Final.jar;C:\Users\Gabriel\.m2\repository\io\quarkus\quarkus-bootstrap-app-model\3.0.4.Final\quarkus-bootstrap-app-model-3.0.4.Final.jar;C:\Users\Gabriel\.m2\repository\io\smallrye\common\smallrye-common-io\2.1.0\smallrye-common-io-2.1.0.jar;C:\Users\Gabriel\.m2\repository\org\eclipse\sisu\org.eclipse.sisu.inject\0.3.5\org.eclipse.sisu.inject-0.3.5.jar;C:\Users\Gabriel\.m2\repository\io\quarkus\quarkus-test-common\3.0.4.Final\quarkus-test-common-3.0.4.Final.jar;C:\Users\Gabriel\.m2\repository\io\quarkus\quarkus-core-deployment\3.0.4.Final\quarkus-core-deployment-3.0.4.Final.jar;C:\Users\Gabriel\.m2\repository\org\aesh\readline\2.4\readline-2.4.jar;C:\Users\Gabriel\.m2\repository\org\fusesource\jansi\jansi\2.4.0\jansi-2.4.0.jar;C:\Users\Gabriel\.m2\repository\org\aesh\aesh\2.7\aesh-2.7.jar;C:\Users\Gabriel\.m2\repository\io\quarkus\gizmo\gizmo\1.6.1.Final\gizmo-1.6.1.Final.jar;C:\Users\Gabriel\.m2\repository\org\ow2\asm\asm-util\9.5\asm-util-9.5.jar;C:\Users\Gabriel\.m2\repository\org\ow2\asm\asm-analysis\9.5\asm-analysis-9.5.jar;C:\Users\Gabriel\.m2\repository\org\ow2\asm\asm\9.5\asm-9.5.jar;C:\Users\Gabriel\.m2\repository\org\ow2\asm\asm-commons\9.5\asm-commons-9.5.jar;C:\Users\Gabriel\.m2\repository\org\ow2\asm\asm-tree\9.5\asm-tree-9.5.jar;C:\Users\Gabriel\.m2\repository\io\quarkus\quarkus-class-change-agent\3.0.4.Final\quarkus-class-change-agent-3.0.4.Final.jar;C:\Users\Gabriel\.m2\repository\io\quarkus\quarkus-devtools-utilities\3.0.4.Final\quarkus-devtools-utilities-3.0.4.Final.jar;C:\Users\Gabriel\.m2\repository\io\quarkus\quarkus-builder\3.0.4.Final\quarkus-builder-3.0.4.Final.jar;C:\Users\Gabriel\.m2\repository\org\junit\platform\junit-platform-launcher\1.9.2\junit-platform-launcher-1.9.2.jar;C:\Users\Gabriel\.m2\repository\io\quarkus\quarkus-bootstrap-maven-resolver\3.0.4.Final\quarkus-bootstrap-maven-resolver-3.0.4.Final.jar;C:\Users\Gabriel\.m2\repository\io\smallrye\beanbag\smallrye-beanbag-maven\1.1.0\smallrye-beanbag-maven-1.1.0.jar;C:\Users\Gabriel\.m2\repository\io\smallrye\beanbag\smallrye-beanbag-sisu\1.1.0\smallrye-beanbag-sisu-1.1.0.jar;C:\Users\Gabriel\.m2\repository\io\smallrye\beanbag\smallrye-beanbag\1.1.0\smallrye-beanbag-1.1.0.jar;C:\Users\Gabriel\.m2\repository\javax\inject\javax.inject\1\javax.inject-1.jar;C:\Users\Gabriel\.m2\repository\org\apache\maven\maven-artifact\3.9.1\maven-artifact-3.9.1.jar;C:\Users\Gabriel\.m2\repository\org\apache\maven\maven-builder-support\3.9.1\maven-builder-support-3.9.1.jar;C:\Users\Gabriel\.m2\repository\org\apache\maven\maven-model\3.9.1\maven-model-3.9.1.jar;C:\Users\Gabriel\.m2\repository\org\apache\maven\maven-model-builder\3.9.1\maven-model-builder-3.9.1.jar;C:\Users\Gabriel\.m2\repository\org\apache\maven\maven-repository-metadata\3.9.1\maven-repository-metadata-3.9.1.jar;C:\Users\Gabriel\.m2\repository\org\apache\maven\maven-settings\3.9.1\maven-settings-3.9.1.jar;C:\Users\Gabriel\.m2\repository\org\apache\maven\resolver\maven-resolver-api\1.9.7\maven-resolver-api-1.9.7.jar;C:\Users\Gabriel\.m2\repository\org\apache\maven\resolver\maven-resolver-impl\1.9.7\maven-resolver-impl-1.9.7.jar;C:\Users\Gabriel\.m2\repository\org\apache\maven\resolver\maven-resolver-named-locks\1.9.7\maven-resolver-named-locks-1.9.7.jar;C:\Users\Gabriel\.m2\repository\org\apache\maven\resolver\maven-resolver-spi\1.9.7\maven-resolver-spi-1.9.7.jar;C:\Users\Gabriel\.m2\repository\org\apache\maven\resolver\maven-resolver-util\1.9.7\maven-resolver-util-1.9.7.jar;C:\Users\Gabriel\.m2\repository\org\apache\maven\wagon\wagon-provider-api\3.5.3\wagon-provider-api-3.5.3.jar;C:\Users\Gabriel\.m2\repository\org\apache\maven\wagon\wagon-http-lightweight\3.5.3\wagon-http-lightweight-3.5.3.jar;C:\Users\Gabriel\.m2\repository\org\apache\maven\wagon\wagon-http-shared\3.5.3\wagon-http-shared-3.5.3.jar;C:\Users\Gabriel\.m2\repository\org\codehaus\plexus\plexus-interpolation\1.26\plexus-interpolation-1.26.jar;C:\Users\Gabriel\.m2\repository\org\codehaus\plexus\plexus-utils\3.5.1\plexus-utils-3.5.1.jar;C:\Users\Gabriel\.m2\repository\org\sonatype\plexus\plexus-cipher\1.7\plexus-cipher-1.7.jar;C:\Users\Gabriel\.m2\repository\org\sonatype\plexus\plexus-sec-dispatcher\1.4\plexus-sec-dispatcher-1.4.jar;C:\Users\Gabriel\.m2\repository\org\apache\maven\maven-embedder\3.9.1\maven-embedder-3.9.1.jar;C:\Users\Gabriel\.m2\repository\org\apache\maven\maven-core\3.9.1\maven-core-3.9.1.jar;C:\Users\Gabriel\.m2\repository\org\codehaus\plexus\plexus-component-annotations\2.1.0\plexus-component-annotations-2.1.0.jar;C:\Users\Gabriel\.m2\repository\org\apache\maven\maven-plugin-api\3.9.1\maven-plugin-api-3.9.1.jar;C:\Users\Gabriel\.m2\repository\org\apache\maven\shared\maven-shared-utils\3.3.4\maven-shared-utils-3.3.4.jar;C:\Users\Gabriel\.m2\repository\com\google\inject\guice\5.1.0\guice-5.1.0.jar;C:\Users\Gabriel\.m2\repository\aopalliance\aopalliance\1.0\aopalliance-1.0.jar;C:\Users\Gabriel\.m2\repository\com\google\guava\guava\31.1-jre\guava-31.1-jre.jar;C:\Users\Gabriel\.m2\repository\com\google\guava\failureaccess\1.0.1\failureaccess-1.0.1.jar;C:\Users\Gabriel\.m2\repository\javax\annotation\javax.annotation-api\1.3.2\javax.annotation-api-1.3.2.jar;C:\Users\Gabriel\.m2\repository\org\codehaus\plexus\plexus-classworlds\2.6.0\plexus-classworlds-2.6.0.jar;C:\Users\Gabriel\.m2\repository\org\codehaus\plexus\plexus-sec-dispatcher\2.0\plexus-sec-dispatcher-2.0.jar;C:\Users\Gabriel\.m2\repository\org\codehaus\plexus\plexus-cipher\2.0\plexus-cipher-2.0.jar;C:\Users\Gabriel\.m2\repository\commons-cli\commons-cli\1.4\commons-cli-1.4.jar;C:\Users\Gabriel\.m2\repository\org\eclipse\sisu\org.eclipse.sisu.plexus\0.3.5\org.eclipse.sisu.plexus-0.3.5.jar;C:\Users\Gabriel\.m2\repository\org\apache\maven\maven-settings-builder\3.9.1\maven-settings-builder-3.9.1.jar;C:\Users\Gabriel\.m2\repository\org\apache\maven\maven-resolver-provider\3.9.1\maven-resolver-provider-3.9.1.jar;C:\Users\Gabriel\.m2\repository\org\apache\maven\resolver\maven-resolver-connector-basic\1.9.7\maven-resolver-connector-basic-1.9.7.jar;C:\Users\Gabriel\.m2\repository\org\apache\maven\resolver\maven-resolver-transport-wagon\1.9.7\maven-resolver-transport-wagon-1.9.7.jar;C:\Users\Gabriel\.m2\repository\org\apache\maven\wagon\wagon-http\3.5.3\wagon-http-3.5.3.jar;C:\Users\Gabriel\.m2\repository\org\apache\maven\wagon\wagon-file\3.5.3\wagon-file-3.5.3.jar;C:\Users\Gabriel\.m2\repository\io\quarkus\quarkus-bootstrap-gradle-resolver\3.0.4.Final\quarkus-bootstrap-gradle-resolver-3.0.4.Final.jar;C:\Users\Gabriel\.m2\repository\commons-io\commons-io\2.11.0\commons-io-2.11.0.jar;C:\Users\Gabriel\.m2\repository\org\jboss\logging\commons-logging-jboss-logging\1.0.0.Final\commons-logging-jboss-logging-1.0.0.Final.jar;C:\Users\Gabriel\.m2\repository\io\quarkus\quarkus-junit5-properties\3.0.4.Final\quarkus-junit5-properties-3.0.4.Final.jar;C:\Users\Gabriel\.m2\repository\org\junit\jupiter\junit-jupiter\5.9.2\junit-jupiter-5.9.2.jar;C:\Users\Gabriel\.m2\repository\org\junit\jupiter\junit-jupiter-api\5.9.2\junit-jupiter-api-5.9.2.jar;C:\Users\Gabriel\.m2\repository\org\opentest4j\opentest4j\1.2.0\opentest4j-1.2.0.jar;C:\Users\Gabriel\.m2\repository\org\junit\platform\junit-platform-commons\1.9.2\junit-platform-commons-1.9.2.jar;C:\Users\Gabriel\.m2\repository\org\apiguardian\apiguardian-api\1.1.2\apiguardian-api-1.1.2.jar;C:\Users\Gabriel\.m2\repository\org\junit\jupiter\junit-jupiter-params\5.9.2\junit-jupiter-params-5.9.2.jar;C:\Users\Gabriel\.m2\repository\org\junit\jupiter\junit-jupiter-engine\5.9.2\junit-jupiter-engine-5.9.2.jar;C:\Users\Gabriel\.m2\repository\org\junit\platform\junit-platform-engine\1.9.2\junit-platform-engine-1.9.2.jar;C:\Users\Gabriel\.m2\repository\com\thoughtworks\xstream\xstream\1.4.20\xstream-1.4.20.jar;C:\Users\Gabriel\.m2\repository\io\github\x-stream\mxparser\1.2.2\mxparser-1.2.2.jar;C:\Users\Gabriel\.m2\repository\xmlpull\xmlpull\1.1.3.1\xmlpull-1.1.3.1.jar;C:\Users\Gabriel\.m2\repository\io\rest-assured\rest-assured\5.3.0\rest-assured-5.3.0.jar;C:\Users\Gabriel\.m2\repository\org\apache\groovy\groovy\4.0.6\groovy-4.0.6.jar;C:\Users\Gabriel\.m2\repository\org\apache\groovy\groovy-xml\4.0.6\groovy-xml-4.0.6.jar;C:\Users\Gabriel\.m2\repository\org\apache\httpcomponents\httpclient\4.5.14\httpclient-4.5.14.jar;C:\Users\Gabriel\.m2\repository\org\apache\httpcomponents\httpcore\4.4.16\httpcore-4.4.16.jar;C:\Users\Gabriel\.m2\repository\commons-codec\commons-codec\1.15\commons-codec-1.15.jar;C:\Users\Gabriel\.m2\repository\org\apache\httpcomponents\httpmime\4.5.14\httpmime-4.5.14.jar;C:\Users\Gabriel\.m2\repository\org\ccil\cowan\tagsoup\tagsoup\1.2.1\tagsoup-1.2.1.jar;C:\Users\Gabriel\.m2\repository\io\rest-assured\json-path\5.3.0\json-path-5.3.0.jar;C:\Users\Gabriel\.m2\repository\org\apache\groovy\groovy-json\4.0.6\groovy-json-4.0.6.jar;C:\Users\Gabriel\.m2\repository\io\rest-assured\rest-assured-common\5.3.0\rest-assured-common-5.3.0.jar;C:\Users\Gabriel\.m2\repository\io\rest-assured\xml-path\5.3.0\xml-path-5.3.0.jar;C:\Users\Gabriel\.m2\repository\org\apache\commons\commons-lang3\3.12.0\commons-lang3-3.12.0.jar;C:\Users\Gabriel\.m2\repository\io\quarkus\quarkus-mongodb-panache\3.0.4.Final\quarkus-mongodb-panache-3.0.4.Final.jar;C:\Users\Gabriel\.m2\repository\io\quarkus\quarkus-panache-common\3.0.4.Final\quarkus-panache-common-3.0.4.Final.jar;C:\Users\Gabriel\.m2\repository\io\quarkus\quarkus-mongodb-panache-common\3.0.4.Final\quarkus-mongodb-panache-common-3.0.4.Final.jar;C:\Users\Gabriel\.m2\repository\io\quarkus\quarkus-panacheql\3.0.4.Final\quarkus-panacheql-3.0.4.Final.jar;C:\Users\Gabriel\.m2\repository\org\antlr\antlr4-runtime\4.10.1\antlr4-runtime-4.10.1.jar;C:\Users\Gabriel\.m2\repository\io\quarkus\quarkus-narayana-jta\3.0.4.Final\quarkus-narayana-jta-3.0.4.Final.jar;C:\Users\Gabriel\.m2\repository\io\quarkus\quarkus-transaction-annotations\3.0.4.Final\quarkus-transaction-annotations-3.0.4.Final.jar;C:\Users\Gabriel\.m2\repository\io\smallrye\smallrye-context-propagation-jta\2.1.0\smallrye-context-propagation-jta-2.1.0.jar;C:\Users\Gabriel\.m2\repository\io\smallrye\reactive\smallrye-reactive-converter-api\3.0.0\smallrye-reactive-converter-api-3.0.0.jar;C:\Users\Gabriel\.m2\repository\io\smallrye\reactive\smallrye-reactive-converter-mutiny\3.0.0\smallrye-reactive-converter-mutiny-3.0.0.jar;C:\Users\Gabriel\.m2\repository\org\jboss\narayana\jta\narayana-jta\6.0.1.Final\narayana-jta-6.0.1.Final.jar;C:\Users\Gabriel\.m2\repository\org\jboss\jboss-transaction-spi\8.0.0.Final\jboss-transaction-spi-8.0.0.Final.jar;C:\Users\Gabriel\.m2\repository\jakarta\resource\jakarta.resource-api\2.0.0\jakarta.resource-api-2.0.0.jar;C:\Users\Gabriel\.m2\repository\org\jboss\invocation\jboss-invocation\2.0.0.Final\jboss-invocation-2.0.0.Final.jar;C:\Users\Gabriel\.m2\repository\jakarta\ejb\jakarta.ejb-api\4.0.1\jakarta.ejb-api-4.0.1.jar;C:\Users\Gabriel\.m2\repository\org\jboss\narayana\jts\narayana-jts-integration\6.0.1.Final\narayana-jts-integration-6.0.1.Final.jar;C:\Users\Gabriel\.m2\repository\io\quarkus\quarkus-redis-client\3.0.4.Final\quarkus-redis-client-3.0.4.Final.jar;C:\Users\Gabriel\.m2\repository\io\quarkus\quarkus-vertx\3.0.4.Final\quarkus-vertx-3.0.4.Final.jar;C:\Users\Gabriel\.m2\repository\io\quarkus\quarkus-netty\3.0.4.Final\quarkus-netty-3.0.4.Final.jar;C:\Users\Gabriel\.m2\repository\io\netty\netty-codec-http\4.1.90.Final\netty-codec-http-4.1.90.Final.jar;C:\Users\Gabriel\.m2\repository\io\netty\netty-codec-http2\4.1.90.Final\netty-codec-http2-4.1.90.Final.jar;C:\Users\Gabriel\.m2\repository\com\aayushatharva\brotli4j\brotli4j\1.11.0\brotli4j-1.11.0.jar;C:\Users\Gabriel\.m2\repository\com\aayushatharva\brotli4j\service\1.11.0\service-1.11.0.jar;C:\Users\Gabriel\.m2\repository\com\aayushatharva\brotli4j\native-windows-x86_64\1.11.0\native-windows-x86_64-1.11.0.jar;C:\Users\Gabriel\.m2\repository\io\netty\netty-codec-haproxy\4.1.90.Final\netty-codec-haproxy-4.1.90.Final.jar;C:\Users\Gabriel\.m2\repository\io\smallrye\common\smallrye-common-annotation\2.1.0\smallrye-common-annotation-2.1.0.jar;C:\Users\Gabriel\.m2\repository\io\quarkus\quarkus-vertx-latebound-mdc-provider\3.0.4.Final\quarkus-vertx-latebound-mdc-provider-3.0.4.Final.jar;C:\Users\Gabriel\.m2\repository\io\smallrye\reactive\smallrye-mutiny-vertx-core\3.3.0\smallrye-mutiny-vertx-core-3.3.0.jar;C:\Users\Gabriel\.m2\repository\io\smallrye\reactive\smallrye-mutiny-vertx-runtime\3.3.0\smallrye-mutiny-vertx-runtime-3.3.0.jar;C:\Users\Gabriel\.m2\repository\io\smallrye\reactive\vertx-mutiny-generator\3.3.0\vertx-mutiny-generator-3.3.0.jar;C:\Users\Gabriel\.m2\repository\io\vertx\vertx-codegen\4.4.1\vertx-codegen-4.4.1.jar;C:\Users\Gabriel\.m2\repository\io\smallrye\smallrye-fault-tolerance-vertx\6.2.2\smallrye-fault-tolerance-vertx-6.2.2.jar;C:\Users\Gabriel\.m2\repository\io\quarkus\quarkus-jackson\3.0.4.Final\quarkus-jackson-3.0.4.Final.jar;C:\Users\Gabriel\.m2\repository\com\fasterxml\jackson\datatype\jackson-datatype-jsr310\2.14.2\jackson-datatype-jsr310-2.14.2.jar;C:\Users\Gabriel\.m2\repository\com\fasterxml\jackson\datatype\jackson-datatype-jdk8\2.14.2\jackson-datatype-jdk8-2.14.2.jar;C:\Users\Gabriel\.m2\repository\com\fasterxml\jackson\module\jackson-module-parameter-names\2.14.2\jackson-module-parameter-names-2.14.2.jar;C:\Users\Gabriel\.m2\repository\io\smallrye\reactive\smallrye-mutiny-vertx-redis-client\3.3.0\smallrye-mutiny-vertx-redis-client-3.3.0.jar;C:\Users\Gabriel\.m2\repository\io\vertx\vertx-redis-client\4.4.1\vertx-redis-client-4.4.1.jar;C:\Users\Gabriel\.m2\repository\org\hibernate\validator\hibernate-validator\8.0.0.Final\hibernate-validator-8.0.0.Final.jar;C:\Users\Gabriel\.m2\repository\org\jboss\logging\jboss-logging\3.5.0.Final\jboss-logging-3.5.0.Final.jar;C:\Users\Gabriel\.m2\repository\com\fasterxml\classmate\1.5.1\classmate-1.5.1.jar;C:\Users\Gabriel\.m2\repository\io\quarkus\quarkus-mongodb-client\3.0.4.Final\quarkus-mongodb-client-3.0.4.Final.jar;C:\Users\Gabriel\.m2\repository\io\quarkus\quarkus-mutiny\3.0.4.Final\quarkus-mutiny-3.0.4.Final.jar;C:\Users\Gabriel\.m2\repository\io\smallrye\reactive\mutiny\2.1.0\mutiny-2.1.0.jar;C:\Users\Gabriel\.m2\repository\io\quarkus\quarkus-smallrye-context-propagation\3.0.4.Final\quarkus-smallrye-context-propagation-3.0.4.Final.jar;C:\Users\Gabriel\.m2\repository\io\smallrye\smallrye-context-propagation\2.1.0\smallrye-context-propagation-2.1.0.jar;C:\Users\Gabriel\.m2\repository\io\smallrye\smallrye-context-propagation-api\2.1.0\smallrye-context-propagation-api-2.1.0.jar;C:\Users\Gabriel\.m2\repository\io\smallrye\smallrye-context-propagation-storage\2.1.0\smallrye-context-propagation-storage-2.1.0.jar;C:\Users\Gabriel\.m2\repository\io\smallrye\reactive\mutiny-smallrye-context-propagation\2.1.0\mutiny-smallrye-context-propagation-2.1.0.jar;C:\Users\Gabriel\.m2\repository\io\smallrye\reactive\mutiny-zero-flow-adapters\1.0.0\mutiny-zero-flow-adapters-1.0.0.jar;C:\Users\Gabriel\.m2\repository\io\quarkus\quarkus-mutiny-reactive-streams-operators\3.0.4.Final\quarkus-mutiny-reactive-streams-operators-3.0.4.Final.jar;C:\Users\Gabriel\.m2\repository\org\eclipse\microprofile\reactive-streams-operators\microprofile-reactive-streams-operators-api\3.0\microprofile-reactive-streams-operators-api-3.0.jar;C:\Users\Gabriel\.m2\repository\org\eclipse\microprofile\reactive-streams-operators\microprofile-reactive-streams-operators-core\3.0\microprofile-reactive-streams-operators-core-3.0.jar;C:\Users\Gabriel\.m2\repository\io\smallrye\reactive\mutiny-reactive-streams-operators\2.1.0\mutiny-reactive-streams-operators-2.1.0.jar;C:\Users\Gabriel\.m2\repository\org\mongodb\mongodb-driver-sync\4.9.1\mongodb-driver-sync-4.9.1.jar;C:\Users\Gabriel\.m2\repository\org\mongodb\bson\4.9.1\bson-4.9.1.jar;C:\Users\Gabriel\.m2\repository\org\mongodb\mongodb-driver-core\4.9.1\mongodb-driver-core-4.9.1.jar;C:\Users\Gabriel\.m2\repository\org\mongodb\bson-record-codec\4.9.1\bson-record-codec-4.9.1.jar;C:\Users\Gabriel\.m2\repository\org\mongodb\mongodb-driver-reactivestreams\4.9.1\mongodb-driver-reactivestreams-4.9.1.jar;C:\Users\Gabriel\.m2\repository\org\mongodb\mongodb-crypt\1.7.3\mongodb-crypt-1.7.3.jar;C:\Users\Gabriel\.m2\repository\net\java\dev\jna\jna\5.8.0\jna-5.8.0.jar;"/>
    <property name="java.vm.vendor" value="Microsoft"/>
    <property name="sun.arch.data.model" value="64"/>
    <property name="user.variant" value=""/>
    <property name="java.vendor.url" value="https://www.microsoft.com"/>
    <property name="user.timezone" value="Europe/Paris"/>
    <property name="logging.initial-configurator.min-level" value="500"/>
    <property name="os.name" value="Windows 10"/>
    <property name="java.vm.specification.version" value="17"/>
    <property name="sun.java.launcher" value="SUN_STANDARD"/>
    <property name="user.country" value="FR"/>
    <property name="mp.openapi.extensions.smallrye.defaultProduces" value="application/json"/>
    <property name="sun.boot.library.path" value="C:\Program Files\Microsoft\jdk-17.0.14.7-hotspot\bin"/>
    <property name="sun.java.command" value="C:\Users\Gabriel\AppData\Local\Temp\surefire4244468203097620454\surefirebooter-20250412231152962_31.jar C:\Users\Gabriel\AppData\Local\Temp\surefire4244468203097620454 2025-04-12T23-11-01_223-jvmRun1 surefire-20250412231152962_29tmp surefire_2-20250412231152962_30tmp"/>
    <property name="jdk.debug" value="release"/>
    <property name="maven.home" value="C:\apache-maven-3.9.7"/>
    <property name="surefire.test.class.path" value="C:\Users\Gabriel\dev\epitweeet\repo-social\target\test-classes;C:\Users\Gabriel\dev\epitweeet\repo-social\target\classes;C:\Users\Gabriel\.m2\repository\io\quarkiverse\neo4j\quarkus-neo4j\3.0.3\quarkus-neo4j-3.0.3.jar;C:\Users\Gabriel\.m2\repository\io\quarkus\quarkus-arc\3.0.4.Final\quarkus-arc-3.0.4.Final.jar;C:\Users\Gabriel\.m2\repository\io\quarkus\arc\arc\3.0.4.Final\arc-3.0.4.Final.jar;C:\Users\Gabriel\.m2\repository\jakarta\transaction\jakarta.transaction-api\2.0.1\jakarta.transaction-api-2.0.1.jar;C:\Users\Gabriel\.m2\repository\org\eclipse\microprofile\context-propagation\microprofile-context-propagation-api\1.3\microprofile-context-propagation-api-1.3.jar;C:\Users\Gabriel\.m2\repository\org\neo4j\driver\neo4j-java-driver\5.8.0\neo4j-java-driver-5.8.0.jar;C:\Users\Gabriel\.m2\repository\org\reactivestreams\reactive-streams\1.0.4\reactive-streams-1.0.4.jar;C:\Users\Gabriel\.m2\repository\io\netty\netty-handler\4.1.90.Final\netty-handler-4.1.90.Final.jar;C:\Users\Gabriel\.m2\repository\io\netty\netty-common\4.1.90.Final\netty-common-4.1.90.Final.jar;C:\Users\Gabriel\.m2\repository\io\netty\netty-resolver\4.1.90.Final\netty-resolver-4.1.90.Final.jar;C:\Users\Gabriel\.m2\repository\io\netty\netty-buffer\4.1.90.Final\netty-buffer-4.1.90.Final.jar;C:\Users\Gabriel\.m2\repository\io\netty\netty-transport\4.1.90.Final\netty-transport-4.1.90.Final.jar;C:\Users\Gabriel\.m2\repository\io\netty\netty-transport-native-unix-common\4.1.90.Final\netty-transport-native-unix-common-4.1.90.Final.jar;C:\Users\Gabriel\.m2\repository\io\netty\netty-codec\4.1.90.Final\netty-codec-4.1.90.Final.jar;C:\Users\Gabriel\.m2\repository\io\netty\netty-tcnative-classes\2.0.59.Final\netty-tcnative-classes-2.0.59.Final.jar;C:\Users\Gabriel\.m2\repository\io\projectreactor\reactor-core\3.5.5\reactor-core-3.5.5.jar;C:\Users\Gabriel\dev\epitweeet\common-tools\target\common-tools-1.0.0.jar;C:\Users\Gabriel\.m2\repository\io\quarkus\quarkus-core\3.0.4.Final\quarkus-core-3.0.4.Final.jar;C:\Users\Gabriel\.m2\repository\jakarta\annotation\jakarta.annotation-api\2.1.1\jakarta.annotation-api-2.1.1.jar;C:\Users\Gabriel\.m2\repository\jakarta\enterprise\jakarta.enterprise.cdi-api\4.0.1\jakarta.enterprise.cdi-api-4.0.1.jar;C:\Users\Gabriel\.m2\repository\jakarta\enterprise\jakarta.enterprise.lang-model\4.0.1\jakarta.enterprise.lang-model-4.0.1.jar;C:\Users\Gabriel\.m2\repository\jakarta\el\jakarta.el-api\5.0.1\jakarta.el-api-5.0.1.jar;C:\Users\Gabriel\.m2\repository\jakarta\interceptor\jakarta.interceptor-api\2.1.0\jakarta.interceptor-api-2.1.0.jar;C:\Users\Gabriel\.m2\repository\jakarta\inject\jakarta.inject-api\2.0.1\jakarta.inject-api-2.0.1.jar;C:\Users\Gabriel\.m2\repository\io\smallrye\common\smallrye-common-os\2.1.0\smallrye-common-os-2.1.0.jar;C:\Users\Gabriel\.m2\repository\io\quarkus\quarkus-ide-launcher\3.0.4.Final\quarkus-ide-launcher-3.0.4.Final.jar;C:\Users\Gabriel\.m2\repository\io\quarkus\quarkus-development-mode-spi\3.0.4.Final\quarkus-development-mode-spi-3.0.4.Final.jar;C:\Users\Gabriel\.m2\repository\io\smallrye\config\smallrye-config\3.2.1\smallrye-config-3.2.1.jar;C:\Users\Gabriel\.m2\repository\io\smallrye\config\smallrye-config-core\3.2.1\smallrye-config-core-3.2.1.jar;C:\Users\Gabriel\.m2\repository\io\smallrye\common\smallrye-common-expression\2.1.0\smallrye-common-expression-2.1.0.jar;C:\Users\Gabriel\.m2\repository\io\smallrye\common\smallrye-common-function\2.1.0\smallrye-common-function-2.1.0.jar;C:\Users\Gabriel\.m2\repository\io\smallrye\common\smallrye-common-classloader\2.1.0\smallrye-common-classloader-2.1.0.jar;C:\Users\Gabriel\.m2\repository\io\smallrye\config\smallrye-config-common\3.2.1\smallrye-config-common-3.2.1.jar;C:\Users\Gabriel\.m2\repository\org\jboss\logmanager\jboss-logmanager-embedded\1.1.1\jboss-logmanager-embedded-1.1.1.jar;C:\Users\Gabriel\.m2\repository\org\jboss\logging\jboss-logging-annotations\2.2.1.Final\jboss-logging-annotations-2.2.1.Final.jar;C:\Users\Gabriel\.m2\repository\org\jboss\threads\jboss-threads\3.5.0.Final\jboss-threads-3.5.0.Final.jar;C:\Users\Gabriel\.m2\repository\org\slf4j\slf4j-api\2.0.6\slf4j-api-2.0.6.jar;C:\Users\Gabriel\.m2\repository\org\jboss\slf4j\slf4j-jboss-logmanager\2.0.0.Final\slf4j-jboss-logmanager-2.0.0.Final.jar;C:\Users\Gabriel\.m2\repository\org\graalvm\sdk\graal-sdk\22.3.0\graal-sdk-22.3.0.jar;C:\Users\Gabriel\.m2\repository\org\wildfly\common\wildfly-common\1.5.4.Final-format-001\wildfly-common-1.5.4.Final-format-001.jar;C:\Users\Gabriel\.m2\repository\io\quarkus\quarkus-bootstrap-runner\3.0.4.Final\quarkus-bootstrap-runner-3.0.4.Final.jar;C:\Users\Gabriel\.m2\repository\io\quarkus\quarkus-fs-util\0.0.9\quarkus-fs-util-0.0.9.jar;C:\Users\Gabriel\.m2\repository\com\fasterxml\jackson\core\jackson-databind\2.14.2\jackson-databind-2.14.2.jar;C:\Users\Gabriel\.m2\repository\com\fasterxml\jackson\core\jackson-annotations\2.14.2\jackson-annotations-2.14.2.jar;C:\Users\Gabriel\.m2\repository\com\fasterxml\jackson\core\jackson-core\2.14.2\jackson-core-2.14.2.jar;C:\Users\Gabriel\.m2\repository\jakarta\validation\jakarta.validation-api\3.0.2\jakarta.validation-api-3.0.2.jar;C:\Users\Gabriel\dev\epitweeet\repo-post\target\repo-post-1.0.0-SNAPSHOT.jar;C:\Users\Gabriel\dev\epitweeet\srvc-user\target\srvc-user-1.0.0-SNAPSHOT.jar;C:\Users\Gabriel\.m2\repository\org\awaitility\awaitility\4.2.0\awaitility-4.2.0.jar;C:\Users\Gabriel\.m2\repository\org\hamcrest\hamcrest\2.1\hamcrest-2.1.jar;C:\Users\Gabriel\.m2\repository\io\quarkus\quarkus-resteasy-reactive-jackson\3.0.4.Final\quarkus-resteasy-reactive-jackson-3.0.4.Final.jar;C:\Users\Gabriel\.m2\repository\io\quarkus\quarkus-resteasy-reactive\3.0.4.Final\quarkus-resteasy-reactive-3.0.4.Final.jar;C:\Users\Gabriel\.m2\repository\io\quarkus\quarkus-resteasy-reactive-common\3.0.4.Final\quarkus-resteasy-reactive-common-3.0.4.Final.jar;C:\Users\Gabriel\.m2\repository\io\quarkus\resteasy\reactive\resteasy-reactive-common\3.0.4.Final\resteasy-reactive-common-3.0.4.Final.jar;C:\Users\Gabriel\.m2\repository\io\quarkus\resteasy\reactive\resteasy-reactive-common-types\3.0.4.Final\resteasy-reactive-common-types-3.0.4.Final.jar;C:\Users\Gabriel\.m2\repository\io\quarkus\resteasy\reactive\resteasy-reactive-vertx\3.0.4.Final\resteasy-reactive-vertx-3.0.4.Final.jar;C:\Users\Gabriel\.m2\repository\io\quarkus\resteasy\reactive\resteasy-reactive\3.0.4.Final\resteasy-reactive-3.0.4.Final.jar;C:\Users\Gabriel\.m2\repository\jakarta\ws\rs\jakarta.ws.rs-api\3.1.0\jakarta.ws.rs-api-3.1.0.jar;C:\Users\Gabriel\.m2\repository\jakarta\xml\bind\jakarta.xml.bind-api\4.0.0\jakarta.xml.bind-api-4.0.0.jar;C:\Users\Gabriel\.m2\repository\jakarta\activation\jakarta.activation-api\2.1.1\jakarta.activation-api-2.1.1.jar;C:\Users\Gabriel\.m2\repository\io\quarkus\quarkus-jsonp\3.0.4.Final\quarkus-jsonp-3.0.4.Final.jar;C:\Users\Gabriel\.m2\repository\org\eclipse\parsson\parsson\1.1.1\parsson-1.1.1.jar;C:\Users\Gabriel\.m2\repository\jakarta\json\jakarta.json-api\2.1.1\jakarta.json-api-2.1.1.jar;C:\Users\Gabriel\.m2\repository\io\quarkus\quarkus-resteasy-reactive-jackson-common\3.0.4.Final\quarkus-resteasy-reactive-jackson-common-3.0.4.Final.jar;C:\Users\Gabriel\.m2\repository\io\quarkus\resteasy\reactive\resteasy-reactive-jackson\3.0.4.Final\resteasy-reactive-jackson-3.0.4.Final.jar;C:\Users\Gabriel\.m2\repository\io\quarkus\quarkus-smallrye-openapi\3.0.4.Final\quarkus-smallrye-openapi-3.0.4.Final.jar;C:\Users\Gabriel\.m2\repository\io\smallrye\smallrye-open-api-core\3.3.4\smallrye-open-api-core-3.3.4.jar;C:\Users\Gabriel\.m2\repository\org\eclipse\microprofile\openapi\microprofile-openapi-api\3.1\microprofile-openapi-api-3.1.jar;C:\Users\Gabriel\.m2\repository\org\eclipse\microprofile\config\microprofile-config-api\3.0.3\microprofile-config-api-3.0.3.jar;C:\Users\Gabriel\.m2\repository\com\fasterxml\jackson\dataformat\jackson-dataformat-yaml\2.14.2\jackson-dataformat-yaml-2.14.2.jar;C:\Users\Gabriel\.m2\repository\org\yaml\snakeyaml\2.0\snakeyaml-2.0.jar;C:\Users\Gabriel\.m2\repository\io\smallrye\jandex\3.0.5\jandex-3.0.5.jar;C:\Users\Gabriel\.m2\repository\io\quarkus\quarkus-vertx-http\3.0.4.Final\quarkus-vertx-http-3.0.4.Final.jar;C:\Users\Gabriel\.m2\repository\io\quarkus\quarkus-security-runtime-spi\3.0.4.Final\quarkus-security-runtime-spi-3.0.4.Final.jar;C:\Users\Gabriel\.m2\repository\io\quarkus\quarkus-credentials\3.0.4.Final\quarkus-credentials-3.0.4.Final.jar;C:\Users\Gabriel\.m2\repository\io\smallrye\common\smallrye-common-vertx-context\2.1.0\smallrye-common-vertx-context-2.1.0.jar;C:\Users\Gabriel\.m2\repository\io\vertx\vertx-core\4.4.1\vertx-core-4.4.1.jar;C:\Users\Gabriel\.m2\repository\io\netty\netty-handler-proxy\4.1.90.Final\netty-handler-proxy-4.1.90.Final.jar;C:\Users\Gabriel\.m2\repository\io\netty\netty-codec-socks\4.1.90.Final\netty-codec-socks-4.1.90.Final.jar;C:\Users\Gabriel\.m2\repository\io\netty\netty-resolver-dns\4.1.90.Final\netty-resolver-dns-4.1.90.Final.jar;C:\Users\Gabriel\.m2\repository\io\netty\netty-codec-dns\4.1.90.Final\netty-codec-dns-4.1.90.Final.jar;C:\Users\Gabriel\.m2\repository\io\smallrye\common\smallrye-common-constraint\2.1.0\smallrye-common-constraint-2.1.0.jar;C:\Users\Gabriel\.m2\repository\io\quarkus\quarkus-vertx-http-dev-console-runtime-spi\3.0.4.Final\quarkus-vertx-http-dev-console-runtime-spi-3.0.4.Final.jar;C:\Users\Gabriel\.m2\repository\io\quarkus\security\quarkus-security\2.0.2.Final\quarkus-security-2.0.2.Final.jar;C:\Users\Gabriel\.m2\repository\io\smallrye\reactive\smallrye-mutiny-vertx-web\3.3.0\smallrye-mutiny-vertx-web-3.3.0.jar;C:\Users\Gabriel\.m2\repository\io\smallrye\reactive\smallrye-mutiny-vertx-web-common\3.3.0\smallrye-mutiny-vertx-web-common-3.3.0.jar;C:\Users\Gabriel\.m2\repository\io\smallrye\reactive\smallrye-mutiny-vertx-auth-common\3.3.0\smallrye-mutiny-vertx-auth-common-3.3.0.jar;C:\Users\Gabriel\.m2\repository\io\smallrye\reactive\smallrye-mutiny-vertx-bridge-common\3.3.0\smallrye-mutiny-vertx-bridge-common-3.3.0.jar;C:\Users\Gabriel\.m2\repository\io\smallrye\reactive\smallrye-mutiny-vertx-uri-template\3.3.0\smallrye-mutiny-vertx-uri-template-3.3.0.jar;C:\Users\Gabriel\.m2\repository\io\vertx\vertx-uri-template\4.4.1\vertx-uri-template-4.4.1.jar;C:\Users\Gabriel\.m2\repository\io\vertx\vertx-web\4.4.1\vertx-web-4.4.1.jar;C:\Users\Gabriel\.m2\repository\io\vertx\vertx-web-common\4.4.1\vertx-web-common-4.4.1.jar;C:\Users\Gabriel\.m2\repository\io\vertx\vertx-auth-common\4.4.1\vertx-auth-common-4.4.1.jar;C:\Users\Gabriel\.m2\repository\io\vertx\vertx-bridge-common\4.4.1\vertx-bridge-common-4.4.1.jar;C:\Users\Gabriel\.m2\repository\io\github\crac\org-crac\0.1.3\org-crac-0.1.3.jar;C:\Users\Gabriel\.m2\repository\io\quarkus\quarkus-swagger-ui\3.0.4.Final\quarkus-swagger-ui-3.0.4.Final.jar;C:\Users\Gabriel\.m2\repository\org\projectlombok\lombok\1.18.28\lombok-1.18.28.jar;C:\Users\Gabriel\.m2\repository\io\quarkus\quarkus-junit5\3.0.4.Final\quarkus-junit5-3.0.4.Final.jar;C:\Users\Gabriel\.m2\repository\io\quarkus\quarkus-bootstrap-core\3.0.4.Final\quarkus-bootstrap-core-3.0.4.Final.jar;C:\Users\Gabriel\.m2\repository\io\quarkus\quarkus-bootstrap-app-model\3.0.4.Final\quarkus-bootstrap-app-model-3.0.4.Final.jar;C:\Users\Gabriel\.m2\repository\io\smallrye\common\smallrye-common-io\2.1.0\smallrye-common-io-2.1.0.jar;C:\Users\Gabriel\.m2\repository\org\eclipse\sisu\org.eclipse.sisu.inject\0.3.5\org.eclipse.sisu.inject-0.3.5.jar;C:\Users\Gabriel\.m2\repository\io\quarkus\quarkus-test-common\3.0.4.Final\quarkus-test-common-3.0.4.Final.jar;C:\Users\Gabriel\.m2\repository\io\quarkus\quarkus-core-deployment\3.0.4.Final\quarkus-core-deployment-3.0.4.Final.jar;C:\Users\Gabriel\.m2\repository\org\aesh\readline\2.4\readline-2.4.jar;C:\Users\Gabriel\.m2\repository\org\fusesource\jansi\jansi\2.4.0\jansi-2.4.0.jar;C:\Users\Gabriel\.m2\repository\org\aesh\aesh\2.7\aesh-2.7.jar;C:\Users\Gabriel\.m2\repository\io\quarkus\gizmo\gizmo\1.6.1.Final\gizmo-1.6.1.Final.jar;C:\Users\Gabriel\.m2\repository\org\ow2\asm\asm-util\9.5\asm-util-9.5.jar;C:\Users\Gabriel\.m2\repository\org\ow2\asm\asm-analysis\9.5\asm-analysis-9.5.jar;C:\Users\Gabriel\.m2\repository\org\ow2\asm\asm\9.5\asm-9.5.jar;C:\Users\Gabriel\.m2\repository\org\ow2\asm\asm-commons\9.5\asm-commons-9.5.jar;C:\Users\Gabriel\.m2\repository\org\ow2\asm\asm-tree\9.5\asm-tree-9.5.jar;C:\Users\Gabriel\.m2\repository\io\quarkus\quarkus-class-change-agent\3.0.4.Final\quarkus-class-change-agent-3.0.4.Final.jar;C:\Users\Gabriel\.m2\repository\io\quarkus\quarkus-devtools-utilities\3.0.4.Final\quarkus-devtools-utilities-3.0.4.Final.jar;C:\Users\Gabriel\.m2\repository\io\quarkus\quarkus-builder\3.0.4.Final\quarkus-builder-3.0.4.Final.jar;C:\Users\Gabriel\.m2\repository\org\junit\platform\junit-platform-launcher\1.9.2\junit-platform-launcher-1.9.2.jar;C:\Users\Gabriel\.m2\repository\io\quarkus\quarkus-bootstrap-maven-resolver\3.0.4.Final\quarkus-bootstrap-maven-resolver-3.0.4.Final.jar;C:\Users\Gabriel\.m2\repository\io\smallrye\beanbag\smallrye-beanbag-maven\1.1.0\smallrye-beanbag-maven-1.1.0.jar;C:\Users\Gabriel\.m2\repository\io\smallrye\beanbag\smallrye-beanbag-sisu\1.1.0\smallrye-beanbag-sisu-1.1.0.jar;C:\Users\Gabriel\.m2\repository\io\smallrye\beanbag\smallrye-beanbag\1.1.0\smallrye-beanbag-1.1.0.jar;C:\Users\Gabriel\.m2\repository\javax\inject\javax.inject\1\javax.inject-1.jar;C:\Users\Gabriel\.m2\repository\org\apache\maven\maven-artifact\3.9.1\maven-artifact-3.9.1.jar;C:\Users\Gabriel\.m2\repository\org\apache\maven\maven-builder-support\3.9.1\maven-builder-support-3.9.1.jar;C:\Users\Gabriel\.m2\repository\org\apache\maven\maven-model\3.9.1\maven-model-3.9.1.jar;C:\Users\Gabriel\.m2\repository\org\apache\maven\maven-model-builder\3.9.1\maven-model-builder-3.9.1.jar;C:\Users\Gabriel\.m2\repository\org\apache\maven\maven-repository-metadata\3.9.1\maven-repository-metadata-3.9.1.jar;C:\Users\Gabriel\.m2\repository\org\apache\maven\maven-settings\3.9.1\maven-settings-3.9.1.jar;C:\Users\Gabriel\.m2\repository\org\apache\maven\resolver\maven-resolver-api\1.9.7\maven-resolver-api-1.9.7.jar;C:\Users\Gabriel\.m2\repository\org\apache\maven\resolver\maven-resolver-impl\1.9.7\maven-resolver-impl-1.9.7.jar;C:\Users\Gabriel\.m2\repository\org\apache\maven\resolver\maven-resolver-named-locks\1.9.7\maven-resolver-named-locks-1.9.7.jar;C:\Users\Gabriel\.m2\repository\org\apache\maven\resolver\maven-resolver-spi\1.9.7\maven-resolver-spi-1.9.7.jar;C:\Users\Gabriel\.m2\repository\org\apache\maven\resolver\maven-resolver-util\1.9.7\maven-resolver-util-1.9.7.jar;C:\Users\Gabriel\.m2\repository\org\apache\maven\wagon\wagon-provider-api\3.5.3\wagon-provider-api-3.5.3.jar;C:\Users\Gabriel\.m2\repository\org\apache\maven\wagon\wagon-http-lightweight\3.5.3\wagon-http-lightweight-3.5.3.jar;C:\Users\Gabriel\.m2\repository\org\apache\maven\wagon\wagon-http-shared\3.5.3\wagon-http-shared-3.5.3.jar;C:\Users\Gabriel\.m2\repository\org\codehaus\plexus\plexus-interpolation\1.26\plexus-interpolation-1.26.jar;C:\Users\Gabriel\.m2\repository\org\codehaus\plexus\plexus-utils\3.5.1\plexus-utils-3.5.1.jar;C:\Users\Gabriel\.m2\repository\org\sonatype\plexus\plexus-cipher\1.7\plexus-cipher-1.7.jar;C:\Users\Gabriel\.m2\repository\org\sonatype\plexus\plexus-sec-dispatcher\1.4\plexus-sec-dispatcher-1.4.jar;C:\Users\Gabriel\.m2\repository\org\apache\maven\maven-embedder\3.9.1\maven-embedder-3.9.1.jar;C:\Users\Gabriel\.m2\repository\org\apache\maven\maven-core\3.9.1\maven-core-3.9.1.jar;C:\Users\Gabriel\.m2\repository\org\codehaus\plexus\plexus-component-annotations\2.1.0\plexus-component-annotations-2.1.0.jar;C:\Users\Gabriel\.m2\repository\org\apache\maven\maven-plugin-api\3.9.1\maven-plugin-api-3.9.1.jar;C:\Users\Gabriel\.m2\repository\org\apache\maven\shared\maven-shared-utils\3.3.4\maven-shared-utils-3.3.4.jar;C:\Users\Gabriel\.m2\repository\com\google\inject\guice\5.1.0\guice-5.1.0.jar;C:\Users\Gabriel\.m2\repository\aopalliance\aopalliance\1.0\aopalliance-1.0.jar;C:\Users\Gabriel\.m2\repository\com\google\guava\guava\31.1-jre\guava-31.1-jre.jar;C:\Users\Gabriel\.m2\repository\com\google\guava\failureaccess\1.0.1\failureaccess-1.0.1.jar;C:\Users\Gabriel\.m2\repository\javax\annotation\javax.annotation-api\1.3.2\javax.annotation-api-1.3.2.jar;C:\Users\Gabriel\.m2\repository\org\codehaus\plexus\plexus-classworlds\2.6.0\plexus-classworlds-2.6.0.jar;C:\Users\Gabriel\.m2\repository\org\codehaus\plexus\plexus-sec-dispatcher\2.0\plexus-sec-dispatcher-2.0.jar;C:\Users\Gabriel\.m2\repository\org\codehaus\plexus\plexus-cipher\2.0\plexus-cipher-2.0.jar;C:\Users\Gabriel\.m2\repository\commons-cli\commons-cli\1.4\commons-cli-1.4.jar;C:\Users\Gabriel\.m2\repository\org\eclipse\sisu\org.eclipse.sisu.plexus\0.3.5\org.eclipse.sisu.plexus-0.3.5.jar;C:\Users\Gabriel\.m2\repository\org\apache\maven\maven-settings-builder\3.9.1\maven-settings-builder-3.9.1.jar;C:\Users\Gabriel\.m2\repository\org\apache\maven\maven-resolver-provider\3.9.1\maven-resolver-provider-3.9.1.jar;C:\Users\Gabriel\.m2\repository\org\apache\maven\resolver\maven-resolver-connector-basic\1.9.7\maven-resolver-connector-basic-1.9.7.jar;C:\Users\Gabriel\.m2\repository\org\apache\maven\resolver\maven-resolver-transport-wagon\1.9.7\maven-resolver-transport-wagon-1.9.7.jar;C:\Users\Gabriel\.m2\repository\org\apache\maven\wagon\wagon-http\3.5.3\wagon-http-3.5.3.jar;C:\Users\Gabriel\.m2\repository\org\apache\maven\wagon\wagon-file\3.5.3\wagon-file-3.5.3.jar;C:\Users\Gabriel\.m2\repository\io\quarkus\quarkus-bootstrap-gradle-resolver\3.0.4.Final\quarkus-bootstrap-gradle-resolver-3.0.4.Final.jar;C:\Users\Gabriel\.m2\repository\commons-io\commons-io\2.11.0\commons-io-2.11.0.jar;C:\Users\Gabriel\.m2\repository\org\jboss\logging\commons-logging-jboss-logging\1.0.0.Final\commons-logging-jboss-logging-1.0.0.Final.jar;C:\Users\Gabriel\.m2\repository\io\quarkus\quarkus-junit5-properties\3.0.4.Final\quarkus-junit5-properties-3.0.4.Final.jar;C:\Users\Gabriel\.m2\repository\org\junit\jupiter\junit-jupiter\5.9.2\junit-jupiter-5.9.2.jar;C:\Users\Gabriel\.m2\repository\org\junit\jupiter\junit-jupiter-api\5.9.2\junit-jupiter-api-5.9.2.jar;C:\Users\Gabriel\.m2\repository\org\opentest4j\opentest4j\1.2.0\opentest4j-1.2.0.jar;C:\Users\Gabriel\.m2\repository\org\junit\platform\junit-platform-commons\1.9.2\junit-platform-commons-1.9.2.jar;C:\Users\Gabriel\.m2\repository\org\apiguardian\apiguardian-api\1.1.2\apiguardian-api-1.1.2.jar;C:\Users\Gabriel\.m2\repository\org\junit\jupiter\junit-jupiter-params\5.9.2\junit-jupiter-params-5.9.2.jar;C:\Users\Gabriel\.m2\repository\org\junit\jupiter\junit-jupiter-engine\5.9.2\junit-jupiter-engine-5.9.2.jar;C:\Users\Gabriel\.m2\repository\org\junit\platform\junit-platform-engine\1.9.2\junit-platform-engine-1.9.2.jar;C:\Users\Gabriel\.m2\repository\com\thoughtworks\xstream\xstream\1.4.20\xstream-1.4.20.jar;C:\Users\Gabriel\.m2\repository\io\github\x-stream\mxparser\1.2.2\mxparser-1.2.2.jar;C:\Users\Gabriel\.m2\repository\xmlpull\xmlpull\1.1.3.1\xmlpull-1.1.3.1.jar;C:\Users\Gabriel\.m2\repository\io\rest-assured\rest-assured\5.3.0\rest-assured-5.3.0.jar;C:\Users\Gabriel\.m2\repository\org\apache\groovy\groovy\4.0.6\groovy-4.0.6.jar;C:\Users\Gabriel\.m2\repository\org\apache\groovy\groovy-xml\4.0.6\groovy-xml-4.0.6.jar;C:\Users\Gabriel\.m2\repository\org\apache\httpcomponents\httpclient\4.5.14\httpclient-4.5.14.jar;C:\Users\Gabriel\.m2\repository\org\apache\httpcomponents\httpcore\4.4.16\httpcore-4.4.16.jar;C:\Users\Gabriel\.m2\repository\commons-codec\commons-codec\1.15\commons-codec-1.15.jar;C:\Users\Gabriel\.m2\repository\org\apache\httpcomponents\httpmime\4.5.14\httpmime-4.5.14.jar;C:\Users\Gabriel\.m2\repository\org\ccil\cowan\tagsoup\tagsoup\1.2.1\tagsoup-1.2.1.jar;C:\Users\Gabriel\.m2\repository\io\rest-assured\json-path\5.3.0\json-path-5.3.0.jar;C:\Users\Gabriel\.m2\repository\org\apache\groovy\groovy-json\4.0.6\groovy-json-4.0.6.jar;C:\Users\Gabriel\.m2\repository\io\rest-assured\rest-assured-common\5.3.0\rest-assured-common-5.3.0.jar;C:\Users\Gabriel\.m2\repository\io\rest-assured\xml-path\5.3.0\xml-path-5.3.0.jar;C:\Users\Gabriel\.m2\repository\org\apache\commons\commons-lang3\3.12.0\commons-lang3-3.12.0.jar;C:\Users\Gabriel\.m2\repository\io\quarkus\quarkus-mongodb-panache\3.0.4.Final\quarkus-mongodb-panache-3.0.4.Final.jar;C:\Users\Gabriel\.m2\repository\io\quarkus\quarkus-panache-common\3.0.4.Final\quarkus-panache-common-3.0.4.Final.jar;C:\Users\Gabriel\.m2\repository\io\quarkus\quarkus-mongodb-panache-common\3.0.4.Final\quarkus-mongodb-panache-common-3.0.4.Final.jar;C:\Users\Gabriel\.m2\repository\io\quarkus\quarkus-panacheql\3.0.4.Final\quarkus-panacheql-3.0.4.Final.jar;C:\Users\Gabriel\.m2\repository\org\antlr\antlr4-runtime\4.10.1\antlr4-runtime-4.10.1.jar;C:\Users\Gabriel\.m2\repository\io\quarkus\quarkus-narayana-jta\3.0.4.Final\quarkus-narayana-jta-3.0.4.Final.jar;C:\Users\Gabriel\.m2\repository\io\quarkus\quarkus-transaction-annotations\3.0.4.Final\quarkus-transaction-annotations-3.0.4.Final.jar;C:\Users\Gabriel\.m2\repository\io\smallrye\smallrye-context-propagation-jta\2.1.0\smallrye-context-propagation-jta-2.1.0.jar;C:\Users\Gabriel\.m2\repository\io\smallrye\reactive\smallrye-reactive-converter-api\3.0.0\smallrye-reactive-converter-api-3.0.0.jar;C:\Users\Gabriel\.m2\repository\io\smallrye\reactive\smallrye-reactive-converter-mutiny\3.0.0\smallrye-reactive-converter-mutiny-3.0.0.jar;C:\Users\Gabriel\.m2\repository\org\jboss\narayana\jta\narayana-jta\6.0.1.Final\narayana-jta-6.0.1.Final.jar;C:\Users\Gabriel\.m2\repository\org\jboss\jboss-transaction-spi\8.0.0.Final\jboss-transaction-spi-8.0.0.Final.jar;C:\Users\Gabriel\.m2\repository\jakarta\resource\jakarta.resource-api\2.0.0\jakarta.resource-api-2.0.0.jar;C:\Users\Gabriel\.m2\repository\org\jboss\invocation\jboss-invocation\2.0.0.Final\jboss-invocation-2.0.0.Final.jar;C:\Users\Gabriel\.m2\repository\jakarta\ejb\jakarta.ejb-api\4.0.1\jakarta.ejb-api-4.0.1.jar;C:\Users\Gabriel\.m2\repository\org\jboss\narayana\jts\narayana-jts-integration\6.0.1.Final\narayana-jts-integration-6.0.1.Final.jar;C:\Users\Gabriel\.m2\repository\io\quarkus\quarkus-redis-client\3.0.4.Final\quarkus-redis-client-3.0.4.Final.jar;C:\Users\Gabriel\.m2\repository\io\quarkus\quarkus-vertx\3.0.4.Final\quarkus-vertx-3.0.4.Final.jar;C:\Users\Gabriel\.m2\repository\io\quarkus\quarkus-netty\3.0.4.Final\quarkus-netty-3.0.4.Final.jar;C:\Users\Gabriel\.m2\repository\io\netty\netty-codec-http\4.1.90.Final\netty-codec-http-4.1.90.Final.jar;C:\Users\Gabriel\.m2\repository\io\netty\netty-codec-http2\4.1.90.Final\netty-codec-http2-4.1.90.Final.jar;C:\Users\Gabriel\.m2\repository\com\aayushatharva\brotli4j\brotli4j\1.11.0\brotli4j-1.11.0.jar;C:\Users\Gabriel\.m2\repository\com\aayushatharva\brotli4j\service\1.11.0\service-1.11.0.jar;C:\Users\Gabriel\.m2\repository\com\aayushatharva\brotli4j\native-windows-x86_64\1.11.0\native-windows-x86_64-1.11.0.jar;C:\Users\Gabriel\.m2\repository\io\netty\netty-codec-haproxy\4.1.90.Final\netty-codec-haproxy-4.1.90.Final.jar;C:\Users\Gabriel\.m2\repository\io\smallrye\common\smallrye-common-annotation\2.1.0\smallrye-common-annotation-2.1.0.jar;C:\Users\Gabriel\.m2\repository\io\quarkus\quarkus-vertx-latebound-mdc-provider\3.0.4.Final\quarkus-vertx-latebound-mdc-provider-3.0.4.Final.jar;C:\Users\Gabriel\.m2\repository\io\smallrye\reactive\smallrye-mutiny-vertx-core\3.3.0\smallrye-mutiny-vertx-core-3.3.0.jar;C:\Users\Gabriel\.m2\repository\io\smallrye\reactive\smallrye-mutiny-vertx-runtime\3.3.0\smallrye-mutiny-vertx-runtime-3.3.0.jar;C:\Users\Gabriel\.m2\repository\io\smallrye\reactive\vertx-mutiny-generator\3.3.0\vertx-mutiny-generator-3.3.0.jar;C:\Users\Gabriel\.m2\repository\io\vertx\vertx-codegen\4.4.1\vertx-codegen-4.4.1.jar;C:\Users\Gabriel\.m2\repository\io\smallrye\smallrye-fault-tolerance-vertx\6.2.2\smallrye-fault-tolerance-vertx-6.2.2.jar;C:\Users\Gabriel\.m2\repository\io\quarkus\quarkus-jackson\3.0.4.Final\quarkus-jackson-3.0.4.Final.jar;C:\Users\Gabriel\.m2\repository\com\fasterxml\jackson\datatype\jackson-datatype-jsr310\2.14.2\jackson-datatype-jsr310-2.14.2.jar;C:\Users\Gabriel\.m2\repository\com\fasterxml\jackson\datatype\jackson-datatype-jdk8\2.14.2\jackson-datatype-jdk8-2.14.2.jar;C:\Users\Gabriel\.m2\repository\com\fasterxml\jackson\module\jackson-module-parameter-names\2.14.2\jackson-module-parameter-names-2.14.2.jar;C:\Users\Gabriel\.m2\repository\io\smallrye\reactive\smallrye-mutiny-vertx-redis-client\3.3.0\smallrye-mutiny-vertx-redis-client-3.3.0.jar;C:\Users\Gabriel\.m2\repository\io\vertx\vertx-redis-client\4.4.1\vertx-redis-client-4.4.1.jar;C:\Users\Gabriel\.m2\repository\org\hibernate\validator\hibernate-validator\8.0.0.Final\hibernate-validator-8.0.0.Final.jar;C:\Users\Gabriel\.m2\repository\org\jboss\logging\jboss-logging\3.5.0.Final\jboss-logging-3.5.0.Final.jar;C:\Users\Gabriel\.m2\repository\com\fasterxml\classmate\1.5.1\classmate-1.5.1.jar;C:\Users\Gabriel\.m2\repository\io\quarkus\quarkus-mongodb-client\3.0.4.Final\quarkus-mongodb-client-3.0.4.Final.jar;C:\Users\Gabriel\.m2\repository\io\quarkus\quarkus-mutiny\3.0.4.Final\quarkus-mutiny-3.0.4.Final.jar;C:\Users\Gabriel\.m2\repository\io\smallrye\reactive\mutiny\2.1.0\mutiny-2.1.0.jar;C:\Users\Gabriel\.m2\repository\io\quarkus\quarkus-smallrye-context-propagation\3.0.4.Final\quarkus-smallrye-context-propagation-3.0.4.Final.jar;C:\Users\Gabriel\.m2\repository\io\smallrye\smallrye-context-propagation\2.1.0\smallrye-context-propagation-2.1.0.jar;C:\Users\Gabriel\.m2\repository\io\smallrye\smallrye-context-propagation-api\2.1.0\smallrye-context-propagation-api-2.1.0.jar;C:\Users\Gabriel\.m2\repository\io\smallrye\smallrye-context-propagation-storage\2.1.0\smallrye-context-propagation-storage-2.1.0.jar;C:\Users\Gabriel\.m2\repository\io\smallrye\reactive\mutiny-smallrye-context-propagation\2.1.0\mutiny-smallrye-context-propagation-2.1.0.jar;C:\Users\Gabriel\.m2\repository\io\smallrye\reactive\mutiny-zero-flow-adapters\1.0.0\mutiny-zero-flow-adapters-1.0.0.jar;C:\Users\Gabriel\.m2\repository\io\quarkus\quarkus-mutiny-reactive-streams-operators\3.0.4.Final\quarkus-mutiny-reactive-streams-operators-3.0.4.Final.jar;C:\Users\Gabriel\.m2\repository\org\eclipse\microprofile\reactive-streams-operators\microprofile-reactive-streams-operators-api\3.0\microprofile-reactive-streams-operators-api-3.0.jar;C:\Users\Gabriel\.m2\repository\org\eclipse\microprofile\reactive-streams-operators\microprofile-reactive-streams-operators-core\3.0\microprofile-reactive-streams-operators-core-3.0.jar;C:\Users\Gabriel\.m2\repository\io\smallrye\reactive\mutiny-reactive-streams-operators\2.1.0\mutiny-reactive-streams-operators-2.1.0.jar;C:\Users\Gabriel\.m2\repository\org\mongodb\mongodb-driver-sync\4.9.1\mongodb-driver-sync-4.9.1.jar;C:\Users\Gabriel\.m2\repository\org\mongodb\bson\4.9.1\bson-4.9.1.jar;C:\Users\Gabriel\.m2\repository\org\mongodb\mongodb-driver-core\4.9.1\mongodb-driver-core-4.9.1.jar;C:\Users\Gabriel\.m2\repository\org\mongodb\bson-record-codec\4.9.1\bson-record-codec-4.9.1.jar;C:\Users\Gabriel\.m2\repository\org\mongodb\mongodb-driver-reactivestreams\4.9.1\mongodb-driver-reactivestreams-4.9.1.jar;C:\Users\Gabriel\.m2\repository\org\mongodb\mongodb-crypt\1.7.3\mongodb-crypt-1.7.3.jar;C:\Users\Gabriel\.m2\repository\net\java\dev\jna\jna\5.8.0\jna-5.8.0.jar;"/>
    <property name="sun.cpu.endian" value="little"/>
    <property name="vertx.disableWebsockets" value="true"/>
    <property name="user.home" value="C:\Users\Gabriel"/>
    <property name="user.language" value="fr"/>
    <property name="jboss.log-version" value="false"/>
    <property name="java.specification.vendor" value="Oracle Corporation"/>
    <property name="io.netty.allocator.maxOrder" value="3"/>
    <property name="java.version.date" value="2025-01-21"/>
    <property name="java.home" value="C:\Program Files\Microsoft\jdk-17.0.14.7-hotspot"/>
    <property name="file.separator" value="\"/>
    <property name="basedir" value="C:\Users\Gabriel\dev\epitweeet\repo-social"/>
    <property name="java.vm.compressedOopsMode" value="Zero based"/>
    <property name="line.separator" value="&#10;"/>
    <property name="java.vm.specification.vendor" value="Oracle Corporation"/>
    <property name="java.specification.name" value="Java Platform API Specification"/>
    <property name="surefire.real.class.path" value="C:\Users\Gabriel\AppData\Local\Temp\surefire4244468203097620454\surefirebooter-20250412231152962_31.jar"/>
    <property name="user.script" value=""/>
    <property name="sun.management.compiler" value="HotSpot 64-Bit Tiered Compilers"/>
    <property name="java.runtime.version" value="17.0.14+7-LTS"/>
    <property name="user.name" value="Gabriel"/>
    <property name="path.separator" value=";"/>
    <property name="os.version" value="10.0"/>
    <property name="java.runtime.name" value="OpenJDK Runtime Environment"/>
    <property name="file.encoding" value="Cp1252"/>
    <property name="java.vm.name" value="OpenJDK 64-Bit Server VM"/>
    <property name="java.vendor.version" value="Microsoft-10800295"/>
    <property name="localRepository" value="C:\Users\Gabriel\.m2\repository"/>
    <property name="java.vendor.url.bug" value="https://github.com/microsoft/openjdk/issues"/>
    <property name="java.io.tmpdir" value="C:\Users\Gabriel\AppData\Local\Temp\"/>
    <property name="quarkus.log.file.path" value="target\quarkus.log"/>
    <property name="java.version" value="17.0.14"/>
    <property name="java.util.concurrent.ForkJoinPool.common.threadFactory" value="io.quarkus.bootstrap.forkjoin.QuarkusForkJoinWorkerThreadFactory"/>
    <property name="user.dir" value="C:\Users\Gabriel\dev\epitweeet\repo-social"/>
    <property name="os.arch" value="amd64"/>
    <property name="java.vm.specification.name" value="Java Virtual Machine Specification"/>
    <property name="vertx.disableDnsResolver" value="true"/>
    <property name="sun.os.patch.level" value=""/>
    <property name="native.encoding" value="Cp1252"/>
    <property name="java.util.logging.manager" value="org.jboss.logmanager.LogManager"/>
    <property name="java.library.path" value="C:\Program Files\Microsoft\jdk-17.0.14.7-hotspot\bin;C:\Windows\Sun\Java\bin;C:\Windows\system32;C:\Windows;C:\Program Files\Microsoft\jdk-17.0.14.7-hotspot\bin;C:\Program Files\OpenLogic\jdk-17.0.11.9-hotspot\bin;C:\Program Files (x86)\Common Files\Oracle\Java\java8path;C:\Program Files (x86)\Common Files\Oracle\Java\javapath;C:\Python312\Scripts\;C:\Python312\;C:\Program Files (x86)\VMware\VMware Player\bin\;C:\OCaml\bin;C:\Program Files (x86)\Razer Chroma SDK\bin;C:\Program Files\Razer Chroma SDK\bin;C:\Program Files (x86)\Razer\ChromaBroadcast\bin;C:\Program Files\Razer\ChromaBroadcast\bin;C:\Windows\system32;C:\Windows;C:\Windows\System32\Wbem;C:\Windows\System32\WindowsPowerShell\v1.0\;C:\Windows\System32\OpenSSH\;C:\Program Files (x86)\NVIDIA Corporation\PhysX\Common;C:\Program Files\Microsoft SQL Server\130\Tools\Binn\;C:\Program Files (x86)\Gpg4win\..\GnuPG\bin;C:\Users\Gabriel\AppData\Local\Microsoft\WindowsApps;C:\Users\Gabriel\.dotnet\tools;C:\Program Files\dotnet\;C:\Program Files (x86)\GitExtensions\;C:\Program Files (x86)\dotnet\;C:\Program Files (x86)\Perforce\;C:\Program Files\nodejs\;C:\ProgramData\chocolatey\bin;C:\Program Files\sticker-convert\;C:\Program Files\Git\cmd;C:\Program Files\Docker\Docker\resources\bin;C:\Program Files (x86)\sbt\bin;C:\Program Files (x86)\AOMEI\AOMEI Backupper\7.4.2;C:\Users\Gabriel\anaconda3;C:\Users\Gabriel\anaconda3\Library\mingw-w64\bin;C:\Users\Gabriel\anaconda3\Library\usr\bin;C:\Users\Gabriel\anaconda3\Library\bin;C:\Users\Gabriel\anaconda3\Scripts;C:\Python\Python39\Scripts\;C:\Python\Python39\;C:\Program Files\JetBrains\PyCharm Community Edition 2020.2.3\bin;C:\Program Files\JetBrains\JetBrains Rider 2021.3.3\bin;C:\Users\Gabriel\AppData\Local\Programs\MiKTeX\miktex\bin\x64\;C:\Users\Gabriel\AppData\Local\GitHubDesktop\bin;C:\Users\Gabriel\AppData\Local\atom\bin;C:\Users\Gabriel\AppData\Local\gitkraken\bin;C:\Program Files\JetBrains\IntelliJ IDEA 2023.3.3\bin;C:\Users\Gabriel\AppData\Roaming\npm;C:\apache-maven-3.9.7\bin;C:\Users\Gabriel\AppData\Local\Programs\Ollama;C:\Users\Gabriel\AppData\Local\Programs\Microsoft VS Code\bin;."/>
    <property name="java.vm.info" value="mixed mode, sharing"/>
    <property name="java.vendor" value="Microsoft"/>
    <property name="vertx.disableTCCL" value="true"/>
    <property name="java.vm.version" value="17.0.14+7-LTS"/>
    <property name="java.specification.maintenance.version" value="1"/>
    <property name="sun.io.unicode.encoding" value="UnicodeLittle"/>
    <property name="io.netty.machineId" value="1a:93:ff:d1:d7:32:51:f6"/>
    <property name="java.class.version" value="61.0"/>
    <property name="mp.openapi.extensions.smallrye.defaultConsumes" value="application/json"/>
  </properties>
  <testcase name="testGetBlockedUsersSuccess" classname="com.epita.GetSocialControllerTest" time="2.803">
    <system-out><![CDATA[2025-04-12 23:11:58,318 INFO  [org.tes.doc.DockerClientProviderStrategy] (build-49) Loaded org.testcontainers.dockerclient.NpipeSocketClientProviderStrategy from ~/.testcontainers.properties, will try it first
2025-04-12 23:11:59,167 INFO  [org.tes.doc.DockerClientProviderStrategy] (build-49) Found Docker environment with local Npipe socket (npipe:////./pipe/docker_engine)
2025-04-12 23:11:59,169 INFO  [org.tes.DockerClientFactory] (build-49) Docker host IP address is localhost
2025-04-12 23:11:59,187 INFO  [org.tes.DockerClientFactory] (build-49) Connected to docker: 
  Server Version: 28.0.1
  API Version: 1.48
  Operating System: Docker Desktop
  Total Memory: 15599 MB
2025-04-12 23:11:59,198 INFO  [org.tes.uti.ImageNameSubstitutor] (build-49) Image name substitution will be performed by: DefaultImageNameSubstitutor (composite of 'ConfigurationFileImageNameSubstitutor' and 'PrefixingImageNameSubstitutor')
2025-04-12 23:11:59,200 INFO  [org.tes.DockerClientFactory] (build-49) Checking the system...
2025-04-12 23:11:59,201 INFO  [org.tes.DockerClientFactory] (build-49) ?? Docker server version should be at least 1.6.0
2025-04-12 23:12:00,029 INFO  [org.neo.dri.int.DriverFactory] (main) Direct driver instance 466262884 created for server address localhost:7687
2025-04-12 23:12:00,593 INFO  [io.quarkus] (main) repo-social 1.0.0-SNAPSHOT on JVM (powered by Quarkus 3.0.4.Final) started in 3.361s. Listening on: http://localhost:8081
2025-04-12 23:12:00,594 INFO  [io.quarkus] (main) Profile test activated. 
2025-04-12 23:12:00,594 INFO  [io.quarkus] (main) Installed features: [cdi, mongodb-client, mongodb-panache, narayana-jta, neo4j, redis-client, resteasy-reactive, resteasy-reactive-jackson, smallrye-context-propagation, smallrye-openapi, swagger-ui, vertx]
2025-04-12 23:12:00,902 INFO  [com.epi.GetSocialControllerTest] (main) [TEST SETUP] Nettoyage de la base de données Neo4j...
2025-04-12 23:12:01,138 INFO  [com.epi.GetSocialControllerTest] (main) [TEST SETUP] Base de données Neo4j nettoyée avec succès
2025-04-12 23:12:02,262 INFO  [com.epi.ser.SocialService] (executor-thread-1) [USER EXISTS][SERVICE]: User blockerUser exists.
2025-04-12 23:12:02,270 INFO  [com.epi.ser.SocialService] (executor-thread-1) [USER EXISTS][SERVICE]: User blockedUser exists.
2025-04-12 23:12:02,353 INFO  [com.epi.ser.SocialService] (executor-thread-1) [USER BLOCKED][SERVICE]: User blockerUser is not blocked by blockedUser
2025-04-12 23:12:02,452 INFO  [com.epi.ser.SocialService] (executor-thread-1) [USER BLOCK][SERVICE]: Creating relationship: Relationship[source=Node{nodeType=User, nodeId='blockerUser'}, target=Node{nodeType=User, nodeId='blockedUser'}, type=BLOCKS, timestamp=1744492322356]
2025-04-12 23:12:02,496 INFO  [com.epi.ser.SocialService] (executor-thread-1) [BLOCK USER][SERVICE]: Suppression des relations de suivi entre blockerUser et blockedUser
2025-04-12 23:12:02,739 INFO  [com.epi.ser.SocialService] (executor-thread-1) [USER EXISTS][SERVICE]: User blockerUser exists.
2025-04-12 23:12:02,740 INFO  [com.epi.rep.SocialRepoNeo4j] (executor-thread-1) [GET USER BLOCKED USERS][REPOSITORY]: Récupération des utilisateurs bloqués par: blockerUser
2025-04-12 23:12:02,781 INFO  [com.epi.ser.SocialService] (executor-thread-1) [USER BLOCKED USERS][SERVICE]: Blocked users by blockerUser: [blockedUser]
2025-04-12 23:12:02,783 INFO  [com.epi.con.GetSocialController] (executor-thread-1) [GET BLOCKED USERS][CONTROLLER]: Récupération des utilisateurs bloqués par blockerUser
]]></system-out>
  </testcase>
  <testcase name="testGetFollowersSuccess" classname="com.epita.GetSocialControllerTest" time="0.694">
    <system-out><![CDATA[2025-04-12 23:12:03,414 INFO  [com.epi.GetSocialControllerTest] (main) [TEST SETUP] Nettoyage de la base de données Neo4j...
2025-04-12 23:12:03,435 INFO  [com.epi.GetSocialControllerTest] (main) [TEST SETUP] Base de données Neo4j nettoyée avec succès
2025-04-12 23:12:03,553 INFO  [com.epi.ser.SocialService] (executor-thread-1) [USER EXISTS][SERVICE]: User followerUser exists.
2025-04-12 23:12:03,561 INFO  [com.epi.ser.SocialService] (executor-thread-1) [USER EXISTS][SERVICE]: User targetUser exists.
2025-04-12 23:12:03,574 INFO  [com.epi.ser.SocialService] (executor-thread-1) [USER BLOCKED][SERVICE]: User followerUser is not blocked by targetUser
2025-04-12 23:12:03,591 INFO  [com.epi.ser.SocialService] (executor-thread-1) [USER BLOCKED][SERVICE]: User targetUser is not blocked by followerUser
2025-04-12 23:12:03,649 INFO  [com.epi.ser.SocialService] (executor-thread-1) [USER FOLLOWING][SERVICE]: User followerUser is not following targetUser
2025-04-12 23:12:04,012 INFO  [com.epi.ser.SocialService] (executor-thread-1) [USER FOLLOW][SERVICE]: Creating relationship: Relationship[source=Node{nodeType=User, nodeId='followerUser'}, target=Node{nodeType=User, nodeId='targetUser'}, type=FOLLOWS, timestamp=1744492323649]
2025-04-12 23:12:04,015 INFO  [com.epi.ser.SocialService] (executor-thread-1) [USER FOLLOW][SERVICE]: Publishing event: UserActionEvent{actionType=USER_FOLLOWED, userId='null', targetId='null', postId='null', postContent='null', timestamp=null}
2025-04-12 23:12:04,018 INFO  [com.epi.con.UpdateSocialController] (executor-thread-1) [FOLLOW USER][CONTROLLER]: followerUser suit targetUser
2025-04-12 23:12:04,053 INFO  [com.epi.ser.SocialService] (executor-thread-1) [USER EXISTS][SERVICE]: User targetUser exists.
2025-04-12 23:12:04,053 INFO  [com.epi.rep.SocialRepoNeo4j] (executor-thread-1) [GET USER FOLLOWERS][REPOSITORY]: Récupération des abonnés de l'utilisateur: targetUser
2025-04-12 23:12:04,080 INFO  [com.epi.ser.SocialService] (executor-thread-1) [USER FOLLOWERS][SERVICE]: Followers of user targetUser: [followerUser]
2025-04-12 23:12:04,083 INFO  [com.epi.con.GetSocialController] (executor-thread-1) [GET FOLLOWERS][CONTROLLER]: Récupération des abonnés de l'utilisateur targetUser
]]></system-out>
  </testcase>
  <testcase name="testGetBlockedUsersUserNotFound" classname="com.epita.GetSocialControllerTest" time="0.092">
    <system-out><![CDATA[2025-04-12 23:12:04,110 INFO  [com.epi.GetSocialControllerTest] (main) [TEST SETUP] Nettoyage de la base de données Neo4j...
2025-04-12 23:12:04,123 INFO  [com.epi.GetSocialControllerTest] (main) [TEST SETUP] Base de données Neo4j nettoyée avec succès
2025-04-12 23:12:04,196 INFO  [com.epi.ser.SocialService] (executor-thread-1) [USER EXISTS][SERVICE]: User nonexistentUser does not exist.
]]></system-out>
  </testcase>
  <testcase name="testGetLikedPostsSuccess" classname="com.epita.GetSocialControllerTest" time="0.395">
    <system-out><![CDATA[2025-04-12 23:12:04,202 INFO  [com.epi.GetSocialControllerTest] (main) [TEST SETUP] Nettoyage de la base de données Neo4j...
2025-04-12 23:12:04,215 INFO  [com.epi.GetSocialControllerTest] (main) [TEST SETUP] Base de données Neo4j nettoyée avec succès
2025-04-12 23:12:04,378 INFO  [com.epi.ser.SocialService] (executor-thread-1) [USER EXISTS][SERVICE]: User likerUser exists.
2025-04-12 23:12:04,401 INFO  [com.epi.ser.SocialService] (executor-thread-1) [POST EXISTS][SERVICE]: Post c5172028-ca4f-4509-8986-a126ba704b37 exists.
2025-04-12 23:12:04,437 INFO  [com.epi.ser.SocialService] (executor-thread-1) [USER LIKED POST][SERVICE]: User likerUser has not liked post c5172028-ca4f-4509-8986-a126ba704b37
2025-04-12 23:12:04,438 INFO  [com.epi.rep.SocialRepoNeo4j] (executor-thread-1) [GET POST AUTHOR][REPOSITORY]: Récupération de l'auteur du post: c5172028-ca4f-4509-8986-a126ba704b37
2025-04-12 23:12:04,462 INFO  [com.epi.ser.SocialService] (executor-thread-1) [POST AUTHOR][SERVICE]: Author of post c5172028-ca4f-4509-8986-a126ba704b37 is authorUser
2025-04-12 23:12:04,475 INFO  [com.epi.ser.SocialService] (executor-thread-1) [USER BLOCKED][SERVICE]: User likerUser is not blocked by authorUser
2025-04-12 23:12:04,488 INFO  [com.epi.ser.SocialService] (executor-thread-1) [USER BLOCKED][SERVICE]: User authorUser is not blocked by likerUser
2025-04-12 23:12:04,488 INFO  [com.epi.ser.SocialService] (executor-thread-1) [POST LIKE][SERVICE]: Creating relationship: Relationship[source=Node{nodeType=User, nodeId='likerUser'}, target=Node{nodeType=Post, nodeId='c5172028-ca4f-4509-8986-a126ba704b37'}, type=LIKES, timestamp=1744492324488]
2025-04-12 23:12:04,529 INFO  [com.epi.ser.SocialService] (executor-thread-1) [POST LIKE][SERVICE]: Publishing event: UserActionEvent{actionType=POST_LIKED, userId='null', targetId='null', postId='c5172028-ca4f-4509-8986-a126ba704b37', postContent='null', timestamp=null}
2025-04-12 23:12:04,557 INFO  [com.epi.ser.SocialService] (executor-thread-1) [USER EXISTS][SERVICE]: User likerUser exists.
2025-04-12 23:12:04,557 INFO  [com.epi.rep.SocialRepoNeo4j] (executor-thread-1) [GET USER LIKED POSTS][REPOSITORY]: Récupération des posts aimés par l'utilisateur: likerUser
2025-04-12 23:12:04,576 INFO  [com.epi.ser.SocialService] (executor-thread-1) [USER LIKED POSTS][SERVICE]: Posts liked by user likerUser: [c5172028-ca4f-4509-8986-a126ba704b37]
2025-04-12 23:12:04,578 INFO  [com.epi.con.GetSocialController] (executor-thread-1) [GET LIKED POSTS][CONTROLLER]: Récupération des posts aimés par l'utilisateur likerUser
]]></system-out>
  </testcase>
  <testcase name="testGetLikedPostsUserNotFound" classname="com.epita.GetSocialControllerTest" time="0.075">
    <system-out><![CDATA[2025-04-12 23:12:04,599 INFO  [com.epi.GetSocialControllerTest] (main) [TEST SETUP] Nettoyage de la base de données Neo4j...
2025-04-12 23:12:04,612 INFO  [com.epi.GetSocialControllerTest] (main) [TEST SETUP] Base de données Neo4j nettoyée avec succès
2025-04-12 23:12:04,670 INFO  [com.epi.ser.SocialService] (executor-thread-1) [USER EXISTS][SERVICE]: User nonexistentUser does not exist.
]]></system-out>
  </testcase>
  <testcase name="testGetFollowsUserNotFound" classname="com.epita.GetSocialControllerTest" time="0.073">
    <system-out><![CDATA[2025-04-12 23:12:04,676 INFO  [com.epi.GetSocialControllerTest] (main) [TEST SETUP] Nettoyage de la base de données Neo4j...
2025-04-12 23:12:04,686 INFO  [com.epi.GetSocialControllerTest] (main) [TEST SETUP] Base de données Neo4j nettoyée avec succès
2025-04-12 23:12:04,745 INFO  [com.epi.ser.SocialService] (executor-thread-1) [USER EXISTS][SERVICE]: User nonexistentUser does not exist.
]]></system-out>
  </testcase>
  <testcase name="testGetBlockingUsersUserNotFound" classname="com.epita.GetSocialControllerTest" time="0.074">
    <system-out><![CDATA[2025-04-12 23:12:04,749 INFO  [com.epi.GetSocialControllerTest] (main) [TEST SETUP] Nettoyage de la base de données Neo4j...
2025-04-12 23:12:04,760 INFO  [com.epi.GetSocialControllerTest] (main) [TEST SETUP] Base de données Neo4j nettoyée avec succès
2025-04-12 23:12:04,819 INFO  [com.epi.ser.SocialService] (executor-thread-1) [USER EXISTS][SERVICE]: User nonexistentUser does not exist.
]]></system-out>
  </testcase>
  <testcase name="testGetBlockingUsersSuccess" classname="com.epita.GetSocialControllerTest" time="0.191">
    <system-out><![CDATA[2025-04-12 23:12:04,823 INFO  [com.epi.GetSocialControllerTest] (main) [TEST SETUP] Nettoyage de la base de données Neo4j...
2025-04-12 23:12:04,833 INFO  [com.epi.GetSocialControllerTest] (main) [TEST SETUP] Base de données Neo4j nettoyée avec succès
2025-04-12 23:12:04,913 INFO  [com.epi.ser.SocialService] (executor-thread-1) [USER EXISTS][SERVICE]: User blockerUser exists.
2025-04-12 23:12:04,918 INFO  [com.epi.ser.SocialService] (executor-thread-1) [USER EXISTS][SERVICE]: User blockedUser exists.
2025-04-12 23:12:04,924 INFO  [com.epi.ser.SocialService] (executor-thread-1) [USER BLOCKED][SERVICE]: User blockerUser is not blocked by blockedUser
2025-04-12 23:12:04,943 INFO  [com.epi.ser.SocialService] (executor-thread-1) [USER BLOCK][SERVICE]: Creating relationship: Relationship[source=Node{nodeType=User, nodeId='blockerUser'}, target=Node{nodeType=User, nodeId='blockedUser'}, type=BLOCKS, timestamp=1744492324924]
2025-04-12 23:12:04,950 INFO  [com.epi.ser.SocialService] (executor-thread-1) [BLOCK USER][SERVICE]: Suppression des relations de suivi entre blockerUser et blockedUser
2025-04-12 23:12:04,977 INFO  [com.epi.ser.SocialService] (executor-thread-1) [USER EXISTS][SERVICE]: User blockedUser exists.
2025-04-12 23:12:04,977 INFO  [com.epi.rep.SocialRepoNeo4j] (executor-thread-1) [GET USER BLOCKING USERS][REPOSITORY]: Récupération des utilisateurs qui bloquent: blockedUser
2025-04-12 23:12:04,995 INFO  [com.epi.ser.SocialService] (executor-thread-1) [USER BLOCKING USERS][SERVICE]: Users blocking blockedUser: [blockerUser]
2025-04-12 23:12:04,996 INFO  [com.epi.con.GetSocialController] (executor-thread-1) [GET BLOCKING USERS][CONTROLLER]: Récupération des utilisateurs qui ont bloqué blockedUser
]]></system-out>
  </testcase>
  <testcase name="testGetLikeUsersSuccess" classname="com.epita.GetSocialControllerTest" time="0.248">
    <system-out><![CDATA[2025-04-12 23:12:05,017 INFO  [com.epi.GetSocialControllerTest] (main) [TEST SETUP] Nettoyage de la base de données Neo4j...
2025-04-12 23:12:05,028 INFO  [com.epi.GetSocialControllerTest] (main) [TEST SETUP] Base de données Neo4j nettoyée avec succès
2025-04-12 23:12:05,128 INFO  [com.epi.ser.SocialService] (executor-thread-1) [USER EXISTS][SERVICE]: User likerUser exists.
2025-04-12 23:12:05,133 INFO  [com.epi.ser.SocialService] (executor-thread-1) [POST EXISTS][SERVICE]: Post 098ab057-abd1-4b86-b1a6-11f9026ffabb exists.
2025-04-12 23:12:05,144 INFO  [com.epi.ser.SocialService] (executor-thread-1) [USER LIKED POST][SERVICE]: User likerUser has not liked post 098ab057-abd1-4b86-b1a6-11f9026ffabb
2025-04-12 23:12:05,144 INFO  [com.epi.rep.SocialRepoNeo4j] (executor-thread-1) [GET POST AUTHOR][REPOSITORY]: Récupération de l'auteur du post: 098ab057-abd1-4b86-b1a6-11f9026ffabb
2025-04-12 23:12:05,152 INFO  [com.epi.ser.SocialService] (executor-thread-1) [POST AUTHOR][SERVICE]: Author of post 098ab057-abd1-4b86-b1a6-11f9026ffabb is userForPost
2025-04-12 23:12:05,162 INFO  [com.epi.ser.SocialService] (executor-thread-1) [USER BLOCKED][SERVICE]: User likerUser is not blocked by userForPost
2025-04-12 23:12:05,171 INFO  [com.epi.ser.SocialService] (executor-thread-1) [USER BLOCKED][SERVICE]: User userForPost is not blocked by likerUser
2025-04-12 23:12:05,171 INFO  [com.epi.ser.SocialService] (executor-thread-1) [POST LIKE][SERVICE]: Creating relationship: Relationship[source=Node{nodeType=User, nodeId='likerUser'}, target=Node{nodeType=Post, nodeId='098ab057-abd1-4b86-b1a6-11f9026ffabb'}, type=LIKES, timestamp=1744492325171]
2025-04-12 23:12:05,194 INFO  [com.epi.ser.SocialService] (executor-thread-1) [POST LIKE][SERVICE]: Publishing event: UserActionEvent{actionType=POST_LIKED, userId='null', targetId='null', postId='098ab057-abd1-4b86-b1a6-11f9026ffabb', postContent='null', timestamp=null}
2025-04-12 23:12:05,228 INFO  [com.epi.ser.SocialService] (executor-thread-1) [POST EXISTS][SERVICE]: Post 098ab057-abd1-4b86-b1a6-11f9026ffabb exists.
2025-04-12 23:12:05,228 INFO  [com.epi.rep.SocialRepoNeo4j] (executor-thread-1) [GET POST LIKE USERS][REPOSITORY]: Récupération des utilisateurs qui ont aimé le post: 098ab057-abd1-4b86-b1a6-11f9026ffabb
2025-04-12 23:12:05,246 INFO  [com.epi.ser.SocialService] (executor-thread-1) [POST LIKED USERS][SERVICE]: Users who liked post 098ab057-abd1-4b86-b1a6-11f9026ffabb: [likerUser]
2025-04-12 23:12:05,247 INFO  [com.epi.con.GetSocialController] (executor-thread-1) [GET LIKE USERS][CONTROLLER]: Récupération des utilisateurs qui ont aimé le post 098ab057-abd1-4b86-b1a6-11f9026ffabb
]]></system-out>
  </testcase>
  <testcase name="testGetFollowsSuccess" classname="com.epita.GetSocialControllerTest" time="0.228">
    <system-out><![CDATA[2025-04-12 23:12:05,266 INFO  [com.epi.GetSocialControllerTest] (main) [TEST SETUP] Nettoyage de la base de données Neo4j...
2025-04-12 23:12:05,277 INFO  [com.epi.GetSocialControllerTest] (main) [TEST SETUP] Base de données Neo4j nettoyée avec succès
2025-04-12 23:12:05,371 INFO  [com.epi.ser.SocialService] (executor-thread-1) [USER EXISTS][SERVICE]: User followerUser exists.
2025-04-12 23:12:05,377 INFO  [com.epi.ser.SocialService] (executor-thread-1) [USER EXISTS][SERVICE]: User followedUser exists.
2025-04-12 23:12:05,387 INFO  [com.epi.ser.SocialService] (executor-thread-1) [USER BLOCKED][SERVICE]: User followerUser is not blocked by followedUser
2025-04-12 23:12:05,396 INFO  [com.epi.ser.SocialService] (executor-thread-1) [USER BLOCKED][SERVICE]: User followedUser is not blocked by followerUser
2025-04-12 23:12:05,406 INFO  [com.epi.ser.SocialService] (executor-thread-1) [USER FOLLOWING][SERVICE]: User followerUser is not following followedUser
2025-04-12 23:12:05,421 INFO  [com.epi.ser.SocialService] (executor-thread-1) [USER FOLLOW][SERVICE]: Creating relationship: Relationship[source=Node{nodeType=User, nodeId='followerUser'}, target=Node{nodeType=User, nodeId='followedUser'}, type=FOLLOWS, timestamp=1744492325406]
2025-04-12 23:12:05,421 INFO  [com.epi.ser.SocialService] (executor-thread-1) [USER FOLLOW][SERVICE]: Publishing event: UserActionEvent{actionType=USER_FOLLOWED, userId='null', targetId='null', postId='null', postContent='null', timestamp=null}
2025-04-12 23:12:05,423 INFO  [com.epi.con.UpdateSocialController] (executor-thread-1) [FOLLOW USER][CONTROLLER]: followerUser suit followedUser
2025-04-12 23:12:05,454 INFO  [com.epi.ser.SocialService] (executor-thread-1) [USER EXISTS][SERVICE]: User followerUser exists.
2025-04-12 23:12:05,454 INFO  [com.epi.rep.SocialRepoNeo4j] (executor-thread-1) [GET USER FOLLOWS][REPOSITORY]: Récupération des utilisateurs suivis par: followerUser
2025-04-12 23:12:05,471 INFO  [com.epi.ser.SocialService] (executor-thread-1) [USER FOLLOWS][SERVICE]: Users followed by user followerUser: [followedUser]
2025-04-12 23:12:05,471 INFO  [com.epi.con.GetSocialController] (executor-thread-1) [GET FOLLOWS][CONTROLLER]: Récupération des utilisateurs suivis par followerUser
]]></system-out>
  </testcase>
  <testcase name="testGetLikeUsersNotFound" classname="com.epita.GetSocialControllerTest" time="0.065">
    <system-out><![CDATA[2025-04-12 23:12:05,495 INFO  [com.epi.GetSocialControllerTest] (main) [TEST SETUP] Nettoyage de la base de données Neo4j...
2025-04-12 23:12:05,505 INFO  [com.epi.GetSocialControllerTest] (main) [TEST SETUP] Base de données Neo4j nettoyée avec succès
2025-04-12 23:12:05,558 INFO  [com.epi.ser.SocialService] (executor-thread-1) [POST EXISTS][SERVICE]: Post 8593fa32-8b9b-4804-90fa-945ef548c335 does not exist.
]]></system-out>
  </testcase>
  <testcase name="testGetFollowersUserNotFound" classname="com.epita.GetSocialControllerTest" time="0.069">
    <system-out><![CDATA[2025-04-12 23:12:05,561 INFO  [com.epi.GetSocialControllerTest] (main) [TEST SETUP] Nettoyage de la base de données Neo4j...
2025-04-12 23:12:05,570 INFO  [com.epi.GetSocialControllerTest] (main) [TEST SETUP] Base de données Neo4j nettoyée avec succès
2025-04-12 23:12:05,627 INFO  [com.epi.ser.SocialService] (executor-thread-1) [USER EXISTS][SERVICE]: User nonexistentUser does not exist.
]]></system-out>
  </testcase>
</testsuite>