<?xml version="1.0" encoding="UTF-8"?>
<testsuite xmlns:xsi="http://www.w3.org/2001/XMLSchema-instance" xsi:noNamespaceSchemaLocation="https://maven.apache.org/surefire/maven-surefire-plugin/xsd/surefire-test-report-3.0.xsd" version="3.0" name="RepoPostTest" time="10.138" tests="22" errors="0" skipped="0" failures="0">
  <properties>
    <property name="java.specification.version" value="17"/>
    <property name="sun.cpu.isalist" value="amd64"/>
    <property name="test.url" value="http://localhost:8081"/>
    <property name="sun.jnu.encoding" value="Cp1252"/>
    <property name="java.class.path" value="C:\Users\Gabriel\dev\epitweeet\repo-post\target\test-classes;C:\Users\Gabriel\dev\epitweeet\repo-post\target\classes;C:\Users\Gabriel\.m2\repository\jakarta\validation\jakarta.validation-api\3.0.2\jakarta.validation-api-3.0.2.jar;C:\Users\Gabriel\.m2\repository\io\quarkiverse\neo4j\quarkus-neo4j\3.0.3\quarkus-neo4j-3.0.3.jar;C:\Users\Gabriel\.m2\repository\io\quarkus\quarkus-arc\3.0.4.Final\quarkus-arc-3.0.4.Final.jar;C:\Users\Gabriel\.m2\repository\io\quarkus\arc\arc\3.0.4.Final\arc-3.0.4.Final.jar;C:\Users\Gabriel\.m2\repository\jakarta\transaction\jakarta.transaction-api\2.0.1\jakarta.transaction-api-2.0.1.jar;C:\Users\Gabriel\.m2\repository\org\eclipse\microprofile\context-propagation\microprofile-context-propagation-api\1.3\microprofile-context-propagation-api-1.3.jar;C:\Users\Gabriel\.m2\repository\org\neo4j\driver\neo4j-java-driver\5.8.0\neo4j-java-driver-5.8.0.jar;C:\Users\Gabriel\.m2\repository\org\reactivestreams\reactive-streams\1.0.4\reactive-streams-1.0.4.jar;C:\Users\Gabriel\.m2\repository\io\netty\netty-handler\4.1.90.Final\netty-handler-4.1.90.Final.jar;C:\Users\Gabriel\.m2\repository\io\netty\netty-common\4.1.90.Final\netty-common-4.1.90.Final.jar;C:\Users\Gabriel\.m2\repository\io\netty\netty-resolver\4.1.90.Final\netty-resolver-4.1.90.Final.jar;C:\Users\Gabriel\.m2\repository\io\netty\netty-buffer\4.1.90.Final\netty-buffer-4.1.90.Final.jar;C:\Users\Gabriel\.m2\repository\io\netty\netty-transport\4.1.90.Final\netty-transport-4.1.90.Final.jar;C:\Users\Gabriel\.m2\repository\io\netty\netty-transport-native-unix-common\4.1.90.Final\netty-transport-native-unix-common-4.1.90.Final.jar;C:\Users\Gabriel\.m2\repository\io\netty\netty-codec\4.1.90.Final\netty-codec-4.1.90.Final.jar;C:\Users\Gabriel\.m2\repository\io\netty\netty-tcnative-classes\2.0.59.Final\netty-tcnative-classes-2.0.59.Final.jar;C:\Users\Gabriel\.m2\repository\io\projectreactor\reactor-core\3.5.5\reactor-core-3.5.5.jar;C:\Users\Gabriel\dev\epitweeet\common-tools\target\common-tools-1.0.0.jar;C:\Users\Gabriel\.m2\repository\io\quarkus\quarkus-core\3.0.4.Final\quarkus-core-3.0.4.Final.jar;C:\Users\Gabriel\.m2\repository\jakarta\annotation\jakarta.annotation-api\2.1.1\jakarta.annotation-api-2.1.1.jar;C:\Users\Gabriel\.m2\repository\jakarta\enterprise\jakarta.enterprise.cdi-api\4.0.1\jakarta.enterprise.cdi-api-4.0.1.jar;C:\Users\Gabriel\.m2\repository\jakarta\enterprise\jakarta.enterprise.lang-model\4.0.1\jakarta.enterprise.lang-model-4.0.1.jar;C:\Users\Gabriel\.m2\repository\jakarta\el\jakarta.el-api\5.0.1\jakarta.el-api-5.0.1.jar;C:\Users\Gabriel\.m2\repository\jakarta\interceptor\jakarta.interceptor-api\2.1.0\jakarta.interceptor-api-2.1.0.jar;C:\Users\Gabriel\.m2\repository\jakarta\inject\jakarta.inject-api\2.0.1\jakarta.inject-api-2.0.1.jar;C:\Users\Gabriel\.m2\repository\io\smallrye\common\smallrye-common-os\2.1.0\smallrye-common-os-2.1.0.jar;C:\Users\Gabriel\.m2\repository\io\quarkus\quarkus-ide-launcher\3.0.4.Final\quarkus-ide-launcher-3.0.4.Final.jar;C:\Users\Gabriel\.m2\repository\io\quarkus\quarkus-development-mode-spi\3.0.4.Final\quarkus-development-mode-spi-3.0.4.Final.jar;C:\Users\Gabriel\.m2\repository\io\smallrye\config\smallrye-config\3.2.1\smallrye-config-3.2.1.jar;C:\Users\Gabriel\.m2\repository\io\smallrye\config\smallrye-config-core\3.2.1\smallrye-config-core-3.2.1.jar;C:\Users\Gabriel\.m2\repository\io\smallrye\common\smallrye-common-expression\2.1.0\smallrye-common-expression-2.1.0.jar;C:\Users\Gabriel\.m2\repository\io\smallrye\common\smallrye-common-function\2.1.0\smallrye-common-function-2.1.0.jar;C:\Users\Gabriel\.m2\repository\io\smallrye\common\smallrye-common-classloader\2.1.0\smallrye-common-classloader-2.1.0.jar;C:\Users\Gabriel\.m2\repository\io\smallrye\config\smallrye-config-common\3.2.1\smallrye-config-common-3.2.1.jar;C:\Users\Gabriel\.m2\repository\org\jboss\logmanager\jboss-logmanager-embedded\1.1.1\jboss-logmanager-embedded-1.1.1.jar;C:\Users\Gabriel\.m2\repository\org\jboss\logging\jboss-logging-annotations\2.2.1.Final\jboss-logging-annotations-2.2.1.Final.jar;C:\Users\Gabriel\.m2\repository\org\jboss\threads\jboss-threads\3.5.0.Final\jboss-threads-3.5.0.Final.jar;C:\Users\Gabriel\.m2\repository\org\slf4j\slf4j-api\2.0.6\slf4j-api-2.0.6.jar;C:\Users\Gabriel\.m2\repository\org\jboss\slf4j\slf4j-jboss-logmanager\2.0.0.Final\slf4j-jboss-logmanager-2.0.0.Final.jar;C:\Users\Gabriel\.m2\repository\org\graalvm\sdk\graal-sdk\22.3.0\graal-sdk-22.3.0.jar;C:\Users\Gabriel\.m2\repository\org\wildfly\common\wildfly-common\1.5.4.Final-format-001\wildfly-common-1.5.4.Final-format-001.jar;C:\Users\Gabriel\.m2\repository\io\quarkus\quarkus-bootstrap-runner\3.0.4.Final\quarkus-bootstrap-runner-3.0.4.Final.jar;C:\Users\Gabriel\.m2\repository\io\quarkus\quarkus-fs-util\0.0.9\quarkus-fs-util-0.0.9.jar;C:\Users\Gabriel\.m2\repository\com\fasterxml\jackson\core\jackson-databind\2.14.2\jackson-databind-2.14.2.jar;C:\Users\Gabriel\.m2\repository\com\fasterxml\jackson\core\jackson-annotations\2.14.2\jackson-annotations-2.14.2.jar;C:\Users\Gabriel\.m2\repository\com\fasterxml\jackson\core\jackson-core\2.14.2\jackson-core-2.14.2.jar;C:\Users\Gabriel\.m2\repository\io\quarkus\quarkus-resteasy-reactive-jackson\3.0.4.Final\quarkus-resteasy-reactive-jackson-3.0.4.Final.jar;C:\Users\Gabriel\.m2\repository\io\quarkus\quarkus-resteasy-reactive\3.0.4.Final\quarkus-resteasy-reactive-3.0.4.Final.jar;C:\Users\Gabriel\.m2\repository\io\quarkus\quarkus-resteasy-reactive-common\3.0.4.Final\quarkus-resteasy-reactive-common-3.0.4.Final.jar;C:\Users\Gabriel\.m2\repository\io\quarkus\resteasy\reactive\resteasy-reactive-common\3.0.4.Final\resteasy-reactive-common-3.0.4.Final.jar;C:\Users\Gabriel\.m2\repository\io\quarkus\resteasy\reactive\resteasy-reactive-common-types\3.0.4.Final\resteasy-reactive-common-types-3.0.4.Final.jar;C:\Users\Gabriel\.m2\repository\io\quarkus\resteasy\reactive\resteasy-reactive-vertx\3.0.4.Final\resteasy-reactive-vertx-3.0.4.Final.jar;C:\Users\Gabriel\.m2\repository\io\quarkus\resteasy\reactive\resteasy-reactive\3.0.4.Final\resteasy-reactive-3.0.4.Final.jar;C:\Users\Gabriel\.m2\repository\jakarta\ws\rs\jakarta.ws.rs-api\3.1.0\jakarta.ws.rs-api-3.1.0.jar;C:\Users\Gabriel\.m2\repository\jakarta\xml\bind\jakarta.xml.bind-api\4.0.0\jakarta.xml.bind-api-4.0.0.jar;C:\Users\Gabriel\.m2\repository\jakarta\activation\jakarta.activation-api\2.1.1\jakarta.activation-api-2.1.1.jar;C:\Users\Gabriel\.m2\repository\io\quarkus\quarkus-jsonp\3.0.4.Final\quarkus-jsonp-3.0.4.Final.jar;C:\Users\Gabriel\.m2\repository\org\eclipse\parsson\parsson\1.1.1\parsson-1.1.1.jar;C:\Users\Gabriel\.m2\repository\jakarta\json\jakarta.json-api\2.1.1\jakarta.json-api-2.1.1.jar;C:\Users\Gabriel\.m2\repository\io\quarkus\quarkus-resteasy-reactive-jackson-common\3.0.4.Final\quarkus-resteasy-reactive-jackson-common-3.0.4.Final.jar;C:\Users\Gabriel\.m2\repository\io\quarkus\resteasy\reactive\resteasy-reactive-jackson\3.0.4.Final\resteasy-reactive-jackson-3.0.4.Final.jar;C:\Users\Gabriel\.m2\repository\io\quarkus\quarkus-smallrye-openapi\3.0.4.Final\quarkus-smallrye-openapi-3.0.4.Final.jar;C:\Users\Gabriel\.m2\repository\io\smallrye\smallrye-open-api-core\3.3.4\smallrye-open-api-core-3.3.4.jar;C:\Users\Gabriel\.m2\repository\org\eclipse\microprofile\openapi\microprofile-openapi-api\3.1\microprofile-openapi-api-3.1.jar;C:\Users\Gabriel\.m2\repository\org\eclipse\microprofile\config\microprofile-config-api\3.0.3\microprofile-config-api-3.0.3.jar;C:\Users\Gabriel\.m2\repository\com\fasterxml\jackson\dataformat\jackson-dataformat-yaml\2.14.2\jackson-dataformat-yaml-2.14.2.jar;C:\Users\Gabriel\.m2\repository\org\yaml\snakeyaml\2.0\snakeyaml-2.0.jar;C:\Users\Gabriel\.m2\repository\io\smallrye\jandex\3.0.5\jandex-3.0.5.jar;C:\Users\Gabriel\.m2\repository\io\quarkus\quarkus-vertx-http\3.0.4.Final\quarkus-vertx-http-3.0.4.Final.jar;C:\Users\Gabriel\.m2\repository\io\quarkus\quarkus-security-runtime-spi\3.0.4.Final\quarkus-security-runtime-spi-3.0.4.Final.jar;C:\Users\Gabriel\.m2\repository\io\quarkus\quarkus-credentials\3.0.4.Final\quarkus-credentials-3.0.4.Final.jar;C:\Users\Gabriel\.m2\repository\io\smallrye\common\smallrye-common-vertx-context\2.1.0\smallrye-common-vertx-context-2.1.0.jar;C:\Users\Gabriel\.m2\repository\io\vertx\vertx-core\4.4.1\vertx-core-4.4.1.jar;C:\Users\Gabriel\.m2\repository\io\netty\netty-handler-proxy\4.1.90.Final\netty-handler-proxy-4.1.90.Final.jar;C:\Users\Gabriel\.m2\repository\io\netty\netty-codec-socks\4.1.90.Final\netty-codec-socks-4.1.90.Final.jar;C:\Users\Gabriel\.m2\repository\io\netty\netty-resolver-dns\4.1.90.Final\netty-resolver-dns-4.1.90.Final.jar;C:\Users\Gabriel\.m2\repository\io\netty\netty-codec-dns\4.1.90.Final\netty-codec-dns-4.1.90.Final.jar;C:\Users\Gabriel\.m2\repository\io\smallrye\common\smallrye-common-constraint\2.1.0\smallrye-common-constraint-2.1.0.jar;C:\Users\Gabriel\.m2\repository\io\quarkus\quarkus-vertx-http-dev-console-runtime-spi\3.0.4.Final\quarkus-vertx-http-dev-console-runtime-spi-3.0.4.Final.jar;C:\Users\Gabriel\.m2\repository\io\quarkus\security\quarkus-security\2.0.2.Final\quarkus-security-2.0.2.Final.jar;C:\Users\Gabriel\.m2\repository\io\smallrye\reactive\smallrye-mutiny-vertx-web\3.3.0\smallrye-mutiny-vertx-web-3.3.0.jar;C:\Users\Gabriel\.m2\repository\io\smallrye\reactive\smallrye-mutiny-vertx-web-common\3.3.0\smallrye-mutiny-vertx-web-common-3.3.0.jar;C:\Users\Gabriel\.m2\repository\io\smallrye\reactive\smallrye-mutiny-vertx-auth-common\3.3.0\smallrye-mutiny-vertx-auth-common-3.3.0.jar;C:\Users\Gabriel\.m2\repository\io\smallrye\reactive\smallrye-mutiny-vertx-bridge-common\3.3.0\smallrye-mutiny-vertx-bridge-common-3.3.0.jar;C:\Users\Gabriel\.m2\repository\io\smallrye\reactive\smallrye-mutiny-vertx-uri-template\3.3.0\smallrye-mutiny-vertx-uri-template-3.3.0.jar;C:\Users\Gabriel\.m2\repository\io\vertx\vertx-uri-template\4.4.1\vertx-uri-template-4.4.1.jar;C:\Users\Gabriel\.m2\repository\io\vertx\vertx-web\4.4.1\vertx-web-4.4.1.jar;C:\Users\Gabriel\.m2\repository\io\vertx\vertx-web-common\4.4.1\vertx-web-common-4.4.1.jar;C:\Users\Gabriel\.m2\repository\io\vertx\vertx-auth-common\4.4.1\vertx-auth-common-4.4.1.jar;C:\Users\Gabriel\.m2\repository\io\vertx\vertx-bridge-common\4.4.1\vertx-bridge-common-4.4.1.jar;C:\Users\Gabriel\.m2\repository\io\github\crac\org-crac\0.1.3\org-crac-0.1.3.jar;C:\Users\Gabriel\.m2\repository\io\quarkus\quarkus-swagger-ui\3.0.4.Final\quarkus-swagger-ui-3.0.4.Final.jar;C:\Users\Gabriel\.m2\repository\org\projectlombok\lombok\1.18.28\lombok-1.18.28.jar;C:\Users\Gabriel\.m2\repository\io\quarkus\quarkus-junit5\3.0.4.Final\quarkus-junit5-3.0.4.Final.jar;C:\Users\Gabriel\.m2\repository\io\quarkus\quarkus-bootstrap-core\3.0.4.Final\quarkus-bootstrap-core-3.0.4.Final.jar;C:\Users\Gabriel\.m2\repository\io\quarkus\quarkus-bootstrap-app-model\3.0.4.Final\quarkus-bootstrap-app-model-3.0.4.Final.jar;C:\Users\Gabriel\.m2\repository\io\smallrye\common\smallrye-common-io\2.1.0\smallrye-common-io-2.1.0.jar;C:\Users\Gabriel\.m2\repository\org\eclipse\sisu\org.eclipse.sisu.inject\0.3.5\org.eclipse.sisu.inject-0.3.5.jar;C:\Users\Gabriel\.m2\repository\io\quarkus\quarkus-test-common\3.0.4.Final\quarkus-test-common-3.0.4.Final.jar;C:\Users\Gabriel\.m2\repository\io\quarkus\quarkus-core-deployment\3.0.4.Final\quarkus-core-deployment-3.0.4.Final.jar;C:\Users\Gabriel\.m2\repository\org\aesh\readline\2.4\readline-2.4.jar;C:\Users\Gabriel\.m2\repository\org\fusesource\jansi\jansi\2.4.0\jansi-2.4.0.jar;C:\Users\Gabriel\.m2\repository\org\aesh\aesh\2.7\aesh-2.7.jar;C:\Users\Gabriel\.m2\repository\io\quarkus\gizmo\gizmo\1.6.1.Final\gizmo-1.6.1.Final.jar;C:\Users\Gabriel\.m2\repository\org\ow2\asm\asm-util\9.5\asm-util-9.5.jar;C:\Users\Gabriel\.m2\repository\org\ow2\asm\asm-analysis\9.5\asm-analysis-9.5.jar;C:\Users\Gabriel\.m2\repository\org\ow2\asm\asm\9.5\asm-9.5.jar;C:\Users\Gabriel\.m2\repository\org\ow2\asm\asm-commons\9.5\asm-commons-9.5.jar;C:\Users\Gabriel\.m2\repository\org\ow2\asm\asm-tree\9.5\asm-tree-9.5.jar;C:\Users\Gabriel\.m2\repository\io\quarkus\quarkus-class-change-agent\3.0.4.Final\quarkus-class-change-agent-3.0.4.Final.jar;C:\Users\Gabriel\.m2\repository\io\quarkus\quarkus-devtools-utilities\3.0.4.Final\quarkus-devtools-utilities-3.0.4.Final.jar;C:\Users\Gabriel\.m2\repository\io\quarkus\quarkus-builder\3.0.4.Final\quarkus-builder-3.0.4.Final.jar;C:\Users\Gabriel\.m2\repository\org\junit\platform\junit-platform-launcher\1.9.2\junit-platform-launcher-1.9.2.jar;C:\Users\Gabriel\.m2\repository\io\quarkus\quarkus-bootstrap-maven-resolver\3.0.4.Final\quarkus-bootstrap-maven-resolver-3.0.4.Final.jar;C:\Users\Gabriel\.m2\repository\io\smallrye\beanbag\smallrye-beanbag-maven\1.1.0\smallrye-beanbag-maven-1.1.0.jar;C:\Users\Gabriel\.m2\repository\io\smallrye\beanbag\smallrye-beanbag-sisu\1.1.0\smallrye-beanbag-sisu-1.1.0.jar;C:\Users\Gabriel\.m2\repository\io\smallrye\beanbag\smallrye-beanbag\1.1.0\smallrye-beanbag-1.1.0.jar;C:\Users\Gabriel\.m2\repository\javax\inject\javax.inject\1\javax.inject-1.jar;C:\Users\Gabriel\.m2\repository\org\apache\maven\maven-artifact\3.9.1\maven-artifact-3.9.1.jar;C:\Users\Gabriel\.m2\repository\org\apache\maven\maven-builder-support\3.9.1\maven-builder-support-3.9.1.jar;C:\Users\Gabriel\.m2\repository\org\apache\maven\maven-model\3.9.1\maven-model-3.9.1.jar;C:\Users\Gabriel\.m2\repository\org\apache\maven\maven-model-builder\3.9.1\maven-model-builder-3.9.1.jar;C:\Users\Gabriel\.m2\repository\org\apache\maven\maven-repository-metadata\3.9.1\maven-repository-metadata-3.9.1.jar;C:\Users\Gabriel\.m2\repository\org\apache\maven\maven-settings\3.9.1\maven-settings-3.9.1.jar;C:\Users\Gabriel\.m2\repository\org\apache\maven\resolver\maven-resolver-api\1.9.7\maven-resolver-api-1.9.7.jar;C:\Users\Gabriel\.m2\repository\org\apache\maven\resolver\maven-resolver-impl\1.9.7\maven-resolver-impl-1.9.7.jar;C:\Users\Gabriel\.m2\repository\org\apache\maven\resolver\maven-resolver-named-locks\1.9.7\maven-resolver-named-locks-1.9.7.jar;C:\Users\Gabriel\.m2\repository\org\apache\maven\resolver\maven-resolver-spi\1.9.7\maven-resolver-spi-1.9.7.jar;C:\Users\Gabriel\.m2\repository\org\apache\maven\resolver\maven-resolver-util\1.9.7\maven-resolver-util-1.9.7.jar;C:\Users\Gabriel\.m2\repository\org\apache\maven\wagon\wagon-provider-api\3.5.3\wagon-provider-api-3.5.3.jar;C:\Users\Gabriel\.m2\repository\org\apache\maven\wagon\wagon-http-lightweight\3.5.3\wagon-http-lightweight-3.5.3.jar;C:\Users\Gabriel\.m2\repository\org\apache\maven\wagon\wagon-http-shared\3.5.3\wagon-http-shared-3.5.3.jar;C:\Users\Gabriel\.m2\repository\org\codehaus\plexus\plexus-interpolation\1.26\plexus-interpolation-1.26.jar;C:\Users\Gabriel\.m2\repository\org\codehaus\plexus\plexus-utils\3.5.1\plexus-utils-3.5.1.jar;C:\Users\Gabriel\.m2\repository\org\sonatype\plexus\plexus-cipher\1.7\plexus-cipher-1.7.jar;C:\Users\Gabriel\.m2\repository\org\sonatype\plexus\plexus-sec-dispatcher\1.4\plexus-sec-dispatcher-1.4.jar;C:\Users\Gabriel\.m2\repository\org\apache\maven\maven-embedder\3.9.1\maven-embedder-3.9.1.jar;C:\Users\Gabriel\.m2\repository\org\apache\maven\maven-core\3.9.1\maven-core-3.9.1.jar;C:\Users\Gabriel\.m2\repository\org\codehaus\plexus\plexus-component-annotations\2.1.0\plexus-component-annotations-2.1.0.jar;C:\Users\Gabriel\.m2\repository\org\apache\maven\maven-plugin-api\3.9.1\maven-plugin-api-3.9.1.jar;C:\Users\Gabriel\.m2\repository\org\apache\maven\shared\maven-shared-utils\3.3.4\maven-shared-utils-3.3.4.jar;C:\Users\Gabriel\.m2\repository\com\google\inject\guice\5.1.0\guice-5.1.0.jar;C:\Users\Gabriel\.m2\repository\aopalliance\aopalliance\1.0\aopalliance-1.0.jar;C:\Users\Gabriel\.m2\repository\com\google\guava\guava\31.1-jre\guava-31.1-jre.jar;C:\Users\Gabriel\.m2\repository\com\google\guava\failureaccess\1.0.1\failureaccess-1.0.1.jar;C:\Users\Gabriel\.m2\repository\javax\annotation\javax.annotation-api\1.3.2\javax.annotation-api-1.3.2.jar;C:\Users\Gabriel\.m2\repository\org\codehaus\plexus\plexus-classworlds\2.6.0\plexus-classworlds-2.6.0.jar;C:\Users\Gabriel\.m2\repository\org\codehaus\plexus\plexus-sec-dispatcher\2.0\plexus-sec-dispatcher-2.0.jar;C:\Users\Gabriel\.m2\repository\org\codehaus\plexus\plexus-cipher\2.0\plexus-cipher-2.0.jar;C:\Users\Gabriel\.m2\repository\commons-cli\commons-cli\1.4\commons-cli-1.4.jar;C:\Users\Gabriel\.m2\repository\org\eclipse\sisu\org.eclipse.sisu.plexus\0.3.5\org.eclipse.sisu.plexus-0.3.5.jar;C:\Users\Gabriel\.m2\repository\org\apache\maven\maven-settings-builder\3.9.1\maven-settings-builder-3.9.1.jar;C:\Users\Gabriel\.m2\repository\org\apache\maven\maven-resolver-provider\3.9.1\maven-resolver-provider-3.9.1.jar;C:\Users\Gabriel\.m2\repository\org\apache\maven\resolver\maven-resolver-connector-basic\1.9.7\maven-resolver-connector-basic-1.9.7.jar;C:\Users\Gabriel\.m2\repository\org\apache\maven\resolver\maven-resolver-transport-wagon\1.9.7\maven-resolver-transport-wagon-1.9.7.jar;C:\Users\Gabriel\.m2\repository\org\apache\maven\wagon\wagon-http\3.5.3\wagon-http-3.5.3.jar;C:\Users\Gabriel\.m2\repository\org\apache\maven\wagon\wagon-file\3.5.3\wagon-file-3.5.3.jar;C:\Users\Gabriel\.m2\repository\io\quarkus\quarkus-bootstrap-gradle-resolver\3.0.4.Final\quarkus-bootstrap-gradle-resolver-3.0.4.Final.jar;C:\Users\Gabriel\.m2\repository\commons-io\commons-io\2.11.0\commons-io-2.11.0.jar;C:\Users\Gabriel\.m2\repository\org\jboss\logging\commons-logging-jboss-logging\1.0.0.Final\commons-logging-jboss-logging-1.0.0.Final.jar;C:\Users\Gabriel\.m2\repository\io\quarkus\quarkus-junit5-properties\3.0.4.Final\quarkus-junit5-properties-3.0.4.Final.jar;C:\Users\Gabriel\.m2\repository\org\junit\jupiter\junit-jupiter\5.9.2\junit-jupiter-5.9.2.jar;C:\Users\Gabriel\.m2\repository\org\junit\jupiter\junit-jupiter-api\5.9.2\junit-jupiter-api-5.9.2.jar;C:\Users\Gabriel\.m2\repository\org\opentest4j\opentest4j\1.2.0\opentest4j-1.2.0.jar;C:\Users\Gabriel\.m2\repository\org\junit\platform\junit-platform-commons\1.9.2\junit-platform-commons-1.9.2.jar;C:\Users\Gabriel\.m2\repository\org\apiguardian\apiguardian-api\1.1.2\apiguardian-api-1.1.2.jar;C:\Users\Gabriel\.m2\repository\org\junit\jupiter\junit-jupiter-params\5.9.2\junit-jupiter-params-5.9.2.jar;C:\Users\Gabriel\.m2\repository\org\junit\jupiter\junit-jupiter-engine\5.9.2\junit-jupiter-engine-5.9.2.jar;C:\Users\Gabriel\.m2\repository\org\junit\platform\junit-platform-engine\1.9.2\junit-platform-engine-1.9.2.jar;C:\Users\Gabriel\.m2\repository\com\thoughtworks\xstream\xstream\1.4.20\xstream-1.4.20.jar;C:\Users\Gabriel\.m2\repository\io\github\x-stream\mxparser\1.2.2\mxparser-1.2.2.jar;C:\Users\Gabriel\.m2\repository\xmlpull\xmlpull\1.1.3.1\xmlpull-1.1.3.1.jar;C:\Users\Gabriel\.m2\repository\io\rest-assured\rest-assured\5.3.0\rest-assured-5.3.0.jar;C:\Users\Gabriel\.m2\repository\org\apache\groovy\groovy\4.0.6\groovy-4.0.6.jar;C:\Users\Gabriel\.m2\repository\org\apache\groovy\groovy-xml\4.0.6\groovy-xml-4.0.6.jar;C:\Users\Gabriel\.m2\repository\org\apache\httpcomponents\httpclient\4.5.14\httpclient-4.5.14.jar;C:\Users\Gabriel\.m2\repository\org\apache\httpcomponents\httpcore\4.4.16\httpcore-4.4.16.jar;C:\Users\Gabriel\.m2\repository\commons-codec\commons-codec\1.15\commons-codec-1.15.jar;C:\Users\Gabriel\.m2\repository\org\apache\httpcomponents\httpmime\4.5.14\httpmime-4.5.14.jar;C:\Users\Gabriel\.m2\repository\org\hamcrest\hamcrest\2.1\hamcrest-2.1.jar;C:\Users\Gabriel\.m2\repository\org\ccil\cowan\tagsoup\tagsoup\1.2.1\tagsoup-1.2.1.jar;C:\Users\Gabriel\.m2\repository\io\rest-assured\json-path\5.3.0\json-path-5.3.0.jar;C:\Users\Gabriel\.m2\repository\org\apache\groovy\groovy-json\4.0.6\groovy-json-4.0.6.jar;C:\Users\Gabriel\.m2\repository\io\rest-assured\rest-assured-common\5.3.0\rest-assured-common-5.3.0.jar;C:\Users\Gabriel\.m2\repository\io\rest-assured\xml-path\5.3.0\xml-path-5.3.0.jar;C:\Users\Gabriel\.m2\repository\org\apache\commons\commons-lang3\3.12.0\commons-lang3-3.12.0.jar;C:\Users\Gabriel\.m2\repository\io\quarkus\quarkus-mongodb-panache\3.0.4.Final\quarkus-mongodb-panache-3.0.4.Final.jar;C:\Users\Gabriel\.m2\repository\io\quarkus\quarkus-panache-common\3.0.4.Final\quarkus-panache-common-3.0.4.Final.jar;C:\Users\Gabriel\.m2\repository\io\quarkus\quarkus-mongodb-panache-common\3.0.4.Final\quarkus-mongodb-panache-common-3.0.4.Final.jar;C:\Users\Gabriel\.m2\repository\io\quarkus\quarkus-panacheql\3.0.4.Final\quarkus-panacheql-3.0.4.Final.jar;C:\Users\Gabriel\.m2\repository\org\antlr\antlr4-runtime\4.10.1\antlr4-runtime-4.10.1.jar;C:\Users\Gabriel\.m2\repository\io\quarkus\quarkus-narayana-jta\3.0.4.Final\quarkus-narayana-jta-3.0.4.Final.jar;C:\Users\Gabriel\.m2\repository\io\quarkus\quarkus-transaction-annotations\3.0.4.Final\quarkus-transaction-annotations-3.0.4.Final.jar;C:\Users\Gabriel\.m2\repository\io\smallrye\smallrye-context-propagation-jta\2.1.0\smallrye-context-propagation-jta-2.1.0.jar;C:\Users\Gabriel\.m2\repository\io\smallrye\reactive\smallrye-reactive-converter-api\3.0.0\smallrye-reactive-converter-api-3.0.0.jar;C:\Users\Gabriel\.m2\repository\io\smallrye\reactive\smallrye-reactive-converter-mutiny\3.0.0\smallrye-reactive-converter-mutiny-3.0.0.jar;C:\Users\Gabriel\.m2\repository\org\jboss\narayana\jta\narayana-jta\6.0.1.Final\narayana-jta-6.0.1.Final.jar;C:\Users\Gabriel\.m2\repository\org\jboss\jboss-transaction-spi\8.0.0.Final\jboss-transaction-spi-8.0.0.Final.jar;C:\Users\Gabriel\.m2\repository\jakarta\resource\jakarta.resource-api\2.0.0\jakarta.resource-api-2.0.0.jar;C:\Users\Gabriel\.m2\repository\org\jboss\invocation\jboss-invocation\2.0.0.Final\jboss-invocation-2.0.0.Final.jar;C:\Users\Gabriel\.m2\repository\jakarta\ejb\jakarta.ejb-api\4.0.1\jakarta.ejb-api-4.0.1.jar;C:\Users\Gabriel\.m2\repository\org\jboss\narayana\jts\narayana-jts-integration\6.0.1.Final\narayana-jts-integration-6.0.1.Final.jar;C:\Users\Gabriel\.m2\repository\io\quarkus\quarkus-redis-client\3.0.4.Final\quarkus-redis-client-3.0.4.Final.jar;C:\Users\Gabriel\.m2\repository\io\quarkus\quarkus-vertx\3.0.4.Final\quarkus-vertx-3.0.4.Final.jar;C:\Users\Gabriel\.m2\repository\io\quarkus\quarkus-netty\3.0.4.Final\quarkus-netty-3.0.4.Final.jar;C:\Users\Gabriel\.m2\repository\io\netty\netty-codec-http\4.1.90.Final\netty-codec-http-4.1.90.Final.jar;C:\Users\Gabriel\.m2\repository\io\netty\netty-codec-http2\4.1.90.Final\netty-codec-http2-4.1.90.Final.jar;C:\Users\Gabriel\.m2\repository\com\aayushatharva\brotli4j\brotli4j\1.11.0\brotli4j-1.11.0.jar;C:\Users\Gabriel\.m2\repository\com\aayushatharva\brotli4j\service\1.11.0\service-1.11.0.jar;C:\Users\Gabriel\.m2\repository\com\aayushatharva\brotli4j\native-windows-x86_64\1.11.0\native-windows-x86_64-1.11.0.jar;C:\Users\Gabriel\.m2\repository\io\netty\netty-codec-haproxy\4.1.90.Final\netty-codec-haproxy-4.1.90.Final.jar;C:\Users\Gabriel\.m2\repository\io\smallrye\common\smallrye-common-annotation\2.1.0\smallrye-common-annotation-2.1.0.jar;C:\Users\Gabriel\.m2\repository\io\quarkus\quarkus-vertx-latebound-mdc-provider\3.0.4.Final\quarkus-vertx-latebound-mdc-provider-3.0.4.Final.jar;C:\Users\Gabriel\.m2\repository\io\smallrye\reactive\smallrye-mutiny-vertx-core\3.3.0\smallrye-mutiny-vertx-core-3.3.0.jar;C:\Users\Gabriel\.m2\repository\io\smallrye\reactive\smallrye-mutiny-vertx-runtime\3.3.0\smallrye-mutiny-vertx-runtime-3.3.0.jar;C:\Users\Gabriel\.m2\repository\io\smallrye\reactive\vertx-mutiny-generator\3.3.0\vertx-mutiny-generator-3.3.0.jar;C:\Users\Gabriel\.m2\repository\io\vertx\vertx-codegen\4.4.1\vertx-codegen-4.4.1.jar;C:\Users\Gabriel\.m2\repository\io\smallrye\smallrye-fault-tolerance-vertx\6.2.2\smallrye-fault-tolerance-vertx-6.2.2.jar;C:\Users\Gabriel\.m2\repository\io\quarkus\quarkus-jackson\3.0.4.Final\quarkus-jackson-3.0.4.Final.jar;C:\Users\Gabriel\.m2\repository\com\fasterxml\jackson\datatype\jackson-datatype-jsr310\2.14.2\jackson-datatype-jsr310-2.14.2.jar;C:\Users\Gabriel\.m2\repository\com\fasterxml\jackson\datatype\jackson-datatype-jdk8\2.14.2\jackson-datatype-jdk8-2.14.2.jar;C:\Users\Gabriel\.m2\repository\com\fasterxml\jackson\module\jackson-module-parameter-names\2.14.2\jackson-module-parameter-names-2.14.2.jar;C:\Users\Gabriel\.m2\repository\io\smallrye\reactive\smallrye-mutiny-vertx-redis-client\3.3.0\smallrye-mutiny-vertx-redis-client-3.3.0.jar;C:\Users\Gabriel\.m2\repository\io\vertx\vertx-redis-client\4.4.1\vertx-redis-client-4.4.1.jar;C:\Users\Gabriel\.m2\repository\org\hibernate\validator\hibernate-validator\8.0.0.Final\hibernate-validator-8.0.0.Final.jar;C:\Users\Gabriel\.m2\repository\org\jboss\logging\jboss-logging\3.5.0.Final\jboss-logging-3.5.0.Final.jar;C:\Users\Gabriel\.m2\repository\com\fasterxml\classmate\1.5.1\classmate-1.5.1.jar;C:\Users\Gabriel\.m2\repository\io\quarkus\quarkus-mongodb-client\3.0.4.Final\quarkus-mongodb-client-3.0.4.Final.jar;C:\Users\Gabriel\.m2\repository\io\quarkus\quarkus-mutiny\3.0.4.Final\quarkus-mutiny-3.0.4.Final.jar;C:\Users\Gabriel\.m2\repository\io\smallrye\reactive\mutiny\2.1.0\mutiny-2.1.0.jar;C:\Users\Gabriel\.m2\repository\io\quarkus\quarkus-smallrye-context-propagation\3.0.4.Final\quarkus-smallrye-context-propagation-3.0.4.Final.jar;C:\Users\Gabriel\.m2\repository\io\smallrye\smallrye-context-propagation\2.1.0\smallrye-context-propagation-2.1.0.jar;C:\Users\Gabriel\.m2\repository\io\smallrye\smallrye-context-propagation-api\2.1.0\smallrye-context-propagation-api-2.1.0.jar;C:\Users\Gabriel\.m2\repository\io\smallrye\smallrye-context-propagation-storage\2.1.0\smallrye-context-propagation-storage-2.1.0.jar;C:\Users\Gabriel\.m2\repository\io\smallrye\reactive\mutiny-smallrye-context-propagation\2.1.0\mutiny-smallrye-context-propagation-2.1.0.jar;C:\Users\Gabriel\.m2\repository\io\smallrye\reactive\mutiny-zero-flow-adapters\1.0.0\mutiny-zero-flow-adapters-1.0.0.jar;C:\Users\Gabriel\.m2\repository\io\quarkus\quarkus-mutiny-reactive-streams-operators\3.0.4.Final\quarkus-mutiny-reactive-streams-operators-3.0.4.Final.jar;C:\Users\Gabriel\.m2\repository\org\eclipse\microprofile\reactive-streams-operators\microprofile-reactive-streams-operators-api\3.0\microprofile-reactive-streams-operators-api-3.0.jar;C:\Users\Gabriel\.m2\repository\org\eclipse\microprofile\reactive-streams-operators\microprofile-reactive-streams-operators-core\3.0\microprofile-reactive-streams-operators-core-3.0.jar;C:\Users\Gabriel\.m2\repository\io\smallrye\reactive\mutiny-reactive-streams-operators\2.1.0\mutiny-reactive-streams-operators-2.1.0.jar;C:\Users\Gabriel\.m2\repository\org\mongodb\mongodb-driver-sync\4.9.1\mongodb-driver-sync-4.9.1.jar;C:\Users\Gabriel\.m2\repository\org\mongodb\bson\4.9.1\bson-4.9.1.jar;C:\Users\Gabriel\.m2\repository\org\mongodb\mongodb-driver-core\4.9.1\mongodb-driver-core-4.9.1.jar;C:\Users\Gabriel\.m2\repository\org\mongodb\bson-record-codec\4.9.1\bson-record-codec-4.9.1.jar;C:\Users\Gabriel\.m2\repository\org\mongodb\mongodb-driver-reactivestreams\4.9.1\mongodb-driver-reactivestreams-4.9.1.jar;C:\Users\Gabriel\.m2\repository\org\mongodb\mongodb-crypt\1.7.3\mongodb-crypt-1.7.3.jar;C:\Users\Gabriel\.m2\repository\net\java\dev\jna\jna\5.8.0\jna-5.8.0.jar;"/>
    <property name="java.vm.vendor" value="Microsoft"/>
    <property name="sun.arch.data.model" value="64"/>
    <property name="user.variant" value=""/>
    <property name="java.vendor.url" value="https://www.microsoft.com"/>
    <property name="user.timezone" value="Europe/Paris"/>
    <property name="logging.initial-configurator.min-level" value="500"/>
    <property name="os.name" value="Windows 10"/>
    <property name="java.vm.specification.version" value="17"/>
    <property name="sun.java.launcher" value="SUN_STANDARD"/>
    <property name="user.country" value="FR"/>
    <property name="mp.openapi.extensions.smallrye.defaultProduces" value="application/json"/>
    <property name="sun.boot.library.path" value="C:\Program Files\Microsoft\jdk-17.0.14.7-hotspot\bin"/>
    <property name="sun.java.command" value="C:\Users\Gabriel\AppData\Local\Temp\surefire14172266660053412189\surefirebooter-20250412231131814_13.jar C:\Users\Gabriel\AppData\Local\Temp\surefire14172266660053412189 2025-04-12T23-11-01_223-jvmRun1 surefire-20250412231131814_11tmp surefire_1-20250412231131814_12tmp"/>
    <property name="jdk.debug" value="release"/>
    <property name="maven.home" value="C:\apache-maven-3.9.7"/>
    <property name="surefire.test.class.path" value="C:\Users\Gabriel\dev\epitweeet\repo-post\target\test-classes;C:\Users\Gabriel\dev\epitweeet\repo-post\target\classes;C:\Users\Gabriel\.m2\repository\jakarta\validation\jakarta.validation-api\3.0.2\jakarta.validation-api-3.0.2.jar;C:\Users\Gabriel\.m2\repository\io\quarkiverse\neo4j\quarkus-neo4j\3.0.3\quarkus-neo4j-3.0.3.jar;C:\Users\Gabriel\.m2\repository\io\quarkus\quarkus-arc\3.0.4.Final\quarkus-arc-3.0.4.Final.jar;C:\Users\Gabriel\.m2\repository\io\quarkus\arc\arc\3.0.4.Final\arc-3.0.4.Final.jar;C:\Users\Gabriel\.m2\repository\jakarta\transaction\jakarta.transaction-api\2.0.1\jakarta.transaction-api-2.0.1.jar;C:\Users\Gabriel\.m2\repository\org\eclipse\microprofile\context-propagation\microprofile-context-propagation-api\1.3\microprofile-context-propagation-api-1.3.jar;C:\Users\Gabriel\.m2\repository\org\neo4j\driver\neo4j-java-driver\5.8.0\neo4j-java-driver-5.8.0.jar;C:\Users\Gabriel\.m2\repository\org\reactivestreams\reactive-streams\1.0.4\reactive-streams-1.0.4.jar;C:\Users\Gabriel\.m2\repository\io\netty\netty-handler\4.1.90.Final\netty-handler-4.1.90.Final.jar;C:\Users\Gabriel\.m2\repository\io\netty\netty-common\4.1.90.Final\netty-common-4.1.90.Final.jar;C:\Users\Gabriel\.m2\repository\io\netty\netty-resolver\4.1.90.Final\netty-resolver-4.1.90.Final.jar;C:\Users\Gabriel\.m2\repository\io\netty\netty-buffer\4.1.90.Final\netty-buffer-4.1.90.Final.jar;C:\Users\Gabriel\.m2\repository\io\netty\netty-transport\4.1.90.Final\netty-transport-4.1.90.Final.jar;C:\Users\Gabriel\.m2\repository\io\netty\netty-transport-native-unix-common\4.1.90.Final\netty-transport-native-unix-common-4.1.90.Final.jar;C:\Users\Gabriel\.m2\repository\io\netty\netty-codec\4.1.90.Final\netty-codec-4.1.90.Final.jar;C:\Users\Gabriel\.m2\repository\io\netty\netty-tcnative-classes\2.0.59.Final\netty-tcnative-classes-2.0.59.Final.jar;C:\Users\Gabriel\.m2\repository\io\projectreactor\reactor-core\3.5.5\reactor-core-3.5.5.jar;C:\Users\Gabriel\dev\epitweeet\common-tools\target\common-tools-1.0.0.jar;C:\Users\Gabriel\.m2\repository\io\quarkus\quarkus-core\3.0.4.Final\quarkus-core-3.0.4.Final.jar;C:\Users\Gabriel\.m2\repository\jakarta\annotation\jakarta.annotation-api\2.1.1\jakarta.annotation-api-2.1.1.jar;C:\Users\Gabriel\.m2\repository\jakarta\enterprise\jakarta.enterprise.cdi-api\4.0.1\jakarta.enterprise.cdi-api-4.0.1.jar;C:\Users\Gabriel\.m2\repository\jakarta\enterprise\jakarta.enterprise.lang-model\4.0.1\jakarta.enterprise.lang-model-4.0.1.jar;C:\Users\Gabriel\.m2\repository\jakarta\el\jakarta.el-api\5.0.1\jakarta.el-api-5.0.1.jar;C:\Users\Gabriel\.m2\repository\jakarta\interceptor\jakarta.interceptor-api\2.1.0\jakarta.interceptor-api-2.1.0.jar;C:\Users\Gabriel\.m2\repository\jakarta\inject\jakarta.inject-api\2.0.1\jakarta.inject-api-2.0.1.jar;C:\Users\Gabriel\.m2\repository\io\smallrye\common\smallrye-common-os\2.1.0\smallrye-common-os-2.1.0.jar;C:\Users\Gabriel\.m2\repository\io\quarkus\quarkus-ide-launcher\3.0.4.Final\quarkus-ide-launcher-3.0.4.Final.jar;C:\Users\Gabriel\.m2\repository\io\quarkus\quarkus-development-mode-spi\3.0.4.Final\quarkus-development-mode-spi-3.0.4.Final.jar;C:\Users\Gabriel\.m2\repository\io\smallrye\config\smallrye-config\3.2.1\smallrye-config-3.2.1.jar;C:\Users\Gabriel\.m2\repository\io\smallrye\config\smallrye-config-core\3.2.1\smallrye-config-core-3.2.1.jar;C:\Users\Gabriel\.m2\repository\io\smallrye\common\smallrye-common-expression\2.1.0\smallrye-common-expression-2.1.0.jar;C:\Users\Gabriel\.m2\repository\io\smallrye\common\smallrye-common-function\2.1.0\smallrye-common-function-2.1.0.jar;C:\Users\Gabriel\.m2\repository\io\smallrye\common\smallrye-common-classloader\2.1.0\smallrye-common-classloader-2.1.0.jar;C:\Users\Gabriel\.m2\repository\io\smallrye\config\smallrye-config-common\3.2.1\smallrye-config-common-3.2.1.jar;C:\Users\Gabriel\.m2\repository\org\jboss\logmanager\jboss-logmanager-embedded\1.1.1\jboss-logmanager-embedded-1.1.1.jar;C:\Users\Gabriel\.m2\repository\org\jboss\logging\jboss-logging-annotations\2.2.1.Final\jboss-logging-annotations-2.2.1.Final.jar;C:\Users\Gabriel\.m2\repository\org\jboss\threads\jboss-threads\3.5.0.Final\jboss-threads-3.5.0.Final.jar;C:\Users\Gabriel\.m2\repository\org\slf4j\slf4j-api\2.0.6\slf4j-api-2.0.6.jar;C:\Users\Gabriel\.m2\repository\org\jboss\slf4j\slf4j-jboss-logmanager\2.0.0.Final\slf4j-jboss-logmanager-2.0.0.Final.jar;C:\Users\Gabriel\.m2\repository\org\graalvm\sdk\graal-sdk\22.3.0\graal-sdk-22.3.0.jar;C:\Users\Gabriel\.m2\repository\org\wildfly\common\wildfly-common\1.5.4.Final-format-001\wildfly-common-1.5.4.Final-format-001.jar;C:\Users\Gabriel\.m2\repository\io\quarkus\quarkus-bootstrap-runner\3.0.4.Final\quarkus-bootstrap-runner-3.0.4.Final.jar;C:\Users\Gabriel\.m2\repository\io\quarkus\quarkus-fs-util\0.0.9\quarkus-fs-util-0.0.9.jar;C:\Users\Gabriel\.m2\repository\com\fasterxml\jackson\core\jackson-databind\2.14.2\jackson-databind-2.14.2.jar;C:\Users\Gabriel\.m2\repository\com\fasterxml\jackson\core\jackson-annotations\2.14.2\jackson-annotations-2.14.2.jar;C:\Users\Gabriel\.m2\repository\com\fasterxml\jackson\core\jackson-core\2.14.2\jackson-core-2.14.2.jar;C:\Users\Gabriel\.m2\repository\io\quarkus\quarkus-resteasy-reactive-jackson\3.0.4.Final\quarkus-resteasy-reactive-jackson-3.0.4.Final.jar;C:\Users\Gabriel\.m2\repository\io\quarkus\quarkus-resteasy-reactive\3.0.4.Final\quarkus-resteasy-reactive-3.0.4.Final.jar;C:\Users\Gabriel\.m2\repository\io\quarkus\quarkus-resteasy-reactive-common\3.0.4.Final\quarkus-resteasy-reactive-common-3.0.4.Final.jar;C:\Users\Gabriel\.m2\repository\io\quarkus\resteasy\reactive\resteasy-reactive-common\3.0.4.Final\resteasy-reactive-common-3.0.4.Final.jar;C:\Users\Gabriel\.m2\repository\io\quarkus\resteasy\reactive\resteasy-reactive-common-types\3.0.4.Final\resteasy-reactive-common-types-3.0.4.Final.jar;C:\Users\Gabriel\.m2\repository\io\quarkus\resteasy\reactive\resteasy-reactive-vertx\3.0.4.Final\resteasy-reactive-vertx-3.0.4.Final.jar;C:\Users\Gabriel\.m2\repository\io\quarkus\resteasy\reactive\resteasy-reactive\3.0.4.Final\resteasy-reactive-3.0.4.Final.jar;C:\Users\Gabriel\.m2\repository\jakarta\ws\rs\jakarta.ws.rs-api\3.1.0\jakarta.ws.rs-api-3.1.0.jar;C:\Users\Gabriel\.m2\repository\jakarta\xml\bind\jakarta.xml.bind-api\4.0.0\jakarta.xml.bind-api-4.0.0.jar;C:\Users\Gabriel\.m2\repository\jakarta\activation\jakarta.activation-api\2.1.1\jakarta.activation-api-2.1.1.jar;C:\Users\Gabriel\.m2\repository\io\quarkus\quarkus-jsonp\3.0.4.Final\quarkus-jsonp-3.0.4.Final.jar;C:\Users\Gabriel\.m2\repository\org\eclipse\parsson\parsson\1.1.1\parsson-1.1.1.jar;C:\Users\Gabriel\.m2\repository\jakarta\json\jakarta.json-api\2.1.1\jakarta.json-api-2.1.1.jar;C:\Users\Gabriel\.m2\repository\io\quarkus\quarkus-resteasy-reactive-jackson-common\3.0.4.Final\quarkus-resteasy-reactive-jackson-common-3.0.4.Final.jar;C:\Users\Gabriel\.m2\repository\io\quarkus\resteasy\reactive\resteasy-reactive-jackson\3.0.4.Final\resteasy-reactive-jackson-3.0.4.Final.jar;C:\Users\Gabriel\.m2\repository\io\quarkus\quarkus-smallrye-openapi\3.0.4.Final\quarkus-smallrye-openapi-3.0.4.Final.jar;C:\Users\Gabriel\.m2\repository\io\smallrye\smallrye-open-api-core\3.3.4\smallrye-open-api-core-3.3.4.jar;C:\Users\Gabriel\.m2\repository\org\eclipse\microprofile\openapi\microprofile-openapi-api\3.1\microprofile-openapi-api-3.1.jar;C:\Users\Gabriel\.m2\repository\org\eclipse\microprofile\config\microprofile-config-api\3.0.3\microprofile-config-api-3.0.3.jar;C:\Users\Gabriel\.m2\repository\com\fasterxml\jackson\dataformat\jackson-dataformat-yaml\2.14.2\jackson-dataformat-yaml-2.14.2.jar;C:\Users\Gabriel\.m2\repository\org\yaml\snakeyaml\2.0\snakeyaml-2.0.jar;C:\Users\Gabriel\.m2\repository\io\smallrye\jandex\3.0.5\jandex-3.0.5.jar;C:\Users\Gabriel\.m2\repository\io\quarkus\quarkus-vertx-http\3.0.4.Final\quarkus-vertx-http-3.0.4.Final.jar;C:\Users\Gabriel\.m2\repository\io\quarkus\quarkus-security-runtime-spi\3.0.4.Final\quarkus-security-runtime-spi-3.0.4.Final.jar;C:\Users\Gabriel\.m2\repository\io\quarkus\quarkus-credentials\3.0.4.Final\quarkus-credentials-3.0.4.Final.jar;C:\Users\Gabriel\.m2\repository\io\smallrye\common\smallrye-common-vertx-context\2.1.0\smallrye-common-vertx-context-2.1.0.jar;C:\Users\Gabriel\.m2\repository\io\vertx\vertx-core\4.4.1\vertx-core-4.4.1.jar;C:\Users\Gabriel\.m2\repository\io\netty\netty-handler-proxy\4.1.90.Final\netty-handler-proxy-4.1.90.Final.jar;C:\Users\Gabriel\.m2\repository\io\netty\netty-codec-socks\4.1.90.Final\netty-codec-socks-4.1.90.Final.jar;C:\Users\Gabriel\.m2\repository\io\netty\netty-resolver-dns\4.1.90.Final\netty-resolver-dns-4.1.90.Final.jar;C:\Users\Gabriel\.m2\repository\io\netty\netty-codec-dns\4.1.90.Final\netty-codec-dns-4.1.90.Final.jar;C:\Users\Gabriel\.m2\repository\io\smallrye\common\smallrye-common-constraint\2.1.0\smallrye-common-constraint-2.1.0.jar;C:\Users\Gabriel\.m2\repository\io\quarkus\quarkus-vertx-http-dev-console-runtime-spi\3.0.4.Final\quarkus-vertx-http-dev-console-runtime-spi-3.0.4.Final.jar;C:\Users\Gabriel\.m2\repository\io\quarkus\security\quarkus-security\2.0.2.Final\quarkus-security-2.0.2.Final.jar;C:\Users\Gabriel\.m2\repository\io\smallrye\reactive\smallrye-mutiny-vertx-web\3.3.0\smallrye-mutiny-vertx-web-3.3.0.jar;C:\Users\Gabriel\.m2\repository\io\smallrye\reactive\smallrye-mutiny-vertx-web-common\3.3.0\smallrye-mutiny-vertx-web-common-3.3.0.jar;C:\Users\Gabriel\.m2\repository\io\smallrye\reactive\smallrye-mutiny-vertx-auth-common\3.3.0\smallrye-mutiny-vertx-auth-common-3.3.0.jar;C:\Users\Gabriel\.m2\repository\io\smallrye\reactive\smallrye-mutiny-vertx-bridge-common\3.3.0\smallrye-mutiny-vertx-bridge-common-3.3.0.jar;C:\Users\Gabriel\.m2\repository\io\smallrye\reactive\smallrye-mutiny-vertx-uri-template\3.3.0\smallrye-mutiny-vertx-uri-template-3.3.0.jar;C:\Users\Gabriel\.m2\repository\io\vertx\vertx-uri-template\4.4.1\vertx-uri-template-4.4.1.jar;C:\Users\Gabriel\.m2\repository\io\vertx\vertx-web\4.4.1\vertx-web-4.4.1.jar;C:\Users\Gabriel\.m2\repository\io\vertx\vertx-web-common\4.4.1\vertx-web-common-4.4.1.jar;C:\Users\Gabriel\.m2\repository\io\vertx\vertx-auth-common\4.4.1\vertx-auth-common-4.4.1.jar;C:\Users\Gabriel\.m2\repository\io\vertx\vertx-bridge-common\4.4.1\vertx-bridge-common-4.4.1.jar;C:\Users\Gabriel\.m2\repository\io\github\crac\org-crac\0.1.3\org-crac-0.1.3.jar;C:\Users\Gabriel\.m2\repository\io\quarkus\quarkus-swagger-ui\3.0.4.Final\quarkus-swagger-ui-3.0.4.Final.jar;C:\Users\Gabriel\.m2\repository\org\projectlombok\lombok\1.18.28\lombok-1.18.28.jar;C:\Users\Gabriel\.m2\repository\io\quarkus\quarkus-junit5\3.0.4.Final\quarkus-junit5-3.0.4.Final.jar;C:\Users\Gabriel\.m2\repository\io\quarkus\quarkus-bootstrap-core\3.0.4.Final\quarkus-bootstrap-core-3.0.4.Final.jar;C:\Users\Gabriel\.m2\repository\io\quarkus\quarkus-bootstrap-app-model\3.0.4.Final\quarkus-bootstrap-app-model-3.0.4.Final.jar;C:\Users\Gabriel\.m2\repository\io\smallrye\common\smallrye-common-io\2.1.0\smallrye-common-io-2.1.0.jar;C:\Users\Gabriel\.m2\repository\org\eclipse\sisu\org.eclipse.sisu.inject\0.3.5\org.eclipse.sisu.inject-0.3.5.jar;C:\Users\Gabriel\.m2\repository\io\quarkus\quarkus-test-common\3.0.4.Final\quarkus-test-common-3.0.4.Final.jar;C:\Users\Gabriel\.m2\repository\io\quarkus\quarkus-core-deployment\3.0.4.Final\quarkus-core-deployment-3.0.4.Final.jar;C:\Users\Gabriel\.m2\repository\org\aesh\readline\2.4\readline-2.4.jar;C:\Users\Gabriel\.m2\repository\org\fusesource\jansi\jansi\2.4.0\jansi-2.4.0.jar;C:\Users\Gabriel\.m2\repository\org\aesh\aesh\2.7\aesh-2.7.jar;C:\Users\Gabriel\.m2\repository\io\quarkus\gizmo\gizmo\1.6.1.Final\gizmo-1.6.1.Final.jar;C:\Users\Gabriel\.m2\repository\org\ow2\asm\asm-util\9.5\asm-util-9.5.jar;C:\Users\Gabriel\.m2\repository\org\ow2\asm\asm-analysis\9.5\asm-analysis-9.5.jar;C:\Users\Gabriel\.m2\repository\org\ow2\asm\asm\9.5\asm-9.5.jar;C:\Users\Gabriel\.m2\repository\org\ow2\asm\asm-commons\9.5\asm-commons-9.5.jar;C:\Users\Gabriel\.m2\repository\org\ow2\asm\asm-tree\9.5\asm-tree-9.5.jar;C:\Users\Gabriel\.m2\repository\io\quarkus\quarkus-class-change-agent\3.0.4.Final\quarkus-class-change-agent-3.0.4.Final.jar;C:\Users\Gabriel\.m2\repository\io\quarkus\quarkus-devtools-utilities\3.0.4.Final\quarkus-devtools-utilities-3.0.4.Final.jar;C:\Users\Gabriel\.m2\repository\io\quarkus\quarkus-builder\3.0.4.Final\quarkus-builder-3.0.4.Final.jar;C:\Users\Gabriel\.m2\repository\org\junit\platform\junit-platform-launcher\1.9.2\junit-platform-launcher-1.9.2.jar;C:\Users\Gabriel\.m2\repository\io\quarkus\quarkus-bootstrap-maven-resolver\3.0.4.Final\quarkus-bootstrap-maven-resolver-3.0.4.Final.jar;C:\Users\Gabriel\.m2\repository\io\smallrye\beanbag\smallrye-beanbag-maven\1.1.0\smallrye-beanbag-maven-1.1.0.jar;C:\Users\Gabriel\.m2\repository\io\smallrye\beanbag\smallrye-beanbag-sisu\1.1.0\smallrye-beanbag-sisu-1.1.0.jar;C:\Users\Gabriel\.m2\repository\io\smallrye\beanbag\smallrye-beanbag\1.1.0\smallrye-beanbag-1.1.0.jar;C:\Users\Gabriel\.m2\repository\javax\inject\javax.inject\1\javax.inject-1.jar;C:\Users\Gabriel\.m2\repository\org\apache\maven\maven-artifact\3.9.1\maven-artifact-3.9.1.jar;C:\Users\Gabriel\.m2\repository\org\apache\maven\maven-builder-support\3.9.1\maven-builder-support-3.9.1.jar;C:\Users\Gabriel\.m2\repository\org\apache\maven\maven-model\3.9.1\maven-model-3.9.1.jar;C:\Users\Gabriel\.m2\repository\org\apache\maven\maven-model-builder\3.9.1\maven-model-builder-3.9.1.jar;C:\Users\Gabriel\.m2\repository\org\apache\maven\maven-repository-metadata\3.9.1\maven-repository-metadata-3.9.1.jar;C:\Users\Gabriel\.m2\repository\org\apache\maven\maven-settings\3.9.1\maven-settings-3.9.1.jar;C:\Users\Gabriel\.m2\repository\org\apache\maven\resolver\maven-resolver-api\1.9.7\maven-resolver-api-1.9.7.jar;C:\Users\Gabriel\.m2\repository\org\apache\maven\resolver\maven-resolver-impl\1.9.7\maven-resolver-impl-1.9.7.jar;C:\Users\Gabriel\.m2\repository\org\apache\maven\resolver\maven-resolver-named-locks\1.9.7\maven-resolver-named-locks-1.9.7.jar;C:\Users\Gabriel\.m2\repository\org\apache\maven\resolver\maven-resolver-spi\1.9.7\maven-resolver-spi-1.9.7.jar;C:\Users\Gabriel\.m2\repository\org\apache\maven\resolver\maven-resolver-util\1.9.7\maven-resolver-util-1.9.7.jar;C:\Users\Gabriel\.m2\repository\org\apache\maven\wagon\wagon-provider-api\3.5.3\wagon-provider-api-3.5.3.jar;C:\Users\Gabriel\.m2\repository\org\apache\maven\wagon\wagon-http-lightweight\3.5.3\wagon-http-lightweight-3.5.3.jar;C:\Users\Gabriel\.m2\repository\org\apache\maven\wagon\wagon-http-shared\3.5.3\wagon-http-shared-3.5.3.jar;C:\Users\Gabriel\.m2\repository\org\codehaus\plexus\plexus-interpolation\1.26\plexus-interpolation-1.26.jar;C:\Users\Gabriel\.m2\repository\org\codehaus\plexus\plexus-utils\3.5.1\plexus-utils-3.5.1.jar;C:\Users\Gabriel\.m2\repository\org\sonatype\plexus\plexus-cipher\1.7\plexus-cipher-1.7.jar;C:\Users\Gabriel\.m2\repository\org\sonatype\plexus\plexus-sec-dispatcher\1.4\plexus-sec-dispatcher-1.4.jar;C:\Users\Gabriel\.m2\repository\org\apache\maven\maven-embedder\3.9.1\maven-embedder-3.9.1.jar;C:\Users\Gabriel\.m2\repository\org\apache\maven\maven-core\3.9.1\maven-core-3.9.1.jar;C:\Users\Gabriel\.m2\repository\org\codehaus\plexus\plexus-component-annotations\2.1.0\plexus-component-annotations-2.1.0.jar;C:\Users\Gabriel\.m2\repository\org\apache\maven\maven-plugin-api\3.9.1\maven-plugin-api-3.9.1.jar;C:\Users\Gabriel\.m2\repository\org\apache\maven\shared\maven-shared-utils\3.3.4\maven-shared-utils-3.3.4.jar;C:\Users\Gabriel\.m2\repository\com\google\inject\guice\5.1.0\guice-5.1.0.jar;C:\Users\Gabriel\.m2\repository\aopalliance\aopalliance\1.0\aopalliance-1.0.jar;C:\Users\Gabriel\.m2\repository\com\google\guava\guava\31.1-jre\guava-31.1-jre.jar;C:\Users\Gabriel\.m2\repository\com\google\guava\failureaccess\1.0.1\failureaccess-1.0.1.jar;C:\Users\Gabriel\.m2\repository\javax\annotation\javax.annotation-api\1.3.2\javax.annotation-api-1.3.2.jar;C:\Users\Gabriel\.m2\repository\org\codehaus\plexus\plexus-classworlds\2.6.0\plexus-classworlds-2.6.0.jar;C:\Users\Gabriel\.m2\repository\org\codehaus\plexus\plexus-sec-dispatcher\2.0\plexus-sec-dispatcher-2.0.jar;C:\Users\Gabriel\.m2\repository\org\codehaus\plexus\plexus-cipher\2.0\plexus-cipher-2.0.jar;C:\Users\Gabriel\.m2\repository\commons-cli\commons-cli\1.4\commons-cli-1.4.jar;C:\Users\Gabriel\.m2\repository\org\eclipse\sisu\org.eclipse.sisu.plexus\0.3.5\org.eclipse.sisu.plexus-0.3.5.jar;C:\Users\Gabriel\.m2\repository\org\apache\maven\maven-settings-builder\3.9.1\maven-settings-builder-3.9.1.jar;C:\Users\Gabriel\.m2\repository\org\apache\maven\maven-resolver-provider\3.9.1\maven-resolver-provider-3.9.1.jar;C:\Users\Gabriel\.m2\repository\org\apache\maven\resolver\maven-resolver-connector-basic\1.9.7\maven-resolver-connector-basic-1.9.7.jar;C:\Users\Gabriel\.m2\repository\org\apache\maven\resolver\maven-resolver-transport-wagon\1.9.7\maven-resolver-transport-wagon-1.9.7.jar;C:\Users\Gabriel\.m2\repository\org\apache\maven\wagon\wagon-http\3.5.3\wagon-http-3.5.3.jar;C:\Users\Gabriel\.m2\repository\org\apache\maven\wagon\wagon-file\3.5.3\wagon-file-3.5.3.jar;C:\Users\Gabriel\.m2\repository\io\quarkus\quarkus-bootstrap-gradle-resolver\3.0.4.Final\quarkus-bootstrap-gradle-resolver-3.0.4.Final.jar;C:\Users\Gabriel\.m2\repository\commons-io\commons-io\2.11.0\commons-io-2.11.0.jar;C:\Users\Gabriel\.m2\repository\org\jboss\logging\commons-logging-jboss-logging\1.0.0.Final\commons-logging-jboss-logging-1.0.0.Final.jar;C:\Users\Gabriel\.m2\repository\io\quarkus\quarkus-junit5-properties\3.0.4.Final\quarkus-junit5-properties-3.0.4.Final.jar;C:\Users\Gabriel\.m2\repository\org\junit\jupiter\junit-jupiter\5.9.2\junit-jupiter-5.9.2.jar;C:\Users\Gabriel\.m2\repository\org\junit\jupiter\junit-jupiter-api\5.9.2\junit-jupiter-api-5.9.2.jar;C:\Users\Gabriel\.m2\repository\org\opentest4j\opentest4j\1.2.0\opentest4j-1.2.0.jar;C:\Users\Gabriel\.m2\repository\org\junit\platform\junit-platform-commons\1.9.2\junit-platform-commons-1.9.2.jar;C:\Users\Gabriel\.m2\repository\org\apiguardian\apiguardian-api\1.1.2\apiguardian-api-1.1.2.jar;C:\Users\Gabriel\.m2\repository\org\junit\jupiter\junit-jupiter-params\5.9.2\junit-jupiter-params-5.9.2.jar;C:\Users\Gabriel\.m2\repository\org\junit\jupiter\junit-jupiter-engine\5.9.2\junit-jupiter-engine-5.9.2.jar;C:\Users\Gabriel\.m2\repository\org\junit\platform\junit-platform-engine\1.9.2\junit-platform-engine-1.9.2.jar;C:\Users\Gabriel\.m2\repository\com\thoughtworks\xstream\xstream\1.4.20\xstream-1.4.20.jar;C:\Users\Gabriel\.m2\repository\io\github\x-stream\mxparser\1.2.2\mxparser-1.2.2.jar;C:\Users\Gabriel\.m2\repository\xmlpull\xmlpull\1.1.3.1\xmlpull-1.1.3.1.jar;C:\Users\Gabriel\.m2\repository\io\rest-assured\rest-assured\5.3.0\rest-assured-5.3.0.jar;C:\Users\Gabriel\.m2\repository\org\apache\groovy\groovy\4.0.6\groovy-4.0.6.jar;C:\Users\Gabriel\.m2\repository\org\apache\groovy\groovy-xml\4.0.6\groovy-xml-4.0.6.jar;C:\Users\Gabriel\.m2\repository\org\apache\httpcomponents\httpclient\4.5.14\httpclient-4.5.14.jar;C:\Users\Gabriel\.m2\repository\org\apache\httpcomponents\httpcore\4.4.16\httpcore-4.4.16.jar;C:\Users\Gabriel\.m2\repository\commons-codec\commons-codec\1.15\commons-codec-1.15.jar;C:\Users\Gabriel\.m2\repository\org\apache\httpcomponents\httpmime\4.5.14\httpmime-4.5.14.jar;C:\Users\Gabriel\.m2\repository\org\hamcrest\hamcrest\2.1\hamcrest-2.1.jar;C:\Users\Gabriel\.m2\repository\org\ccil\cowan\tagsoup\tagsoup\1.2.1\tagsoup-1.2.1.jar;C:\Users\Gabriel\.m2\repository\io\rest-assured\json-path\5.3.0\json-path-5.3.0.jar;C:\Users\Gabriel\.m2\repository\org\apache\groovy\groovy-json\4.0.6\groovy-json-4.0.6.jar;C:\Users\Gabriel\.m2\repository\io\rest-assured\rest-assured-common\5.3.0\rest-assured-common-5.3.0.jar;C:\Users\Gabriel\.m2\repository\io\rest-assured\xml-path\5.3.0\xml-path-5.3.0.jar;C:\Users\Gabriel\.m2\repository\org\apache\commons\commons-lang3\3.12.0\commons-lang3-3.12.0.jar;C:\Users\Gabriel\.m2\repository\io\quarkus\quarkus-mongodb-panache\3.0.4.Final\quarkus-mongodb-panache-3.0.4.Final.jar;C:\Users\Gabriel\.m2\repository\io\quarkus\quarkus-panache-common\3.0.4.Final\quarkus-panache-common-3.0.4.Final.jar;C:\Users\Gabriel\.m2\repository\io\quarkus\quarkus-mongodb-panache-common\3.0.4.Final\quarkus-mongodb-panache-common-3.0.4.Final.jar;C:\Users\Gabriel\.m2\repository\io\quarkus\quarkus-panacheql\3.0.4.Final\quarkus-panacheql-3.0.4.Final.jar;C:\Users\Gabriel\.m2\repository\org\antlr\antlr4-runtime\4.10.1\antlr4-runtime-4.10.1.jar;C:\Users\Gabriel\.m2\repository\io\quarkus\quarkus-narayana-jta\3.0.4.Final\quarkus-narayana-jta-3.0.4.Final.jar;C:\Users\Gabriel\.m2\repository\io\quarkus\quarkus-transaction-annotations\3.0.4.Final\quarkus-transaction-annotations-3.0.4.Final.jar;C:\Users\Gabriel\.m2\repository\io\smallrye\smallrye-context-propagation-jta\2.1.0\smallrye-context-propagation-jta-2.1.0.jar;C:\Users\Gabriel\.m2\repository\io\smallrye\reactive\smallrye-reactive-converter-api\3.0.0\smallrye-reactive-converter-api-3.0.0.jar;C:\Users\Gabriel\.m2\repository\io\smallrye\reactive\smallrye-reactive-converter-mutiny\3.0.0\smallrye-reactive-converter-mutiny-3.0.0.jar;C:\Users\Gabriel\.m2\repository\org\jboss\narayana\jta\narayana-jta\6.0.1.Final\narayana-jta-6.0.1.Final.jar;C:\Users\Gabriel\.m2\repository\org\jboss\jboss-transaction-spi\8.0.0.Final\jboss-transaction-spi-8.0.0.Final.jar;C:\Users\Gabriel\.m2\repository\jakarta\resource\jakarta.resource-api\2.0.0\jakarta.resource-api-2.0.0.jar;C:\Users\Gabriel\.m2\repository\org\jboss\invocation\jboss-invocation\2.0.0.Final\jboss-invocation-2.0.0.Final.jar;C:\Users\Gabriel\.m2\repository\jakarta\ejb\jakarta.ejb-api\4.0.1\jakarta.ejb-api-4.0.1.jar;C:\Users\Gabriel\.m2\repository\org\jboss\narayana\jts\narayana-jts-integration\6.0.1.Final\narayana-jts-integration-6.0.1.Final.jar;C:\Users\Gabriel\.m2\repository\io\quarkus\quarkus-redis-client\3.0.4.Final\quarkus-redis-client-3.0.4.Final.jar;C:\Users\Gabriel\.m2\repository\io\quarkus\quarkus-vertx\3.0.4.Final\quarkus-vertx-3.0.4.Final.jar;C:\Users\Gabriel\.m2\repository\io\quarkus\quarkus-netty\3.0.4.Final\quarkus-netty-3.0.4.Final.jar;C:\Users\Gabriel\.m2\repository\io\netty\netty-codec-http\4.1.90.Final\netty-codec-http-4.1.90.Final.jar;C:\Users\Gabriel\.m2\repository\io\netty\netty-codec-http2\4.1.90.Final\netty-codec-http2-4.1.90.Final.jar;C:\Users\Gabriel\.m2\repository\com\aayushatharva\brotli4j\brotli4j\1.11.0\brotli4j-1.11.0.jar;C:\Users\Gabriel\.m2\repository\com\aayushatharva\brotli4j\service\1.11.0\service-1.11.0.jar;C:\Users\Gabriel\.m2\repository\com\aayushatharva\brotli4j\native-windows-x86_64\1.11.0\native-windows-x86_64-1.11.0.jar;C:\Users\Gabriel\.m2\repository\io\netty\netty-codec-haproxy\4.1.90.Final\netty-codec-haproxy-4.1.90.Final.jar;C:\Users\Gabriel\.m2\repository\io\smallrye\common\smallrye-common-annotation\2.1.0\smallrye-common-annotation-2.1.0.jar;C:\Users\Gabriel\.m2\repository\io\quarkus\quarkus-vertx-latebound-mdc-provider\3.0.4.Final\quarkus-vertx-latebound-mdc-provider-3.0.4.Final.jar;C:\Users\Gabriel\.m2\repository\io\smallrye\reactive\smallrye-mutiny-vertx-core\3.3.0\smallrye-mutiny-vertx-core-3.3.0.jar;C:\Users\Gabriel\.m2\repository\io\smallrye\reactive\smallrye-mutiny-vertx-runtime\3.3.0\smallrye-mutiny-vertx-runtime-3.3.0.jar;C:\Users\Gabriel\.m2\repository\io\smallrye\reactive\vertx-mutiny-generator\3.3.0\vertx-mutiny-generator-3.3.0.jar;C:\Users\Gabriel\.m2\repository\io\vertx\vertx-codegen\4.4.1\vertx-codegen-4.4.1.jar;C:\Users\Gabriel\.m2\repository\io\smallrye\smallrye-fault-tolerance-vertx\6.2.2\smallrye-fault-tolerance-vertx-6.2.2.jar;C:\Users\Gabriel\.m2\repository\io\quarkus\quarkus-jackson\3.0.4.Final\quarkus-jackson-3.0.4.Final.jar;C:\Users\Gabriel\.m2\repository\com\fasterxml\jackson\datatype\jackson-datatype-jsr310\2.14.2\jackson-datatype-jsr310-2.14.2.jar;C:\Users\Gabriel\.m2\repository\com\fasterxml\jackson\datatype\jackson-datatype-jdk8\2.14.2\jackson-datatype-jdk8-2.14.2.jar;C:\Users\Gabriel\.m2\repository\com\fasterxml\jackson\module\jackson-module-parameter-names\2.14.2\jackson-module-parameter-names-2.14.2.jar;C:\Users\Gabriel\.m2\repository\io\smallrye\reactive\smallrye-mutiny-vertx-redis-client\3.3.0\smallrye-mutiny-vertx-redis-client-3.3.0.jar;C:\Users\Gabriel\.m2\repository\io\vertx\vertx-redis-client\4.4.1\vertx-redis-client-4.4.1.jar;C:\Users\Gabriel\.m2\repository\org\hibernate\validator\hibernate-validator\8.0.0.Final\hibernate-validator-8.0.0.Final.jar;C:\Users\Gabriel\.m2\repository\org\jboss\logging\jboss-logging\3.5.0.Final\jboss-logging-3.5.0.Final.jar;C:\Users\Gabriel\.m2\repository\com\fasterxml\classmate\1.5.1\classmate-1.5.1.jar;C:\Users\Gabriel\.m2\repository\io\quarkus\quarkus-mongodb-client\3.0.4.Final\quarkus-mongodb-client-3.0.4.Final.jar;C:\Users\Gabriel\.m2\repository\io\quarkus\quarkus-mutiny\3.0.4.Final\quarkus-mutiny-3.0.4.Final.jar;C:\Users\Gabriel\.m2\repository\io\smallrye\reactive\mutiny\2.1.0\mutiny-2.1.0.jar;C:\Users\Gabriel\.m2\repository\io\quarkus\quarkus-smallrye-context-propagation\3.0.4.Final\quarkus-smallrye-context-propagation-3.0.4.Final.jar;C:\Users\Gabriel\.m2\repository\io\smallrye\smallrye-context-propagation\2.1.0\smallrye-context-propagation-2.1.0.jar;C:\Users\Gabriel\.m2\repository\io\smallrye\smallrye-context-propagation-api\2.1.0\smallrye-context-propagation-api-2.1.0.jar;C:\Users\Gabriel\.m2\repository\io\smallrye\smallrye-context-propagation-storage\2.1.0\smallrye-context-propagation-storage-2.1.0.jar;C:\Users\Gabriel\.m2\repository\io\smallrye\reactive\mutiny-smallrye-context-propagation\2.1.0\mutiny-smallrye-context-propagation-2.1.0.jar;C:\Users\Gabriel\.m2\repository\io\smallrye\reactive\mutiny-zero-flow-adapters\1.0.0\mutiny-zero-flow-adapters-1.0.0.jar;C:\Users\Gabriel\.m2\repository\io\quarkus\quarkus-mutiny-reactive-streams-operators\3.0.4.Final\quarkus-mutiny-reactive-streams-operators-3.0.4.Final.jar;C:\Users\Gabriel\.m2\repository\org\eclipse\microprofile\reactive-streams-operators\microprofile-reactive-streams-operators-api\3.0\microprofile-reactive-streams-operators-api-3.0.jar;C:\Users\Gabriel\.m2\repository\org\eclipse\microprofile\reactive-streams-operators\microprofile-reactive-streams-operators-core\3.0\microprofile-reactive-streams-operators-core-3.0.jar;C:\Users\Gabriel\.m2\repository\io\smallrye\reactive\mutiny-reactive-streams-operators\2.1.0\mutiny-reactive-streams-operators-2.1.0.jar;C:\Users\Gabriel\.m2\repository\org\mongodb\mongodb-driver-sync\4.9.1\mongodb-driver-sync-4.9.1.jar;C:\Users\Gabriel\.m2\repository\org\mongodb\bson\4.9.1\bson-4.9.1.jar;C:\Users\Gabriel\.m2\repository\org\mongodb\mongodb-driver-core\4.9.1\mongodb-driver-core-4.9.1.jar;C:\Users\Gabriel\.m2\repository\org\mongodb\bson-record-codec\4.9.1\bson-record-codec-4.9.1.jar;C:\Users\Gabriel\.m2\repository\org\mongodb\mongodb-driver-reactivestreams\4.9.1\mongodb-driver-reactivestreams-4.9.1.jar;C:\Users\Gabriel\.m2\repository\org\mongodb\mongodb-crypt\1.7.3\mongodb-crypt-1.7.3.jar;C:\Users\Gabriel\.m2\repository\net\java\dev\jna\jna\5.8.0\jna-5.8.0.jar;"/>
    <property name="sun.cpu.endian" value="little"/>
    <property name="vertx.disableWebsockets" value="true"/>
    <property name="user.home" value="C:\Users\Gabriel"/>
    <property name="user.language" value="fr"/>
    <property name="jboss.log-version" value="false"/>
    <property name="java.specification.vendor" value="Oracle Corporation"/>
    <property name="io.netty.allocator.maxOrder" value="3"/>
    <property name="java.version.date" value="2025-01-21"/>
    <property name="java.home" value="C:\Program Files\Microsoft\jdk-17.0.14.7-hotspot"/>
    <property name="file.separator" value="\"/>
    <property name="basedir" value="C:\Users\Gabriel\dev\epitweeet\repo-post"/>
    <property name="java.vm.compressedOopsMode" value="Zero based"/>
    <property name="line.separator" value="&#10;"/>
    <property name="java.vm.specification.vendor" value="Oracle Corporation"/>
    <property name="java.specification.name" value="Java Platform API Specification"/>
    <property name="surefire.real.class.path" value="C:\Users\Gabriel\AppData\Local\Temp\surefire14172266660053412189\surefirebooter-20250412231131814_13.jar"/>
    <property name="user.script" value=""/>
    <property name="sun.management.compiler" value="HotSpot 64-Bit Tiered Compilers"/>
    <property name="java.runtime.version" value="17.0.14+7-LTS"/>
    <property name="user.name" value="Gabriel"/>
    <property name="path.separator" value=";"/>
    <property name="os.version" value="10.0"/>
    <property name="java.runtime.name" value="OpenJDK Runtime Environment"/>
    <property name="file.encoding" value="Cp1252"/>
    <property name="java.vm.name" value="OpenJDK 64-Bit Server VM"/>
    <property name="java.vendor.version" value="Microsoft-10800295"/>
    <property name="localRepository" value="C:\Users\Gabriel\.m2\repository"/>
    <property name="java.vendor.url.bug" value="https://github.com/microsoft/openjdk/issues"/>
    <property name="java.io.tmpdir" value="C:\Users\Gabriel\AppData\Local\Temp\"/>
    <property name="quarkus.log.file.path" value="target\quarkus.log"/>
    <property name="java.version" value="17.0.14"/>
    <property name="java.util.concurrent.ForkJoinPool.common.threadFactory" value="io.quarkus.bootstrap.forkjoin.QuarkusForkJoinWorkerThreadFactory"/>
    <property name="user.dir" value="C:\Users\Gabriel\dev\epitweeet\repo-post"/>
    <property name="os.arch" value="amd64"/>
    <property name="java.vm.specification.name" value="Java Virtual Machine Specification"/>
    <property name="vertx.disableDnsResolver" value="true"/>
    <property name="sun.os.patch.level" value=""/>
    <property name="native.encoding" value="Cp1252"/>
    <property name="java.util.logging.manager" value="org.jboss.logmanager.LogManager"/>
    <property name="java.library.path" value="C:\Program Files\Microsoft\jdk-17.0.14.7-hotspot\bin;C:\Windows\Sun\Java\bin;C:\Windows\system32;C:\Windows;C:\Program Files\Microsoft\jdk-17.0.14.7-hotspot\bin;C:\Program Files\OpenLogic\jdk-17.0.11.9-hotspot\bin;C:\Program Files (x86)\Common Files\Oracle\Java\java8path;C:\Program Files (x86)\Common Files\Oracle\Java\javapath;C:\Python312\Scripts\;C:\Python312\;C:\Program Files (x86)\VMware\VMware Player\bin\;C:\OCaml\bin;C:\Program Files (x86)\Razer Chroma SDK\bin;C:\Program Files\Razer Chroma SDK\bin;C:\Program Files (x86)\Razer\ChromaBroadcast\bin;C:\Program Files\Razer\ChromaBroadcast\bin;C:\Windows\system32;C:\Windows;C:\Windows\System32\Wbem;C:\Windows\System32\WindowsPowerShell\v1.0\;C:\Windows\System32\OpenSSH\;C:\Program Files (x86)\NVIDIA Corporation\PhysX\Common;C:\Program Files\Microsoft SQL Server\130\Tools\Binn\;C:\Program Files (x86)\Gpg4win\..\GnuPG\bin;C:\Users\Gabriel\AppData\Local\Microsoft\WindowsApps;C:\Users\Gabriel\.dotnet\tools;C:\Program Files\dotnet\;C:\Program Files (x86)\GitExtensions\;C:\Program Files (x86)\dotnet\;C:\Program Files (x86)\Perforce\;C:\Program Files\nodejs\;C:\ProgramData\chocolatey\bin;C:\Program Files\sticker-convert\;C:\Program Files\Git\cmd;C:\Program Files\Docker\Docker\resources\bin;C:\Program Files (x86)\sbt\bin;C:\Program Files (x86)\AOMEI\AOMEI Backupper\7.4.2;C:\Users\Gabriel\anaconda3;C:\Users\Gabriel\anaconda3\Library\mingw-w64\bin;C:\Users\Gabriel\anaconda3\Library\usr\bin;C:\Users\Gabriel\anaconda3\Library\bin;C:\Users\Gabriel\anaconda3\Scripts;C:\Python\Python39\Scripts\;C:\Python\Python39\;C:\Program Files\JetBrains\PyCharm Community Edition 2020.2.3\bin;C:\Program Files\JetBrains\JetBrains Rider 2021.3.3\bin;C:\Users\Gabriel\AppData\Local\Programs\MiKTeX\miktex\bin\x64\;C:\Users\Gabriel\AppData\Local\GitHubDesktop\bin;C:\Users\Gabriel\AppData\Local\atom\bin;C:\Users\Gabriel\AppData\Local\gitkraken\bin;C:\Program Files\JetBrains\IntelliJ IDEA 2023.3.3\bin;C:\Users\Gabriel\AppData\Roaming\npm;C:\apache-maven-3.9.7\bin;C:\Users\Gabriel\AppData\Local\Programs\Ollama;C:\Users\Gabriel\AppData\Local\Programs\Microsoft VS Code\bin;."/>
    <property name="java.vm.info" value="mixed mode, sharing"/>
    <property name="java.vendor" value="Microsoft"/>
    <property name="vertx.disableTCCL" value="true"/>
    <property name="java.vm.version" value="17.0.14+7-LTS"/>
    <property name="java.specification.maintenance.version" value="1"/>
    <property name="sun.io.unicode.encoding" value="UnicodeLittle"/>
    <property name="io.netty.machineId" value="d4:b4:de:a2:60:77:98:8c"/>
    <property name="java.class.version" value="61.0"/>
    <property name="mp.openapi.extensions.smallrye.defaultConsumes" value="application/json"/>
  </properties>
  <testcase name="testGetPostById" classname="RepoPostTest" time="1.408">
    <system-out><![CDATA[2025-04-12 23:11:36,788 INFO  [org.tes.doc.DockerClientProviderStrategy] (build-2) Loaded org.testcontainers.dockerclient.NpipeSocketClientProviderStrategy from ~/.testcontainers.properties, will try it first
2025-04-12 23:11:37,913 INFO  [org.tes.doc.DockerClientProviderStrategy] (build-2) Found Docker environment with local Npipe socket (npipe:////./pipe/docker_engine)
2025-04-12 23:11:37,916 INFO  [org.tes.DockerClientFactory] (build-2) Docker host IP address is localhost
2025-04-12 23:11:37,932 INFO  [org.tes.DockerClientFactory] (build-2) Connected to docker: 
  Server Version: 28.0.1
  API Version: 1.48
  Operating System: Docker Desktop
  Total Memory: 15599 MB
2025-04-12 23:11:37,945 INFO  [org.tes.uti.ImageNameSubstitutor] (build-2) Image name substitution will be performed by: DefaultImageNameSubstitutor (composite of 'ConfigurationFileImageNameSubstitutor' and 'PrefixingImageNameSubstitutor')
2025-04-12 23:11:37,947 INFO  [org.tes.DockerClientFactory] (build-2) Checking the system...
2025-04-12 23:11:37,948 INFO  [org.tes.DockerClientFactory] (build-2) ?? Docker server version should be at least 1.6.0
2025-04-12 23:11:38,798 INFO  [org.neo.dri.int.DriverFactory] (main) Direct driver instance 638582764 created for server address localhost:7687
2025-04-12 23:11:39,248 INFO  [io.quarkus] (main) repo-post 1.0.0-SNAPSHOT on JVM (powered by Quarkus 3.0.4.Final) started in 3.572s. Listening on: http://localhost:8081
2025-04-12 23:11:39,249 INFO  [io.quarkus] (main) Profile test activated. 
2025-04-12 23:11:39,249 INFO  [io.quarkus] (main) Installed features: [cdi, mongodb-client, mongodb-panache, narayana-jta, neo4j, redis-client, resteasy-reactive, resteasy-reactive-jackson, smallrye-context-propagation, smallrye-openapi, swagger-ui, vertx]
2025-04-12 23:11:39,552 INFO  [com.epi.rep.RegisteredUsersRepo] (main) [CLEAR USERS][REPO]: clearing all users
2025-04-12 23:11:39,672 INFO  [org.mon.dri.client] (main) MongoClient with metadata {"driver": {"name": "mongo-java-driver|sync", "version": "4.9.1"}, "os": {"type": "Windows", "name": "Windows 10", "architecture": "amd64", "version": "10.0"}, "platform": "Java/Microsoft/17.0.14+7-LTS"} created with settings MongoClientSettings{readPreference=primary, writeConcern=WriteConcern{w=null, wTimeout=null ms, journal=true}, retryWrites=false, retryReads=true, readConcern=ReadConcern{level=null}, credential=MongoCredential{mechanism=null, userName='admin', source='admin', password=<hidden>, mechanismProperties=<hidden>}, streamFactoryFactory=null, commandListeners=[], codecRegistry=ProvidersCodecRegistry{codecProviders=[ProvidersCodecRegistry{codecProviders=[ValueCodecProvider{}, BsonValueCodecProvider{}, DBRefCodecProvider{}, DBObjectCodecProvider{}, DocumentCodecProvider{}, CollectionCodecProvider{}, IterableCodecProvider{}, MapCodecProvider{}, GeoJsonCodecProvider{}, GridFSFileCodecProvider{}, Jsr310CodecProvider{}, JsonObjectCodecProvider{}, BsonCodecProvider{}, EnumCodecProvider{}, com.mongodb.client.model.mql.ExpressionCodecProvider@7421213d, com.mongodb.Jep395RecordCodecProvider@6e98fd10]}, ProvidersCodecRegistry{codecProviders=[org.bson.codecs.pojo.PojoCodecProvider@3a3f1703]}]}, loggerSettings=LoggerSettings{maxDocumentLength=1000}, clusterSettings={hosts=[localhost:27017], srvServiceName=mongodb, mode=SINGLE, requiredClusterType=UNKNOWN, requiredReplicaSetName='null', serverSelector='null', clusterListeners='[]', serverSelectionTimeout='30000 ms', localThreshold='30000 ms'}, socketSettings=SocketSettings{connectTimeoutMS=10000, readTimeoutMS=0, receiveBufferSize=0, sendBufferSize=0}, heartbeatSocketSettings=SocketSettings{connectTimeoutMS=10000, readTimeoutMS=10000, receiveBufferSize=0, sendBufferSize=0}, connectionPoolSettings=ConnectionPoolSettings{maxSize=100, minSize=0, maxWaitTimeMS=120000, maxConnectionLifeTimeMS=0, maxConnectionIdleTimeMS=0, maintenanceInitialDelayMS=0, maintenanceFrequencyMS=60000, connectionPoolListeners=[], maxConnecting=2}, serverSettings=ServerSettings{heartbeatFrequencyMS=10000, minHeartbeatFrequencyMS=500, serverListeners='[]', serverMonitorListeners='[]'}, sslSettings=SslSettings{enabled=false, invalidHostNameAllowed=false, context=null}, applicationName='null', compressorList=[], uuidRepresentation=STANDARD, serverApi=null, autoEncryptionSettings=null, contextProvider=null}
2025-04-12 23:11:39,710 INFO  [org.mon.dri.cluster] (main) Cluster description not yet available. Waiting for 30000 ms before timing out
2025-04-12 23:11:39,711 INFO  [org.mon.dri.cluster] (cluster-ClusterId{value='67fad70b538d557061c706a7', description='null'}-localhost:27017) Monitor thread successfully connected to server with description ServerDescription{address=localhost:27017, type=REPLICA_SET_PRIMARY, state=CONNECTED, ok=true, minWireVersion=0, maxWireVersion=25, maxDocumentSize=16777216, logicalSessionTimeoutMinutes=30, roundTripTimeNanos=31257200, setName='rs0', canonicalAddress=localhost:27017, hosts=[localhost:27017], passives=[], arbiters=[], primary='localhost:27017', tagSet=TagSet{[]}, electionId=7fffffff0000000000000002, setVersion=1, topologyVersion=TopologyVersion{processId=67fad6d94a972dbd7b4a7850, counter=6}, lastWriteDate=Sat Apr 12 23:11:21 CEST 2025, lastUpdateTimeNanos=34521333624300}
2025-04-12 23:11:39,846 INFO  [com.epi.rep.PostRepoMongo] (main) [CLEAR POSTS][REPOSITORY]: clearing all posts
2025-04-12 23:11:39,849 INFO  [com.epi.rep.PostRepoMongo] (main) [CLEAR POSTS][REPOSITORY]: all posts cleared
2025-04-12 23:11:40,002 INFO  [com.epi.red.PostUserActionSubscriber] (executor-thread-1) [Event Start] UserActionEvent{actionType=USER_CREATED, userId='null', targetId='null', postId='null', postContent='null', timestamp=null}
2025-04-12 23:11:40,005 INFO  [com.epi.rep.RegisteredUsersRepo] (executor-thread-1) [REGISTER USER][REPO]: registering user user1
2025-04-12 23:11:40,009 INFO  [com.epi.rep.PostRepoMongo] (main) [CREATE POST][REPOSITORY]: début de la création du post
2025-04-12 23:11:40,010 INFO  [com.epi.rep.PostRepoMongo] (main) [CREATE POST][REPOSITORY]: persistance du post dans MongoDB
2025-04-12 23:11:40,047 INFO  [com.epi.rep.PostRepoMongo] (main) [CREATE POST][REPOSITORY]: post créé avec succès, id: 4d8d9224-5165-4492-9cdf-2db3fcaf5363
2025-04-12 23:11:40,062 INFO  [com.epi.rep.RegisteredUsersRepo] (executor-thread-1) [REGISTER USER][REPO]: user user1 not found, creating new user
2025-04-12 23:11:40,072 INFO  [com.epi.rep.RegisteredUsersRepo] (executor-thread-1) [REGISTER USER][REPO] find the recently added user UserModel{userId='user1', blockedUsers=[], registeredAt=null}
2025-04-12 23:11:40,072 INFO  [com.epi.red.PostUserActionSubscriber] (executor-thread-1) [Event Success] UserActionEvent{actionType=USER_CREATED, userId='null', targetId='null', postId='null', postContent='null', timestamp=null}
2025-04-12 23:11:40,072 INFO  [com.epi.red.PostUserActionSubscriber] (executor-thread-1) [Event Start] UserActionEvent{actionType=USER_CREATED, userId='null', targetId='null', postId='null', postContent='null', timestamp=null}
2025-04-12 23:11:40,072 INFO  [com.epi.rep.RegisteredUsersRepo] (executor-thread-1) [REGISTER USER][REPO]: registering user user2
2025-04-12 23:11:40,074 INFO  [com.epi.rep.RegisteredUsersRepo] (executor-thread-1) [REGISTER USER][REPO]: user user2 not found, creating new user
2025-04-12 23:11:40,080 INFO  [com.epi.rep.RegisteredUsersRepo] (executor-thread-1) [REGISTER USER][REPO] find the recently added user UserModel{userId='user2', blockedUsers=[], registeredAt=null}
2025-04-12 23:11:40,080 INFO  [com.epi.red.PostUserActionSubscriber] (executor-thread-1) [Event Success] UserActionEvent{actionType=USER_CREATED, userId='null', targetId='null', postId='null', postContent='null', timestamp=null}
2025-04-12 23:11:40,080 INFO  [com.epi.red.PostUserActionSubscriber] (executor-thread-1) [Event Start] UserActionEvent{actionType=USER_CREATED, userId='null', targetId='null', postId='null', postContent='null', timestamp=null}
2025-04-12 23:11:40,080 INFO  [com.epi.rep.RegisteredUsersRepo] (executor-thread-1) [REGISTER USER][REPO]: registering user user3
2025-04-12 23:11:40,083 INFO  [com.epi.rep.RegisteredUsersRepo] (executor-thread-1) [REGISTER USER][REPO]: user user3 not found, creating new user
2025-04-12 23:11:40,089 INFO  [com.epi.rep.RegisteredUsersRepo] (executor-thread-1) [REGISTER USER][REPO] find the recently added user UserModel{userId='user3', blockedUsers=[], registeredAt=null}
2025-04-12 23:11:40,089 INFO  [com.epi.red.PostUserActionSubscriber] (executor-thread-1) [Event Success] UserActionEvent{actionType=USER_CREATED, userId='null', targetId='null', postId='null', postContent='null', timestamp=null}
2025-04-12 23:11:40,089 INFO  [com.epi.red.PostUserActionSubscriber] (executor-thread-1) [Event Start] UserActionEvent{actionType=USER_CREATED, userId='null', targetId='null', postId='null', postContent='null', timestamp=null}
2025-04-12 23:11:40,089 INFO  [com.epi.rep.RegisteredUsersRepo] (executor-thread-1) [REGISTER USER][REPO]: registering user blocked_user
2025-04-12 23:11:40,091 INFO  [com.epi.rep.RegisteredUsersRepo] (executor-thread-1) [REGISTER USER][REPO]: user blocked_user not found, creating new user
2025-04-12 23:11:40,096 INFO  [com.epi.rep.RegisteredUsersRepo] (executor-thread-1) [REGISTER USER][REPO] find the recently added user UserModel{userId='blocked_user', blockedUsers=[], registeredAt=null}
2025-04-12 23:11:40,096 INFO  [com.epi.red.PostUserActionSubscriber] (executor-thread-1) [Event Success] UserActionEvent{actionType=USER_CREATED, userId='null', targetId='null', postId='null', postContent='null', timestamp=null}
2025-04-12 23:11:40,096 INFO  [com.epi.red.PostUserActionSubscriber] (executor-thread-1) [Event Start] UserActionEvent{actionType=USER_BLOCKED, userId='null', targetId='null', postId='null', postContent='null', timestamp=null}
2025-04-12 23:11:40,097 INFO  [com.epi.rep.RegisteredUsersRepo] (executor-thread-1) [BLOCK USER][REPO]: blocking user blocked_user for user user3
2025-04-12 23:11:40,104 INFO  [com.epi.red.PostUserActionSubscriber] (executor-thread-1) [Event Success] UserActionEvent{actionType=USER_BLOCKED, userId='null', targetId='null', postId='null', postContent='null', timestamp=null}
2025-04-12 23:11:40,843 INFO  [com.epi.con.RepoPostController] (executor-thread-1) [CREATE POST][CONTROLLER]: creating post with authorUsername: user1 and text: Post to retrieve
2025-04-12 23:11:40,844 INFO  [com.epi.ser.PostService] (executor-thread-1) [CREATE POST][SERVICE]: creating post: PostEntity{authorId=null, type=ORIGINAL, text='Post to retrieve', parentPostId=null, media=null, createdAt=null}
2025-04-12 23:11:40,844 INFO  [com.epi.rep.PostRepoMongo] (executor-thread-1) [CREATE POST][REPOSITORY]: début de la création du post
2025-04-12 23:11:40,844 INFO  [com.epi.rep.PostRepoMongo] (executor-thread-1) [CREATE POST][REPOSITORY]: persistance du post dans MongoDB
2025-04-12 23:11:40,850 INFO  [com.epi.rep.PostRepoMongo] (executor-thread-1) [CREATE POST][REPOSITORY]: post créé avec succès, id: 2d475019-a99e-443a-b333-452fcce1468a
2025-04-12 23:11:40,856 INFO  [com.epi.ser.PostService] (executor-thread-1) [CREATE POST][SERVICE]: created post: PostInfoEntity{postId='2d475019-a99e-443a-b333-452fcce1468a', authorId='null', text='Post to retrieve', parentPostId='null', type=ORIGINAL, mediaUrl='null', createdAt=Sat Apr 12 23:11:40 CEST 2025}
2025-04-12 23:11:40,856 INFO  [com.epi.ser.PostService] (executor-thread-1) [CREATE POST][SERVICE]: publishing post creation event to Redis: UserActionEvent{actionType=POST_CREATED, userId='null', targetId='null', postId='2d475019-a99e-443a-b333-452fcce1468a', postContent='Post to retrieve', timestamp=Sat Apr 12 23:11:40 CEST 2025}
2025-04-12 23:11:41,407 INFO  [com.epi.ser.PostService] (executor-thread-2) [GET POST][SERVICE]: getting post: 2d475019-a99e-443a-b333-452fcce1468a
]]></system-out>
  </testcase>
  <testcase name="testCreatePostWithTextExceeding160Characters" classname="RepoPostTest" time="0.029"/>
  <testcase name="testDeletePostNotFound" classname="RepoPostTest" time="0.035">
    <system-out><![CDATA[2025-04-12 23:11:41,519 INFO  [com.epi.ser.PostService] (executor-thread-1) [DELETE POST][SERVICE]: deleting post: 550e8400-e29b-41d4-a716-446655440000
2025-04-12 23:11:41,520 INFO  [com.epi.rep.PostRepoMongo] (executor-thread-1) [DELETE POST][REPOSITORY]: tentative de suppression du post: 550e8400-e29b-41d4-a716-446655440000 par l'auteur: user1
2025-04-12 23:11:41,521 ERROR [com.epi.rep.PostRepoMongo] (executor-thread-1) [DELETE POST][REPOSITORY]: post non trouvé: 550e8400-e29b-41d4-a716-446655440000
]]></system-out>
  </testcase>
  <testcase name="testGetPostNotFound" classname="RepoPostTest" time="0.019"/>
  <testcase name="testGetUserPostsNotFound" classname="RepoPostTest" time="0.02"/>
  <testcase name="testCreateReplyWithParentPostIdAndText" classname="RepoPostTest" time="0.046">
    <system-out><![CDATA[2025-04-12 23:11:41,589 INFO  [com.epi.ser.PostService] (executor-thread-1) [IS POST FROM BLOCKED USER][SERVICE]: checking if post is from blocked user: user1
2025-04-12 23:11:41,591 INFO  [com.epi.con.RepoPostController] (executor-thread-1) [CREATE POST][CONTROLLER]: creating post with authorUsername: user1 and text: Hello World
2025-04-12 23:11:41,591 INFO  [com.epi.ser.PostService] (executor-thread-1) [CREATE POST][SERVICE]: creating post: PostEntity{authorId=null, type=REPLY, text='Hello World', parentPostId=4d8d9224-5165-4492-9cdf-2db3fcaf5363, media=null, createdAt=null}
2025-04-12 23:11:41,591 INFO  [com.epi.rep.PostRepoMongo] (executor-thread-1) [CREATE POST][REPOSITORY]: début de la création du post
2025-04-12 23:11:41,591 INFO  [com.epi.rep.PostRepoMongo] (executor-thread-1) [CREATE POST][REPOSITORY]: persistance du post dans MongoDB
2025-04-12 23:11:41,596 INFO  [com.epi.rep.PostRepoMongo] (executor-thread-1) [CREATE POST][REPOSITORY]: post créé avec succès, id: 1b3049f5-6a77-4d86-917f-dcb47d9f882f
2025-04-12 23:11:41,596 INFO  [com.epi.ser.PostService] (executor-thread-1) [CREATE POST][SERVICE]: created post: PostInfoEntity{postId='1b3049f5-6a77-4d86-917f-dcb47d9f882f', authorId='null', text='Hello World', parentPostId='4d8d9224-5165-4492-9cdf-2db3fcaf5363', type=REPLY, mediaUrl='null', createdAt=Sat Apr 12 23:11:41 CEST 2025}
2025-04-12 23:11:41,596 INFO  [com.epi.ser.PostService] (executor-thread-1) [CREATE POST][SERVICE]: publishing post creation event to Redis: UserActionEvent{actionType=POST_CREATED, userId='null', targetId='null', postId='1b3049f5-6a77-4d86-917f-dcb47d9f882f', postContent='Hello World', timestamp=Sat Apr 12 23:11:41 CEST 2025}
]]></system-out>
  </testcase>
  <testcase name="testCreatePostWithTextAndRealMediaFile" classname="RepoPostTest" time="0.165">
    <system-out><![CDATA[2025-04-12 23:11:41,674 INFO  [com.epi.con.RepoPostController] (executor-thread-2) [CREATE POST][CONTROLLER]: creating post with authorUsername: user1 and text: Post avec m?dia
2025-04-12 23:11:41,675 INFO  [com.epi.ser.PostService] (executor-thread-2) [CREATE POST][SERVICE]: creating post: PostEntity{authorId=null, type=ORIGINAL, text='Post avec m?dia', parentPostId=null, media=org.jboss.resteasy.reactive.server.core.multipart.DefaultFileUpload@21e2439, createdAt=null}
2025-04-12 23:11:41,675 INFO  [com.epi.rep.PostRepoMongo] (executor-thread-2) [CREATE POST][REPOSITORY]: début de la création du post
2025-04-12 23:11:41,675 INFO  [com.epi.rep.PostRepoMongo] (executor-thread-2) [CREATE POST][REPOSITORY]: stockage du fichier joint
2025-04-12 23:11:41,748 INFO  [com.epi.rep.PostRepoMongo] (executor-thread-2) [CREATE POST][REPOSITORY]: fichier stocké avec succès, fileId: 67fad70d538d557061c706b5
2025-04-12 23:11:41,748 INFO  [com.epi.rep.PostRepoMongo] (executor-thread-2) [CREATE POST][REPOSITORY]: persistance du post dans MongoDB
2025-04-12 23:11:41,752 INFO  [com.epi.rep.PostRepoMongo] (executor-thread-2) [CREATE POST][REPOSITORY]: post créé avec succès, id: a8047f1b-f413-4209-b4a0-8551656f5b7e
2025-04-12 23:11:41,753 INFO  [com.epi.ser.PostService] (executor-thread-2) [CREATE POST][SERVICE]: created post: PostInfoEntity{postId='a8047f1b-f413-4209-b4a0-8551656f5b7e', authorId='null', text='Post avec m?dia', parentPostId='null', type=ORIGINAL, mediaUrl='/api/files/67fad70d538d557061c706b5', createdAt=Sat Apr 12 23:11:41 CEST 2025}
2025-04-12 23:11:41,753 INFO  [com.epi.ser.PostService] (executor-thread-2) [CREATE POST][SERVICE]: publishing post creation event to Redis: UserActionEvent{actionType=POST_CREATED, userId='null', targetId='null', postId='a8047f1b-f413-4209-b4a0-8551656f5b7e', postContent='Post avec m?dia', timestamp=Sat Apr 12 23:11:41 CEST 2025}
]]></system-out>
  </testcase>
  <testcase name="createReplyToBlockedUser" classname="RepoPostTest" time="0.028">
    <system-out><![CDATA[2025-04-12 23:11:41,800 INFO  [com.epi.ser.PostService] (executor-thread-1) [IS POST FROM BLOCKED USER][SERVICE]: checking if post is from blocked user: user3
2025-04-12 23:11:41,801 INFO  [com.epi.ser.PostService] (executor-thread-1) [IS POST FROM BLOCKED USER][SERVICE]: user is blocked: 4d8d9224-5165-4492-9cdf-2db3fcaf5363
]]></system-out>
  </testcase>
  <testcase name="testCreatePostWithValidData" classname="RepoPostTest" time="0.038">
    <system-out><![CDATA[2025-04-12 23:11:41,825 INFO  [com.epi.con.RepoPostController] (executor-thread-2) [CREATE POST][CONTROLLER]: creating post with authorUsername: user2 and text: Hello World
2025-04-12 23:11:41,826 INFO  [com.epi.ser.PostService] (executor-thread-2) [CREATE POST][SERVICE]: creating post: PostEntity{authorId=null, type=ORIGINAL, text='Hello World', parentPostId=null, media=null, createdAt=null}
2025-04-12 23:11:41,826 INFO  [com.epi.rep.PostRepoMongo] (executor-thread-2) [CREATE POST][REPOSITORY]: début de la création du post
2025-04-12 23:11:41,826 INFO  [com.epi.rep.PostRepoMongo] (executor-thread-2) [CREATE POST][REPOSITORY]: persistance du post dans MongoDB
2025-04-12 23:11:41,830 INFO  [com.epi.rep.PostRepoMongo] (executor-thread-2) [CREATE POST][REPOSITORY]: post créé avec succès, id: b3ff48fe-920a-4e37-80f3-f11918b7a713
2025-04-12 23:11:41,830 INFO  [com.epi.ser.PostService] (executor-thread-2) [CREATE POST][SERVICE]: created post: PostInfoEntity{postId='b3ff48fe-920a-4e37-80f3-f11918b7a713', authorId='null', text='Hello World', parentPostId='null', type=ORIGINAL, mediaUrl='null', createdAt=Sat Apr 12 23:11:41 CEST 2025}
2025-04-12 23:11:41,830 INFO  [com.epi.ser.PostService] (executor-thread-2) [CREATE POST][SERVICE]: publishing post creation event to Redis: UserActionEvent{actionType=POST_CREATED, userId='null', targetId='null', postId='b3ff48fe-920a-4e37-80f3-f11918b7a713', postContent='Hello World', timestamp=Sat Apr 12 23:11:41 CEST 2025}
]]></system-out>
  </testcase>
  <testcase name="testGetPostReplies" classname="RepoPostTest" time="0.259">
    <system-out><![CDATA[2025-04-12 23:11:41,864 INFO  [com.epi.con.RepoPostController] (executor-thread-1) [CREATE POST][CONTROLLER]: creating post with authorUsername: user1 and text: Post parent
2025-04-12 23:11:41,865 INFO  [com.epi.ser.PostService] (executor-thread-1) [CREATE POST][SERVICE]: creating post: PostEntity{authorId=null, type=ORIGINAL, text='Post parent', parentPostId=null, media=null, createdAt=null}
2025-04-12 23:11:41,865 INFO  [com.epi.rep.PostRepoMongo] (executor-thread-1) [CREATE POST][REPOSITORY]: début de la création du post
2025-04-12 23:11:41,865 INFO  [com.epi.rep.PostRepoMongo] (executor-thread-1) [CREATE POST][REPOSITORY]: persistance du post dans MongoDB
2025-04-12 23:11:41,868 INFO  [com.epi.rep.PostRepoMongo] (executor-thread-1) [CREATE POST][REPOSITORY]: post créé avec succès, id: 3afe40c4-f54e-4e65-9a01-c6a17c29616b
2025-04-12 23:11:41,868 INFO  [com.epi.ser.PostService] (executor-thread-1) [CREATE POST][SERVICE]: created post: PostInfoEntity{postId='3afe40c4-f54e-4e65-9a01-c6a17c29616b', authorId='null', text='Post parent', parentPostId='null', type=ORIGINAL, mediaUrl='null', createdAt=Sat Apr 12 23:11:41 CEST 2025}
2025-04-12 23:11:41,868 INFO  [com.epi.ser.PostService] (executor-thread-1) [CREATE POST][SERVICE]: publishing post creation event to Redis: UserActionEvent{actionType=POST_CREATED, userId='null', targetId='null', postId='3afe40c4-f54e-4e65-9a01-c6a17c29616b', postContent='Post parent', timestamp=Sat Apr 12 23:11:41 CEST 2025}
2025-04-12 23:11:41,900 INFO  [com.epi.ser.PostService] (executor-thread-2) [IS POST FROM BLOCKED USER][SERVICE]: checking if post is from blocked user: user2
2025-04-12 23:11:41,902 INFO  [com.epi.con.RepoPostController] (executor-thread-2) [CREATE POST][CONTROLLER]: creating post with authorUsername: user2 and text: Reponse au post
2025-04-12 23:11:41,902 INFO  [com.epi.ser.PostService] (executor-thread-2) [CREATE POST][SERVICE]: creating post: PostEntity{authorId=null, type=REPLY, text='Reponse au post', parentPostId=3afe40c4-f54e-4e65-9a01-c6a17c29616b, media=null, createdAt=null}
2025-04-12 23:11:41,902 INFO  [com.epi.rep.PostRepoMongo] (executor-thread-2) [CREATE POST][REPOSITORY]: début de la création du post
2025-04-12 23:11:41,902 INFO  [com.epi.rep.PostRepoMongo] (executor-thread-2) [CREATE POST][REPOSITORY]: persistance du post dans MongoDB
2025-04-12 23:11:41,907 INFO  [com.epi.rep.PostRepoMongo] (executor-thread-2) [CREATE POST][REPOSITORY]: post créé avec succès, id: f0842a32-e653-4081-a878-6076f7959875
2025-04-12 23:11:41,907 INFO  [com.epi.ser.PostService] (executor-thread-2) [CREATE POST][SERVICE]: created post: PostInfoEntity{postId='f0842a32-e653-4081-a878-6076f7959875', authorId='null', text='Reponse au post', parentPostId='3afe40c4-f54e-4e65-9a01-c6a17c29616b', type=REPLY, mediaUrl='null', createdAt=Sat Apr 12 23:11:41 CEST 2025}
2025-04-12 23:11:41,907 INFO  [com.epi.ser.PostService] (executor-thread-2) [CREATE POST][SERVICE]: publishing post creation event to Redis: UserActionEvent{actionType=POST_CREATED, userId='null', targetId='null', postId='f0842a32-e653-4081-a878-6076f7959875', postContent='Reponse au post', timestamp=Sat Apr 12 23:11:41 CEST 2025}
2025-04-12 23:11:41,925 INFO  [com.epi.ser.PostService] (executor-thread-1) [GET POST REPLIES][SERVICE]: getting post replies for post: 3afe40c4-f54e-4e65-9a01-c6a17c29616b
2025-04-12 23:11:41,925 INFO  [com.epi.rep.PostRepoMongo] (executor-thread-1) [GET POST REPLIES][REPOSITORY]: getting replies for post: 3afe40c4-f54e-4e65-9a01-c6a17c29616b
]]></system-out>
  </testcase>
  <testcase name="testCreatePostInvalidMissingTextAndFile" classname="RepoPostTest" time="0.019"/>
  <testcase name="testGeUnregisteredtUserPosts" classname="RepoPostTest" time="0.068">
    <system-out><![CDATA[2025-04-12 23:11:42,160 INFO  [com.epi.con.RepoPostController] (executor-thread-2) [CREATE POST][CONTROLLER]: creating post with authorUsername: user3 and text: Premier post
2025-04-12 23:11:42,160 INFO  [com.epi.ser.PostService] (executor-thread-2) [CREATE POST][SERVICE]: creating post: PostEntity{authorId=null, type=ORIGINAL, text='Premier post', parentPostId=null, media=null, createdAt=null}
2025-04-12 23:11:42,160 INFO  [com.epi.rep.PostRepoMongo] (executor-thread-2) [CREATE POST][REPOSITORY]: début de la création du post
2025-04-12 23:11:42,160 INFO  [com.epi.rep.PostRepoMongo] (executor-thread-2) [CREATE POST][REPOSITORY]: persistance du post dans MongoDB
2025-04-12 23:11:42,165 INFO  [com.epi.rep.PostRepoMongo] (executor-thread-2) [CREATE POST][REPOSITORY]: post créé avec succès, id: 474cf3d8-a220-48d3-978c-0e36c76137d3
2025-04-12 23:11:42,165 INFO  [com.epi.ser.PostService] (executor-thread-2) [CREATE POST][SERVICE]: created post: PostInfoEntity{postId='474cf3d8-a220-48d3-978c-0e36c76137d3', authorId='null', text='Premier post', parentPostId='null', type=ORIGINAL, mediaUrl='null', createdAt=Sat Apr 12 23:11:42 CEST 2025}
2025-04-12 23:11:42,165 INFO  [com.epi.ser.PostService] (executor-thread-2) [CREATE POST][SERVICE]: publishing post creation event to Redis: UserActionEvent{actionType=POST_CREATED, userId='null', targetId='null', postId='474cf3d8-a220-48d3-978c-0e36c76137d3', postContent='Premier post', timestamp=Sat Apr 12 23:11:42 CEST 2025}
]]></system-out>
  </testcase>
  <testcase name="testCreatePostWithTextAndMediaFile" classname="RepoPostTest" time="0.054">
    <system-out><![CDATA[2025-04-12 23:11:42,214 INFO  [com.epi.con.RepoPostController] (executor-thread-1) [CREATE POST][CONTROLLER]: creating post with authorUsername: user1 and text: Post avec m?dia
2025-04-12 23:11:42,215 INFO  [com.epi.ser.PostService] (executor-thread-1) [CREATE POST][SERVICE]: creating post: PostEntity{authorId=null, type=ORIGINAL, text='Post avec m?dia', parentPostId=null, media=org.jboss.resteasy.reactive.server.core.multipart.DefaultFileUpload@4f74705d, createdAt=null}
2025-04-12 23:11:42,215 INFO  [com.epi.rep.PostRepoMongo] (executor-thread-1) [CREATE POST][REPOSITORY]: début de la création du post
2025-04-12 23:11:42,215 INFO  [com.epi.rep.PostRepoMongo] (executor-thread-1) [CREATE POST][REPOSITORY]: stockage du fichier joint
2025-04-12 23:11:42,224 INFO  [com.epi.rep.PostRepoMongo] (executor-thread-1) [CREATE POST][REPOSITORY]: fichier stocké avec succès, fileId: 67fad70e538d557061c706be
2025-04-12 23:11:42,224 INFO  [com.epi.rep.PostRepoMongo] (executor-thread-1) [CREATE POST][REPOSITORY]: persistance du post dans MongoDB
2025-04-12 23:11:42,228 INFO  [com.epi.rep.PostRepoMongo] (executor-thread-1) [CREATE POST][REPOSITORY]: post créé avec succès, id: f7643c73-b318-4f81-974b-243816d2f497
2025-04-12 23:11:42,228 INFO  [com.epi.ser.PostService] (executor-thread-1) [CREATE POST][SERVICE]: created post: PostInfoEntity{postId='f7643c73-b318-4f81-974b-243816d2f497', authorId='null', text='Post avec m?dia', parentPostId='null', type=ORIGINAL, mediaUrl='/api/files/67fad70e538d557061c706be', createdAt=Sat Apr 12 23:11:42 CEST 2025}
2025-04-12 23:11:42,228 INFO  [com.epi.ser.PostService] (executor-thread-1) [CREATE POST][SERVICE]: publishing post creation event to Redis: UserActionEvent{actionType=POST_CREATED, userId='null', targetId='null', postId='f7643c73-b318-4f81-974b-243816d2f497', postContent='Post avec m?dia', timestamp=Sat Apr 12 23:11:42 CEST 2025}
]]></system-out>
  </testcase>
  <testcase name="testCreateRepostWithParentPostIdAndText" classname="RepoPostTest" time="0.04">
    <system-out><![CDATA[2025-04-12 23:11:42,267 INFO  [com.epi.ser.PostService] (executor-thread-2) [IS POST FROM BLOCKED USER][SERVICE]: checking if post is from blocked user: user1
2025-04-12 23:11:42,268 INFO  [com.epi.con.RepoPostController] (executor-thread-2) [CREATE POST][CONTROLLER]: creating post with authorUsername: user1 and text: Hello World
2025-04-12 23:11:42,268 INFO  [com.epi.ser.PostService] (executor-thread-2) [CREATE POST][SERVICE]: creating post: PostEntity{authorId=null, type=REPOST, text='Hello World', parentPostId=4d8d9224-5165-4492-9cdf-2db3fcaf5363, media=null, createdAt=null}
2025-04-12 23:11:42,268 INFO  [com.epi.rep.PostRepoMongo] (executor-thread-2) [CREATE POST][REPOSITORY]: début de la création du post
2025-04-12 23:11:42,268 INFO  [com.epi.rep.PostRepoMongo] (executor-thread-2) [CREATE POST][REPOSITORY]: persistance du post dans MongoDB
2025-04-12 23:11:42,273 INFO  [com.epi.rep.PostRepoMongo] (executor-thread-2) [CREATE POST][REPOSITORY]: post créé avec succès, id: 1f370abc-c800-424b-ad64-554156162797
2025-04-12 23:11:42,273 INFO  [com.epi.ser.PostService] (executor-thread-2) [CREATE POST][SERVICE]: created post: PostInfoEntity{postId='1f370abc-c800-424b-ad64-554156162797', authorId='null', text='Hello World', parentPostId='4d8d9224-5165-4492-9cdf-2db3fcaf5363', type=REPOST, mediaUrl='null', createdAt=Sat Apr 12 23:11:42 CEST 2025}
2025-04-12 23:11:42,273 INFO  [com.epi.ser.PostService] (executor-thread-2) [CREATE POST][SERVICE]: publishing post creation event to Redis: UserActionEvent{actionType=POST_CREATED, userId='null', targetId='null', postId='1f370abc-c800-424b-ad64-554156162797', postContent='Hello World', timestamp=Sat Apr 12 23:11:42 CEST 2025}
]]></system-out>
  </testcase>
  <testcase name="testCreateAndGetPostWithMedia" classname="RepoPostTest" time="0.198">
    <system-out><![CDATA[2025-04-12 23:11:42,337 INFO  [com.epi.con.RepoPostController] (executor-thread-1) [CREATE POST][CONTROLLER]: creating post with authorUsername: user1 and text: Post avec fichier ? v?rifier
2025-04-12 23:11:42,337 INFO  [com.epi.ser.PostService] (executor-thread-1) [CREATE POST][SERVICE]: creating post: PostEntity{authorId=null, type=ORIGINAL, text='Post avec fichier ? v?rifier', parentPostId=null, media=org.jboss.resteasy.reactive.server.core.multipart.DefaultFileUpload@442ed05b, createdAt=null}
2025-04-12 23:11:42,337 INFO  [com.epi.rep.PostRepoMongo] (executor-thread-1) [CREATE POST][REPOSITORY]: début de la création du post
2025-04-12 23:11:42,337 INFO  [com.epi.rep.PostRepoMongo] (executor-thread-1) [CREATE POST][REPOSITORY]: stockage du fichier joint
2025-04-12 23:11:42,393 INFO  [com.epi.rep.PostRepoMongo] (executor-thread-1) [CREATE POST][REPOSITORY]: fichier stocké avec succès, fileId: 67fad70e538d557061c706c3
2025-04-12 23:11:42,393 INFO  [com.epi.rep.PostRepoMongo] (executor-thread-1) [CREATE POST][REPOSITORY]: persistance du post dans MongoDB
2025-04-12 23:11:42,397 INFO  [com.epi.rep.PostRepoMongo] (executor-thread-1) [CREATE POST][REPOSITORY]: post créé avec succès, id: d0fcc798-8194-4f4f-9591-ab7ca097244f
2025-04-12 23:11:42,398 INFO  [com.epi.ser.PostService] (executor-thread-1) [CREATE POST][SERVICE]: created post: PostInfoEntity{postId='d0fcc798-8194-4f4f-9591-ab7ca097244f', authorId='null', text='Post avec fichier ? v?rifier', parentPostId='null', type=ORIGINAL, mediaUrl='/api/files/67fad70e538d557061c706c3', createdAt=Sat Apr 12 23:11:42 CEST 2025}
2025-04-12 23:11:42,398 INFO  [com.epi.ser.PostService] (executor-thread-1) [CREATE POST][SERVICE]: publishing post creation event to Redis: UserActionEvent{actionType=POST_CREATED, userId='null', targetId='null', postId='d0fcc798-8194-4f4f-9591-ab7ca097244f', postContent='Post avec fichier ? v?rifier', timestamp=Sat Apr 12 23:11:42 CEST 2025}
2025-04-12 23:11:42,431 INFO  [com.epi.ser.PostService] (executor-thread-2) [GET POST][SERVICE]: getting post: d0fcc798-8194-4f4f-9591-ab7ca097244f
]]></system-out>
  </testcase>
  <testcase name="testDeleteOwnPost" classname="RepoPostTest" time="0.065">
    <system-out><![CDATA[2025-04-12 23:11:42,502 INFO  [com.epi.con.RepoPostController] (executor-thread-2) [CREATE POST][CONTROLLER]: creating post with authorUsername: user1 and text: Post ? supprimer
2025-04-12 23:11:42,502 INFO  [com.epi.ser.PostService] (executor-thread-2) [CREATE POST][SERVICE]: creating post: PostEntity{authorId=null, type=ORIGINAL, text='Post ? supprimer', parentPostId=null, media=null, createdAt=null}
2025-04-12 23:11:42,502 INFO  [com.epi.rep.PostRepoMongo] (executor-thread-2) [CREATE POST][REPOSITORY]: début de la création du post
2025-04-12 23:11:42,502 INFO  [com.epi.rep.PostRepoMongo] (executor-thread-2) [CREATE POST][REPOSITORY]: persistance du post dans MongoDB
2025-04-12 23:11:42,507 INFO  [com.epi.rep.PostRepoMongo] (executor-thread-2) [CREATE POST][REPOSITORY]: post créé avec succès, id: f7ab9d30-3170-4b3b-8961-5a39d6286157
2025-04-12 23:11:42,507 INFO  [com.epi.ser.PostService] (executor-thread-2) [CREATE POST][SERVICE]: created post: PostInfoEntity{postId='f7ab9d30-3170-4b3b-8961-5a39d6286157', authorId='null', text='Post ? supprimer', parentPostId='null', type=ORIGINAL, mediaUrl='null', createdAt=Sat Apr 12 23:11:42 CEST 2025}
2025-04-12 23:11:42,507 INFO  [com.epi.ser.PostService] (executor-thread-2) [CREATE POST][SERVICE]: publishing post creation event to Redis: UserActionEvent{actionType=POST_CREATED, userId='null', targetId='null', postId='f7ab9d30-3170-4b3b-8961-5a39d6286157', postContent='Post ? supprimer', timestamp=Sat Apr 12 23:11:42 CEST 2025}
2025-04-12 23:11:42,536 INFO  [com.epi.ser.PostService] (executor-thread-1) [DELETE POST][SERVICE]: deleting post: f7ab9d30-3170-4b3b-8961-5a39d6286157
2025-04-12 23:11:42,536 INFO  [com.epi.rep.PostRepoMongo] (executor-thread-1) [DELETE POST][REPOSITORY]: tentative de suppression du post: f7ab9d30-3170-4b3b-8961-5a39d6286157 par l'auteur: user1
2025-04-12 23:11:42,539 INFO  [com.epi.rep.PostRepoMongo] (executor-thread-1) [DELETE POST][REPOSITORY]: transaction démarrée pour supprimer le post: f7ab9d30-3170-4b3b-8961-5a39d6286157
2025-04-12 23:11:42,542 INFO  [com.epi.rep.PostRepoMongo] (executor-thread-1) [DELETE POST][REPOSITORY]: 0 posts référençant ce post comme parent mis à jour
2025-04-12 23:11:42,546 INFO  [com.epi.rep.PostRepoMongo] (executor-thread-1) [DELETE POST][REPOSITORY]: transaction validée, post supprimé avec succès: f7ab9d30-3170-4b3b-8961-5a39d6286157
2025-04-12 23:11:42,546 INFO  [com.epi.ser.PostService] (executor-thread-1) [DELETE POST][SERVICE]: deleted post node successfully: f7ab9d30-3170-4b3b-8961-5a39d6286157
2025-04-12 23:11:42,546 INFO  [com.epi.ser.PostService] (executor-thread-1) [DELETE POST][SERVICE]: publishing post deletion event to Redis: UserActionEvent{actionType=POST_DELETED, userId='null', targetId='null', postId='f7ab9d30-3170-4b3b-8961-5a39d6286157', postContent='null', timestamp=null}
]]></system-out>
  </testcase>
  <testcase name="testCreateReplyWithoutParentPostId" classname="RepoPostTest" time="0.016"/>
  <testcase name="testDeleteOtherUserPost" classname="RepoPostTest" time="0.055">
    <system-out><![CDATA[2025-04-12 23:11:42,588 INFO  [com.epi.con.RepoPostController] (executor-thread-2) [CREATE POST][CONTROLLER]: creating post with authorUsername: user1 and text: Post d'un autre utilisateur
2025-04-12 23:11:42,588 INFO  [com.epi.ser.PostService] (executor-thread-2) [CREATE POST][SERVICE]: creating post: PostEntity{authorId=null, type=ORIGINAL, text='Post d'un autre utilisateur', parentPostId=null, media=null, createdAt=null}
2025-04-12 23:11:42,588 INFO  [com.epi.rep.PostRepoMongo] (executor-thread-2) [CREATE POST][REPOSITORY]: début de la création du post
2025-04-12 23:11:42,588 INFO  [com.epi.rep.PostRepoMongo] (executor-thread-2) [CREATE POST][REPOSITORY]: persistance du post dans MongoDB
2025-04-12 23:11:42,593 INFO  [com.epi.rep.PostRepoMongo] (executor-thread-2) [CREATE POST][REPOSITORY]: post créé avec succès, id: ebfde4ff-a024-4cfc-9bd5-fe21735d151c
2025-04-12 23:11:42,593 INFO  [com.epi.ser.PostService] (executor-thread-2) [CREATE POST][SERVICE]: created post: PostInfoEntity{postId='ebfde4ff-a024-4cfc-9bd5-fe21735d151c', authorId='null', text='Post d'un autre utilisateur', parentPostId='null', type=ORIGINAL, mediaUrl='null', createdAt=Sat Apr 12 23:11:42 CEST 2025}
2025-04-12 23:11:42,593 INFO  [com.epi.ser.PostService] (executor-thread-2) [CREATE POST][SERVICE]: publishing post creation event to Redis: UserActionEvent{actionType=POST_CREATED, userId='null', targetId='null', postId='ebfde4ff-a024-4cfc-9bd5-fe21735d151c', postContent='Post d'un autre utilisateur', timestamp=Sat Apr 12 23:11:42 CEST 2025}
2025-04-12 23:11:42,619 INFO  [com.epi.ser.PostService] (executor-thread-1) [DELETE POST][SERVICE]: deleting post: ebfde4ff-a024-4cfc-9bd5-fe21735d151c
2025-04-12 23:11:42,619 INFO  [com.epi.rep.PostRepoMongo] (executor-thread-1) [DELETE POST][REPOSITORY]: tentative de suppression du post: ebfde4ff-a024-4cfc-9bd5-fe21735d151c par l'auteur: user2
2025-04-12 23:11:42,620 ERROR [com.epi.rep.PostRepoMongo] (executor-thread-1) [DELETE POST][REPOSITORY]: utilisateur non autorisé à supprimer le post: ebfde4ff-a024-4cfc-9bd5-fe21735d151c
]]></system-out>
  </testcase>
  <testcase name="testGetUserPosts" classname="RepoPostTest" time="0.045">
    <system-out><![CDATA[2025-04-12 23:11:42,641 INFO  [com.epi.con.RepoPostController] (executor-thread-1) [CREATE POST][CONTROLLER]: creating post with authorUsername: user3 and text: Premier post
2025-04-12 23:11:42,642 INFO  [com.epi.ser.PostService] (executor-thread-1) [CREATE POST][SERVICE]: creating post: PostEntity{authorId=null, type=ORIGINAL, text='Premier post', parentPostId=null, media=null, createdAt=null}
2025-04-12 23:11:42,642 INFO  [com.epi.rep.PostRepoMongo] (executor-thread-1) [CREATE POST][REPOSITORY]: début de la création du post
2025-04-12 23:11:42,642 INFO  [com.epi.rep.PostRepoMongo] (executor-thread-1) [CREATE POST][REPOSITORY]: persistance du post dans MongoDB
2025-04-12 23:11:42,646 INFO  [com.epi.rep.PostRepoMongo] (executor-thread-1) [CREATE POST][REPOSITORY]: post créé avec succès, id: f29a2da4-6540-4c98-8b21-f98969f06696
2025-04-12 23:11:42,646 INFO  [com.epi.ser.PostService] (executor-thread-1) [CREATE POST][SERVICE]: created post: PostInfoEntity{postId='f29a2da4-6540-4c98-8b21-f98969f06696', authorId='null', text='Premier post', parentPostId='null', type=ORIGINAL, mediaUrl='null', createdAt=Sat Apr 12 23:11:42 CEST 2025}
2025-04-12 23:11:42,646 INFO  [com.epi.ser.PostService] (executor-thread-1) [CREATE POST][SERVICE]: publishing post creation event to Redis: UserActionEvent{actionType=POST_CREATED, userId='null', targetId='null', postId='f29a2da4-6540-4c98-8b21-f98969f06696', postContent='Premier post', timestamp=Sat Apr 12 23:11:42 CEST 2025}
2025-04-12 23:11:42,664 INFO  [com.epi.ser.PostService] (executor-thread-2) [GET USER POSTS][SERVICE]: getting posts for user: user3
]]></system-out>
  </testcase>
  <testcase name="testCreateRepostWithoutParentPostId" classname="RepoPostTest" time="0.017"/>
  <testcase name="testCreateRepostWithIncorrectParentPostIdAndText" classname="RepoPostTest" time="0.02"/>
  <testcase name="testCreateReplyWithIncorrectParentPostIdAndText" classname="RepoPostTest" time="0.02"/>
</testsuite>