<?xml version="1.0" encoding="UTF-8"?>
<testsuite xmlns:xsi="http://www.w3.org/2001/XMLSchema-instance" xsi:noNamespaceSchemaLocation="https://maven.apache.org/surefire/maven-surefire-plugin/xsd/surefire-test-report-3.0.xsd" version="3.0" name="com.epita.ServiceUserControllerTest" time="9.985" tests="6" errors="0" skipped="0" failures="0">
  <properties>
    <property name="java.specification.version" value="17"/>
    <property name="sun.cpu.isalist" value="amd64"/>
    <property name="test.url" value="http://localhost:8081"/>
    <property name="sun.jnu.encoding" value="Cp1252"/>
    <property name="java.class.path" value="C:\Users\Gabriel\dev\epitweeet\srvc-user\target\test-classes;C:\Users\Gabriel\dev\epitweeet\srvc-user\target\classes;C:\Users\Gabriel\.m2\repository\io\quarkiverse\neo4j\quarkus-neo4j\3.0.3\quarkus-neo4j-3.0.3.jar;C:\Users\Gabriel\.m2\repository\io\quarkus\quarkus-arc\3.0.4.Final\quarkus-arc-3.0.4.Final.jar;C:\Users\Gabriel\.m2\repository\io\quarkus\arc\arc\3.0.4.Final\arc-3.0.4.Final.jar;C:\Users\Gabriel\.m2\repository\jakarta\transaction\jakarta.transaction-api\2.0.1\jakarta.transaction-api-2.0.1.jar;C:\Users\Gabriel\.m2\repository\org\eclipse\microprofile\context-propagation\microprofile-context-propagation-api\1.3\microprofile-context-propagation-api-1.3.jar;C:\Users\Gabriel\.m2\repository\org\neo4j\driver\neo4j-java-driver\5.8.0\neo4j-java-driver-5.8.0.jar;C:\Users\Gabriel\.m2\repository\org\reactivestreams\reactive-streams\1.0.4\reactive-streams-1.0.4.jar;C:\Users\Gabriel\.m2\repository\io\netty\netty-handler\4.1.90.Final\netty-handler-4.1.90.Final.jar;C:\Users\Gabriel\.m2\repository\io\netty\netty-common\4.1.90.Final\netty-common-4.1.90.Final.jar;C:\Users\Gabriel\.m2\repository\io\netty\netty-resolver\4.1.90.Final\netty-resolver-4.1.90.Final.jar;C:\Users\Gabriel\.m2\repository\io\netty\netty-buffer\4.1.90.Final\netty-buffer-4.1.90.Final.jar;C:\Users\Gabriel\.m2\repository\io\netty\netty-transport\4.1.90.Final\netty-transport-4.1.90.Final.jar;C:\Users\Gabriel\.m2\repository\io\netty\netty-transport-native-unix-common\4.1.90.Final\netty-transport-native-unix-common-4.1.90.Final.jar;C:\Users\Gabriel\.m2\repository\io\netty\netty-codec\4.1.90.Final\netty-codec-4.1.90.Final.jar;C:\Users\Gabriel\.m2\repository\io\netty\netty-tcnative-classes\2.0.59.Final\netty-tcnative-classes-2.0.59.Final.jar;C:\Users\Gabriel\.m2\repository\io\projectreactor\reactor-core\3.5.5\reactor-core-3.5.5.jar;C:\Users\Gabriel\dev\epitweeet\common-tools\target\common-tools-1.0.0.jar;C:\Users\Gabriel\.m2\repository\io\quarkus\quarkus-core\3.0.4.Final\quarkus-core-3.0.4.Final.jar;C:\Users\Gabriel\.m2\repository\jakarta\annotation\jakarta.annotation-api\2.1.1\jakarta.annotation-api-2.1.1.jar;C:\Users\Gabriel\.m2\repository\jakarta\enterprise\jakarta.enterprise.cdi-api\4.0.1\jakarta.enterprise.cdi-api-4.0.1.jar;C:\Users\Gabriel\.m2\repository\jakarta\enterprise\jakarta.enterprise.lang-model\4.0.1\jakarta.enterprise.lang-model-4.0.1.jar;C:\Users\Gabriel\.m2\repository\jakarta\el\jakarta.el-api\5.0.1\jakarta.el-api-5.0.1.jar;C:\Users\Gabriel\.m2\repository\jakarta\interceptor\jakarta.interceptor-api\2.1.0\jakarta.interceptor-api-2.1.0.jar;C:\Users\Gabriel\.m2\repository\jakarta\inject\jakarta.inject-api\2.0.1\jakarta.inject-api-2.0.1.jar;C:\Users\Gabriel\.m2\repository\io\smallrye\common\smallrye-common-os\2.1.0\smallrye-common-os-2.1.0.jar;C:\Users\Gabriel\.m2\repository\io\quarkus\quarkus-ide-launcher\3.0.4.Final\quarkus-ide-launcher-3.0.4.Final.jar;C:\Users\Gabriel\.m2\repository\io\quarkus\quarkus-development-mode-spi\3.0.4.Final\quarkus-development-mode-spi-3.0.4.Final.jar;C:\Users\Gabriel\.m2\repository\io\smallrye\config\smallrye-config\3.2.1\smallrye-config-3.2.1.jar;C:\Users\Gabriel\.m2\repository\io\smallrye\config\smallrye-config-core\3.2.1\smallrye-config-core-3.2.1.jar;C:\Users\Gabriel\.m2\repository\io\smallrye\common\smallrye-common-expression\2.1.0\smallrye-common-expression-2.1.0.jar;C:\Users\Gabriel\.m2\repository\io\smallrye\common\smallrye-common-function\2.1.0\smallrye-common-function-2.1.0.jar;C:\Users\Gabriel\.m2\repository\io\smallrye\common\smallrye-common-classloader\2.1.0\smallrye-common-classloader-2.1.0.jar;C:\Users\Gabriel\.m2\repository\io\smallrye\config\smallrye-config-common\3.2.1\smallrye-config-common-3.2.1.jar;C:\Users\Gabriel\.m2\repository\org\jboss\logmanager\jboss-logmanager-embedded\1.1.1\jboss-logmanager-embedded-1.1.1.jar;C:\Users\Gabriel\.m2\repository\org\jboss\logging\jboss-logging-annotations\2.2.1.Final\jboss-logging-annotations-2.2.1.Final.jar;C:\Users\Gabriel\.m2\repository\org\jboss\threads\jboss-threads\3.5.0.Final\jboss-threads-3.5.0.Final.jar;C:\Users\Gabriel\.m2\repository\org\slf4j\slf4j-api\2.0.6\slf4j-api-2.0.6.jar;C:\Users\Gabriel\.m2\repository\org\jboss\slf4j\slf4j-jboss-logmanager\2.0.0.Final\slf4j-jboss-logmanager-2.0.0.Final.jar;C:\Users\Gabriel\.m2\repository\org\graalvm\sdk\graal-sdk\22.3.0\graal-sdk-22.3.0.jar;C:\Users\Gabriel\.m2\repository\org\wildfly\common\wildfly-common\1.5.4.Final-format-001\wildfly-common-1.5.4.Final-format-001.jar;C:\Users\Gabriel\.m2\repository\io\quarkus\quarkus-bootstrap-runner\3.0.4.Final\quarkus-bootstrap-runner-3.0.4.Final.jar;C:\Users\Gabriel\.m2\repository\io\quarkus\quarkus-fs-util\0.0.9\quarkus-fs-util-0.0.9.jar;C:\Users\Gabriel\.m2\repository\com\fasterxml\jackson\core\jackson-databind\2.14.2\jackson-databind-2.14.2.jar;C:\Users\Gabriel\.m2\repository\com\fasterxml\jackson\core\jackson-annotations\2.14.2\jackson-annotations-2.14.2.jar;C:\Users\Gabriel\.m2\repository\com\fasterxml\jackson\core\jackson-core\2.14.2\jackson-core-2.14.2.jar;C:\Users\Gabriel\.m2\repository\io\quarkus\quarkus-resteasy-reactive-jackson\3.0.4.Final\quarkus-resteasy-reactive-jackson-3.0.4.Final.jar;C:\Users\Gabriel\.m2\repository\io\quarkus\quarkus-resteasy-reactive\3.0.4.Final\quarkus-resteasy-reactive-3.0.4.Final.jar;C:\Users\Gabriel\.m2\repository\io\quarkus\quarkus-resteasy-reactive-common\3.0.4.Final\quarkus-resteasy-reactive-common-3.0.4.Final.jar;C:\Users\Gabriel\.m2\repository\io\quarkus\resteasy\reactive\resteasy-reactive-common\3.0.4.Final\resteasy-reactive-common-3.0.4.Final.jar;C:\Users\Gabriel\.m2\repository\io\quarkus\resteasy\reactive\resteasy-reactive-common-types\3.0.4.Final\resteasy-reactive-common-types-3.0.4.Final.jar;C:\Users\Gabriel\.m2\repository\io\quarkus\resteasy\reactive\resteasy-reactive-vertx\3.0.4.Final\resteasy-reactive-vertx-3.0.4.Final.jar;C:\Users\Gabriel\.m2\repository\io\quarkus\resteasy\reactive\resteasy-reactive\3.0.4.Final\resteasy-reactive-3.0.4.Final.jar;C:\Users\Gabriel\.m2\repository\jakarta\ws\rs\jakarta.ws.rs-api\3.1.0\jakarta.ws.rs-api-3.1.0.jar;C:\Users\Gabriel\.m2\repository\jakarta\xml\bind\jakarta.xml.bind-api\4.0.0\jakarta.xml.bind-api-4.0.0.jar;C:\Users\Gabriel\.m2\repository\jakarta\activation\jakarta.activation-api\2.1.1\jakarta.activation-api-2.1.1.jar;C:\Users\Gabriel\.m2\repository\io\quarkus\quarkus-jsonp\3.0.4.Final\quarkus-jsonp-3.0.4.Final.jar;C:\Users\Gabriel\.m2\repository\org\eclipse\parsson\parsson\1.1.1\parsson-1.1.1.jar;C:\Users\Gabriel\.m2\repository\jakarta\json\jakarta.json-api\2.1.1\jakarta.json-api-2.1.1.jar;C:\Users\Gabriel\.m2\repository\io\quarkus\quarkus-resteasy-reactive-jackson-common\3.0.4.Final\quarkus-resteasy-reactive-jackson-common-3.0.4.Final.jar;C:\Users\Gabriel\.m2\repository\io\quarkus\resteasy\reactive\resteasy-reactive-jackson\3.0.4.Final\resteasy-reactive-jackson-3.0.4.Final.jar;C:\Users\Gabriel\.m2\repository\io\quarkus\quarkus-smallrye-openapi\3.0.4.Final\quarkus-smallrye-openapi-3.0.4.Final.jar;C:\Users\Gabriel\.m2\repository\io\smallrye\smallrye-open-api-core\3.3.4\smallrye-open-api-core-3.3.4.jar;C:\Users\Gabriel\.m2\repository\org\eclipse\microprofile\openapi\microprofile-openapi-api\3.1\microprofile-openapi-api-3.1.jar;C:\Users\Gabriel\.m2\repository\org\eclipse\microprofile\config\microprofile-config-api\3.0.3\microprofile-config-api-3.0.3.jar;C:\Users\Gabriel\.m2\repository\com\fasterxml\jackson\dataformat\jackson-dataformat-yaml\2.14.2\jackson-dataformat-yaml-2.14.2.jar;C:\Users\Gabriel\.m2\repository\org\yaml\snakeyaml\2.0\snakeyaml-2.0.jar;C:\Users\Gabriel\.m2\repository\io\smallrye\jandex\3.0.5\jandex-3.0.5.jar;C:\Users\Gabriel\.m2\repository\io\quarkus\quarkus-vertx-http\3.0.4.Final\quarkus-vertx-http-3.0.4.Final.jar;C:\Users\Gabriel\.m2\repository\io\quarkus\quarkus-security-runtime-spi\3.0.4.Final\quarkus-security-runtime-spi-3.0.4.Final.jar;C:\Users\Gabriel\.m2\repository\io\quarkus\quarkus-credentials\3.0.4.Final\quarkus-credentials-3.0.4.Final.jar;C:\Users\Gabriel\.m2\repository\io\smallrye\common\smallrye-common-vertx-context\2.1.0\smallrye-common-vertx-context-2.1.0.jar;C:\Users\Gabriel\.m2\repository\io\vertx\vertx-core\4.4.1\vertx-core-4.4.1.jar;C:\Users\Gabriel\.m2\repository\io\netty\netty-handler-proxy\4.1.90.Final\netty-handler-proxy-4.1.90.Final.jar;C:\Users\Gabriel\.m2\repository\io\netty\netty-codec-socks\4.1.90.Final\netty-codec-socks-4.1.90.Final.jar;C:\Users\Gabriel\.m2\repository\io\netty\netty-resolver-dns\4.1.90.Final\netty-resolver-dns-4.1.90.Final.jar;C:\Users\Gabriel\.m2\repository\io\netty\netty-codec-dns\4.1.90.Final\netty-codec-dns-4.1.90.Final.jar;C:\Users\Gabriel\.m2\repository\io\smallrye\common\smallrye-common-constraint\2.1.0\smallrye-common-constraint-2.1.0.jar;C:\Users\Gabriel\.m2\repository\io\quarkus\quarkus-vertx-http-dev-console-runtime-spi\3.0.4.Final\quarkus-vertx-http-dev-console-runtime-spi-3.0.4.Final.jar;C:\Users\Gabriel\.m2\repository\io\quarkus\security\quarkus-security\2.0.2.Final\quarkus-security-2.0.2.Final.jar;C:\Users\Gabriel\.m2\repository\io\smallrye\reactive\smallrye-mutiny-vertx-web\3.3.0\smallrye-mutiny-vertx-web-3.3.0.jar;C:\Users\Gabriel\.m2\repository\io\smallrye\reactive\smallrye-mutiny-vertx-web-common\3.3.0\smallrye-mutiny-vertx-web-common-3.3.0.jar;C:\Users\Gabriel\.m2\repository\io\smallrye\reactive\smallrye-mutiny-vertx-auth-common\3.3.0\smallrye-mutiny-vertx-auth-common-3.3.0.jar;C:\Users\Gabriel\.m2\repository\io\smallrye\reactive\smallrye-mutiny-vertx-bridge-common\3.3.0\smallrye-mutiny-vertx-bridge-common-3.3.0.jar;C:\Users\Gabriel\.m2\repository\io\smallrye\reactive\smallrye-mutiny-vertx-uri-template\3.3.0\smallrye-mutiny-vertx-uri-template-3.3.0.jar;C:\Users\Gabriel\.m2\repository\io\vertx\vertx-uri-template\4.4.1\vertx-uri-template-4.4.1.jar;C:\Users\Gabriel\.m2\repository\io\vertx\vertx-web\4.4.1\vertx-web-4.4.1.jar;C:\Users\Gabriel\.m2\repository\io\vertx\vertx-web-common\4.4.1\vertx-web-common-4.4.1.jar;C:\Users\Gabriel\.m2\repository\io\vertx\vertx-auth-common\4.4.1\vertx-auth-common-4.4.1.jar;C:\Users\Gabriel\.m2\repository\io\vertx\vertx-bridge-common\4.4.1\vertx-bridge-common-4.4.1.jar;C:\Users\Gabriel\.m2\repository\io\github\crac\org-crac\0.1.3\org-crac-0.1.3.jar;C:\Users\Gabriel\.m2\repository\io\quarkus\quarkus-swagger-ui\3.0.4.Final\quarkus-swagger-ui-3.0.4.Final.jar;C:\Users\Gabriel\.m2\repository\org\projectlombok\lombok\1.18.28\lombok-1.18.28.jar;C:\Users\Gabriel\.m2\repository\io\quarkus\quarkus-junit5\3.0.4.Final\quarkus-junit5-3.0.4.Final.jar;C:\Users\Gabriel\.m2\repository\io\quarkus\quarkus-bootstrap-core\3.0.4.Final\quarkus-bootstrap-core-3.0.4.Final.jar;C:\Users\Gabriel\.m2\repository\io\quarkus\quarkus-bootstrap-app-model\3.0.4.Final\quarkus-bootstrap-app-model-3.0.4.Final.jar;C:\Users\Gabriel\.m2\repository\io\smallrye\common\smallrye-common-io\2.1.0\smallrye-common-io-2.1.0.jar;C:\Users\Gabriel\.m2\repository\org\eclipse\sisu\org.eclipse.sisu.inject\0.3.5\org.eclipse.sisu.inject-0.3.5.jar;C:\Users\Gabriel\.m2\repository\io\quarkus\quarkus-test-common\3.0.4.Final\quarkus-test-common-3.0.4.Final.jar;C:\Users\Gabriel\.m2\repository\io\quarkus\quarkus-core-deployment\3.0.4.Final\quarkus-core-deployment-3.0.4.Final.jar;C:\Users\Gabriel\.m2\repository\org\aesh\readline\2.4\readline-2.4.jar;C:\Users\Gabriel\.m2\repository\org\fusesource\jansi\jansi\2.4.0\jansi-2.4.0.jar;C:\Users\Gabriel\.m2\repository\org\aesh\aesh\2.7\aesh-2.7.jar;C:\Users\Gabriel\.m2\repository\io\quarkus\gizmo\gizmo\1.6.1.Final\gizmo-1.6.1.Final.jar;C:\Users\Gabriel\.m2\repository\org\ow2\asm\asm-util\9.5\asm-util-9.5.jar;C:\Users\Gabriel\.m2\repository\org\ow2\asm\asm-analysis\9.5\asm-analysis-9.5.jar;C:\Users\Gabriel\.m2\repository\org\ow2\asm\asm\9.5\asm-9.5.jar;C:\Users\Gabriel\.m2\repository\org\ow2\asm\asm-commons\9.5\asm-commons-9.5.jar;C:\Users\Gabriel\.m2\repository\org\ow2\asm\asm-tree\9.5\asm-tree-9.5.jar;C:\Users\Gabriel\.m2\repository\io\quarkus\quarkus-class-change-agent\3.0.4.Final\quarkus-class-change-agent-3.0.4.Final.jar;C:\Users\Gabriel\.m2\repository\io\quarkus\quarkus-devtools-utilities\3.0.4.Final\quarkus-devtools-utilities-3.0.4.Final.jar;C:\Users\Gabriel\.m2\repository\io\quarkus\quarkus-builder\3.0.4.Final\quarkus-builder-3.0.4.Final.jar;C:\Users\Gabriel\.m2\repository\org\junit\platform\junit-platform-launcher\1.9.2\junit-platform-launcher-1.9.2.jar;C:\Users\Gabriel\.m2\repository\io\quarkus\quarkus-bootstrap-maven-resolver\3.0.4.Final\quarkus-bootstrap-maven-resolver-3.0.4.Final.jar;C:\Users\Gabriel\.m2\repository\io\smallrye\beanbag\smallrye-beanbag-maven\1.1.0\smallrye-beanbag-maven-1.1.0.jar;C:\Users\Gabriel\.m2\repository\io\smallrye\beanbag\smallrye-beanbag-sisu\1.1.0\smallrye-beanbag-sisu-1.1.0.jar;C:\Users\Gabriel\.m2\repository\io\smallrye\beanbag\smallrye-beanbag\1.1.0\smallrye-beanbag-1.1.0.jar;C:\Users\Gabriel\.m2\repository\javax\inject\javax.inject\1\javax.inject-1.jar;C:\Users\Gabriel\.m2\repository\org\apache\maven\maven-artifact\3.9.1\maven-artifact-3.9.1.jar;C:\Users\Gabriel\.m2\repository\org\apache\maven\maven-builder-support\3.9.1\maven-builder-support-3.9.1.jar;C:\Users\Gabriel\.m2\repository\org\apache\maven\maven-model\3.9.1\maven-model-3.9.1.jar;C:\Users\Gabriel\.m2\repository\org\apache\maven\maven-model-builder\3.9.1\maven-model-builder-3.9.1.jar;C:\Users\Gabriel\.m2\repository\org\apache\maven\maven-repository-metadata\3.9.1\maven-repository-metadata-3.9.1.jar;C:\Users\Gabriel\.m2\repository\org\apache\maven\maven-settings\3.9.1\maven-settings-3.9.1.jar;C:\Users\Gabriel\.m2\repository\org\apache\maven\resolver\maven-resolver-api\1.9.7\maven-resolver-api-1.9.7.jar;C:\Users\Gabriel\.m2\repository\org\apache\maven\resolver\maven-resolver-impl\1.9.7\maven-resolver-impl-1.9.7.jar;C:\Users\Gabriel\.m2\repository\org\apache\maven\resolver\maven-resolver-named-locks\1.9.7\maven-resolver-named-locks-1.9.7.jar;C:\Users\Gabriel\.m2\repository\org\apache\maven\resolver\maven-resolver-spi\1.9.7\maven-resolver-spi-1.9.7.jar;C:\Users\Gabriel\.m2\repository\org\apache\maven\resolver\maven-resolver-util\1.9.7\maven-resolver-util-1.9.7.jar;C:\Users\Gabriel\.m2\repository\org\apache\maven\wagon\wagon-provider-api\3.5.3\wagon-provider-api-3.5.3.jar;C:\Users\Gabriel\.m2\repository\org\apache\maven\wagon\wagon-http-lightweight\3.5.3\wagon-http-lightweight-3.5.3.jar;C:\Users\Gabriel\.m2\repository\org\apache\maven\wagon\wagon-http-shared\3.5.3\wagon-http-shared-3.5.3.jar;C:\Users\Gabriel\.m2\repository\org\codehaus\plexus\plexus-interpolation\1.26\plexus-interpolation-1.26.jar;C:\Users\Gabriel\.m2\repository\org\codehaus\plexus\plexus-utils\3.5.1\plexus-utils-3.5.1.jar;C:\Users\Gabriel\.m2\repository\org\sonatype\plexus\plexus-cipher\1.7\plexus-cipher-1.7.jar;C:\Users\Gabriel\.m2\repository\org\sonatype\plexus\plexus-sec-dispatcher\1.4\plexus-sec-dispatcher-1.4.jar;C:\Users\Gabriel\.m2\repository\org\apache\maven\maven-embedder\3.9.1\maven-embedder-3.9.1.jar;C:\Users\Gabriel\.m2\repository\org\apache\maven\maven-core\3.9.1\maven-core-3.9.1.jar;C:\Users\Gabriel\.m2\repository\org\codehaus\plexus\plexus-component-annotations\2.1.0\plexus-component-annotations-2.1.0.jar;C:\Users\Gabriel\.m2\repository\org\apache\maven\maven-plugin-api\3.9.1\maven-plugin-api-3.9.1.jar;C:\Users\Gabriel\.m2\repository\org\apache\maven\shared\maven-shared-utils\3.3.4\maven-shared-utils-3.3.4.jar;C:\Users\Gabriel\.m2\repository\com\google\inject\guice\5.1.0\guice-5.1.0.jar;C:\Users\Gabriel\.m2\repository\aopalliance\aopalliance\1.0\aopalliance-1.0.jar;C:\Users\Gabriel\.m2\repository\com\google\guava\guava\31.1-jre\guava-31.1-jre.jar;C:\Users\Gabriel\.m2\repository\com\google\guava\failureaccess\1.0.1\failureaccess-1.0.1.jar;C:\Users\Gabriel\.m2\repository\javax\annotation\javax.annotation-api\1.3.2\javax.annotation-api-1.3.2.jar;C:\Users\Gabriel\.m2\repository\org\codehaus\plexus\plexus-classworlds\2.6.0\plexus-classworlds-2.6.0.jar;C:\Users\Gabriel\.m2\repository\org\codehaus\plexus\plexus-sec-dispatcher\2.0\plexus-sec-dispatcher-2.0.jar;C:\Users\Gabriel\.m2\repository\org\codehaus\plexus\plexus-cipher\2.0\plexus-cipher-2.0.jar;C:\Users\Gabriel\.m2\repository\commons-cli\commons-cli\1.4\commons-cli-1.4.jar;C:\Users\Gabriel\.m2\repository\org\eclipse\sisu\org.eclipse.sisu.plexus\0.3.5\org.eclipse.sisu.plexus-0.3.5.jar;C:\Users\Gabriel\.m2\repository\org\apache\maven\maven-settings-builder\3.9.1\maven-settings-builder-3.9.1.jar;C:\Users\Gabriel\.m2\repository\org\apache\maven\maven-resolver-provider\3.9.1\maven-resolver-provider-3.9.1.jar;C:\Users\Gabriel\.m2\repository\org\apache\maven\resolver\maven-resolver-connector-basic\1.9.7\maven-resolver-connector-basic-1.9.7.jar;C:\Users\Gabriel\.m2\repository\org\apache\maven\resolver\maven-resolver-transport-wagon\1.9.7\maven-resolver-transport-wagon-1.9.7.jar;C:\Users\Gabriel\.m2\repository\org\apache\maven\wagon\wagon-http\3.5.3\wagon-http-3.5.3.jar;C:\Users\Gabriel\.m2\repository\org\apache\maven\wagon\wagon-file\3.5.3\wagon-file-3.5.3.jar;C:\Users\Gabriel\.m2\repository\io\quarkus\quarkus-bootstrap-gradle-resolver\3.0.4.Final\quarkus-bootstrap-gradle-resolver-3.0.4.Final.jar;C:\Users\Gabriel\.m2\repository\commons-io\commons-io\2.11.0\commons-io-2.11.0.jar;C:\Users\Gabriel\.m2\repository\org\jboss\logging\commons-logging-jboss-logging\1.0.0.Final\commons-logging-jboss-logging-1.0.0.Final.jar;C:\Users\Gabriel\.m2\repository\io\quarkus\quarkus-junit5-properties\3.0.4.Final\quarkus-junit5-properties-3.0.4.Final.jar;C:\Users\Gabriel\.m2\repository\org\junit\jupiter\junit-jupiter\5.9.2\junit-jupiter-5.9.2.jar;C:\Users\Gabriel\.m2\repository\org\junit\jupiter\junit-jupiter-api\5.9.2\junit-jupiter-api-5.9.2.jar;C:\Users\Gabriel\.m2\repository\org\opentest4j\opentest4j\1.2.0\opentest4j-1.2.0.jar;C:\Users\Gabriel\.m2\repository\org\junit\platform\junit-platform-commons\1.9.2\junit-platform-commons-1.9.2.jar;C:\Users\Gabriel\.m2\repository\org\apiguardian\apiguardian-api\1.1.2\apiguardian-api-1.1.2.jar;C:\Users\Gabriel\.m2\repository\org\junit\jupiter\junit-jupiter-params\5.9.2\junit-jupiter-params-5.9.2.jar;C:\Users\Gabriel\.m2\repository\org\junit\jupiter\junit-jupiter-engine\5.9.2\junit-jupiter-engine-5.9.2.jar;C:\Users\Gabriel\.m2\repository\org\junit\platform\junit-platform-engine\1.9.2\junit-platform-engine-1.9.2.jar;C:\Users\Gabriel\.m2\repository\com\thoughtworks\xstream\xstream\1.4.20\xstream-1.4.20.jar;C:\Users\Gabriel\.m2\repository\io\github\x-stream\mxparser\1.2.2\mxparser-1.2.2.jar;C:\Users\Gabriel\.m2\repository\xmlpull\xmlpull\1.1.3.1\xmlpull-1.1.3.1.jar;C:\Users\Gabriel\.m2\repository\io\rest-assured\rest-assured\5.3.0\rest-assured-5.3.0.jar;C:\Users\Gabriel\.m2\repository\org\apache\groovy\groovy\4.0.6\groovy-4.0.6.jar;C:\Users\Gabriel\.m2\repository\org\apache\groovy\groovy-xml\4.0.6\groovy-xml-4.0.6.jar;C:\Users\Gabriel\.m2\repository\org\apache\httpcomponents\httpclient\4.5.14\httpclient-4.5.14.jar;C:\Users\Gabriel\.m2\repository\org\apache\httpcomponents\httpcore\4.4.16\httpcore-4.4.16.jar;C:\Users\Gabriel\.m2\repository\commons-codec\commons-codec\1.15\commons-codec-1.15.jar;C:\Users\Gabriel\.m2\repository\org\apache\httpcomponents\httpmime\4.5.14\httpmime-4.5.14.jar;C:\Users\Gabriel\.m2\repository\org\hamcrest\hamcrest\2.1\hamcrest-2.1.jar;C:\Users\Gabriel\.m2\repository\org\ccil\cowan\tagsoup\tagsoup\1.2.1\tagsoup-1.2.1.jar;C:\Users\Gabriel\.m2\repository\io\rest-assured\json-path\5.3.0\json-path-5.3.0.jar;C:\Users\Gabriel\.m2\repository\org\apache\groovy\groovy-json\4.0.6\groovy-json-4.0.6.jar;C:\Users\Gabriel\.m2\repository\io\rest-assured\rest-assured-common\5.3.0\rest-assured-common-5.3.0.jar;C:\Users\Gabriel\.m2\repository\io\rest-assured\xml-path\5.3.0\xml-path-5.3.0.jar;C:\Users\Gabriel\.m2\repository\org\apache\commons\commons-lang3\3.12.0\commons-lang3-3.12.0.jar;C:\Users\Gabriel\.m2\repository\io\quarkus\quarkus-mongodb-panache\3.0.4.Final\quarkus-mongodb-panache-3.0.4.Final.jar;C:\Users\Gabriel\.m2\repository\io\quarkus\quarkus-panache-common\3.0.4.Final\quarkus-panache-common-3.0.4.Final.jar;C:\Users\Gabriel\.m2\repository\io\quarkus\quarkus-mongodb-panache-common\3.0.4.Final\quarkus-mongodb-panache-common-3.0.4.Final.jar;C:\Users\Gabriel\.m2\repository\io\quarkus\quarkus-panacheql\3.0.4.Final\quarkus-panacheql-3.0.4.Final.jar;C:\Users\Gabriel\.m2\repository\org\antlr\antlr4-runtime\4.10.1\antlr4-runtime-4.10.1.jar;C:\Users\Gabriel\.m2\repository\io\quarkus\quarkus-narayana-jta\3.0.4.Final\quarkus-narayana-jta-3.0.4.Final.jar;C:\Users\Gabriel\.m2\repository\io\quarkus\quarkus-transaction-annotations\3.0.4.Final\quarkus-transaction-annotations-3.0.4.Final.jar;C:\Users\Gabriel\.m2\repository\io\smallrye\smallrye-context-propagation-jta\2.1.0\smallrye-context-propagation-jta-2.1.0.jar;C:\Users\Gabriel\.m2\repository\io\smallrye\reactive\smallrye-reactive-converter-api\3.0.0\smallrye-reactive-converter-api-3.0.0.jar;C:\Users\Gabriel\.m2\repository\io\smallrye\reactive\smallrye-reactive-converter-mutiny\3.0.0\smallrye-reactive-converter-mutiny-3.0.0.jar;C:\Users\Gabriel\.m2\repository\org\jboss\narayana\jta\narayana-jta\6.0.1.Final\narayana-jta-6.0.1.Final.jar;C:\Users\Gabriel\.m2\repository\org\jboss\jboss-transaction-spi\8.0.0.Final\jboss-transaction-spi-8.0.0.Final.jar;C:\Users\Gabriel\.m2\repository\jakarta\resource\jakarta.resource-api\2.0.0\jakarta.resource-api-2.0.0.jar;C:\Users\Gabriel\.m2\repository\org\jboss\invocation\jboss-invocation\2.0.0.Final\jboss-invocation-2.0.0.Final.jar;C:\Users\Gabriel\.m2\repository\jakarta\ejb\jakarta.ejb-api\4.0.1\jakarta.ejb-api-4.0.1.jar;C:\Users\Gabriel\.m2\repository\org\jboss\narayana\jts\narayana-jts-integration\6.0.1.Final\narayana-jts-integration-6.0.1.Final.jar;C:\Users\Gabriel\.m2\repository\io\quarkus\quarkus-redis-client\3.0.4.Final\quarkus-redis-client-3.0.4.Final.jar;C:\Users\Gabriel\.m2\repository\io\quarkus\quarkus-vertx\3.0.4.Final\quarkus-vertx-3.0.4.Final.jar;C:\Users\Gabriel\.m2\repository\io\quarkus\quarkus-netty\3.0.4.Final\quarkus-netty-3.0.4.Final.jar;C:\Users\Gabriel\.m2\repository\io\netty\netty-codec-http\4.1.90.Final\netty-codec-http-4.1.90.Final.jar;C:\Users\Gabriel\.m2\repository\io\netty\netty-codec-http2\4.1.90.Final\netty-codec-http2-4.1.90.Final.jar;C:\Users\Gabriel\.m2\repository\com\aayushatharva\brotli4j\brotli4j\1.11.0\brotli4j-1.11.0.jar;C:\Users\Gabriel\.m2\repository\com\aayushatharva\brotli4j\service\1.11.0\service-1.11.0.jar;C:\Users\Gabriel\.m2\repository\com\aayushatharva\brotli4j\native-windows-x86_64\1.11.0\native-windows-x86_64-1.11.0.jar;C:\Users\Gabriel\.m2\repository\io\netty\netty-codec-haproxy\4.1.90.Final\netty-codec-haproxy-4.1.90.Final.jar;C:\Users\Gabriel\.m2\repository\io\smallrye\common\smallrye-common-annotation\2.1.0\smallrye-common-annotation-2.1.0.jar;C:\Users\Gabriel\.m2\repository\io\quarkus\quarkus-vertx-latebound-mdc-provider\3.0.4.Final\quarkus-vertx-latebound-mdc-provider-3.0.4.Final.jar;C:\Users\Gabriel\.m2\repository\io\smallrye\reactive\smallrye-mutiny-vertx-core\3.3.0\smallrye-mutiny-vertx-core-3.3.0.jar;C:\Users\Gabriel\.m2\repository\io\smallrye\reactive\smallrye-mutiny-vertx-runtime\3.3.0\smallrye-mutiny-vertx-runtime-3.3.0.jar;C:\Users\Gabriel\.m2\repository\io\smallrye\reactive\vertx-mutiny-generator\3.3.0\vertx-mutiny-generator-3.3.0.jar;C:\Users\Gabriel\.m2\repository\io\vertx\vertx-codegen\4.4.1\vertx-codegen-4.4.1.jar;C:\Users\Gabriel\.m2\repository\io\smallrye\smallrye-fault-tolerance-vertx\6.2.2\smallrye-fault-tolerance-vertx-6.2.2.jar;C:\Users\Gabriel\.m2\repository\io\quarkus\quarkus-jackson\3.0.4.Final\quarkus-jackson-3.0.4.Final.jar;C:\Users\Gabriel\.m2\repository\com\fasterxml\jackson\datatype\jackson-datatype-jsr310\2.14.2\jackson-datatype-jsr310-2.14.2.jar;C:\Users\Gabriel\.m2\repository\com\fasterxml\jackson\datatype\jackson-datatype-jdk8\2.14.2\jackson-datatype-jdk8-2.14.2.jar;C:\Users\Gabriel\.m2\repository\com\fasterxml\jackson\module\jackson-module-parameter-names\2.14.2\jackson-module-parameter-names-2.14.2.jar;C:\Users\Gabriel\.m2\repository\io\smallrye\reactive\smallrye-mutiny-vertx-redis-client\3.3.0\smallrye-mutiny-vertx-redis-client-3.3.0.jar;C:\Users\Gabriel\.m2\repository\io\vertx\vertx-redis-client\4.4.1\vertx-redis-client-4.4.1.jar;C:\Users\Gabriel\.m2\repository\jakarta\validation\jakarta.validation-api\3.0.2\jakarta.validation-api-3.0.2.jar;C:\Users\Gabriel\.m2\repository\org\hibernate\validator\hibernate-validator\8.0.0.Final\hibernate-validator-8.0.0.Final.jar;C:\Users\Gabriel\.m2\repository\org\jboss\logging\jboss-logging\3.5.0.Final\jboss-logging-3.5.0.Final.jar;C:\Users\Gabriel\.m2\repository\com\fasterxml\classmate\1.5.1\classmate-1.5.1.jar;C:\Users\Gabriel\.m2\repository\io\quarkus\quarkus-mongodb-client\3.0.4.Final\quarkus-mongodb-client-3.0.4.Final.jar;C:\Users\Gabriel\.m2\repository\io\quarkus\quarkus-mutiny\3.0.4.Final\quarkus-mutiny-3.0.4.Final.jar;C:\Users\Gabriel\.m2\repository\io\smallrye\reactive\mutiny\2.1.0\mutiny-2.1.0.jar;C:\Users\Gabriel\.m2\repository\io\quarkus\quarkus-smallrye-context-propagation\3.0.4.Final\quarkus-smallrye-context-propagation-3.0.4.Final.jar;C:\Users\Gabriel\.m2\repository\io\smallrye\smallrye-context-propagation\2.1.0\smallrye-context-propagation-2.1.0.jar;C:\Users\Gabriel\.m2\repository\io\smallrye\smallrye-context-propagation-api\2.1.0\smallrye-context-propagation-api-2.1.0.jar;C:\Users\Gabriel\.m2\repository\io\smallrye\smallrye-context-propagation-storage\2.1.0\smallrye-context-propagation-storage-2.1.0.jar;C:\Users\Gabriel\.m2\repository\io\smallrye\reactive\mutiny-smallrye-context-propagation\2.1.0\mutiny-smallrye-context-propagation-2.1.0.jar;C:\Users\Gabriel\.m2\repository\io\smallrye\reactive\mutiny-zero-flow-adapters\1.0.0\mutiny-zero-flow-adapters-1.0.0.jar;C:\Users\Gabriel\.m2\repository\io\quarkus\quarkus-mutiny-reactive-streams-operators\3.0.4.Final\quarkus-mutiny-reactive-streams-operators-3.0.4.Final.jar;C:\Users\Gabriel\.m2\repository\org\eclipse\microprofile\reactive-streams-operators\microprofile-reactive-streams-operators-api\3.0\microprofile-reactive-streams-operators-api-3.0.jar;C:\Users\Gabriel\.m2\repository\org\eclipse\microprofile\reactive-streams-operators\microprofile-reactive-streams-operators-core\3.0\microprofile-reactive-streams-operators-core-3.0.jar;C:\Users\Gabriel\.m2\repository\io\smallrye\reactive\mutiny-reactive-streams-operators\2.1.0\mutiny-reactive-streams-operators-2.1.0.jar;C:\Users\Gabriel\.m2\repository\org\mongodb\mongodb-driver-sync\4.9.1\mongodb-driver-sync-4.9.1.jar;C:\Users\Gabriel\.m2\repository\org\mongodb\bson\4.9.1\bson-4.9.1.jar;C:\Users\Gabriel\.m2\repository\org\mongodb\mongodb-driver-core\4.9.1\mongodb-driver-core-4.9.1.jar;C:\Users\Gabriel\.m2\repository\org\mongodb\bson-record-codec\4.9.1\bson-record-codec-4.9.1.jar;C:\Users\Gabriel\.m2\repository\org\mongodb\mongodb-driver-reactivestreams\4.9.1\mongodb-driver-reactivestreams-4.9.1.jar;C:\Users\Gabriel\.m2\repository\org\mongodb\mongodb-crypt\1.7.3\mongodb-crypt-1.7.3.jar;C:\Users\Gabriel\.m2\repository\net\java\dev\jna\jna\5.8.0\jna-5.8.0.jar;"/>
    <property name="java.vm.vendor" value="Microsoft"/>
    <property name="sun.arch.data.model" value="64"/>
    <property name="user.variant" value=""/>
    <property name="java.vendor.url" value="https://www.microsoft.com"/>
    <property name="user.timezone" value="Europe/Paris"/>
    <property name="logging.initial-configurator.min-level" value="500"/>
    <property name="os.name" value="Windows 10"/>
    <property name="java.vm.specification.version" value="17"/>
    <property name="sun.java.launcher" value="SUN_STANDARD"/>
    <property name="user.country" value="FR"/>
    <property name="mp.openapi.extensions.smallrye.defaultProduces" value="application/json"/>
    <property name="sun.boot.library.path" value="C:\Program Files\Microsoft\jdk-17.0.14.7-hotspot\bin"/>
    <property name="sun.java.command" value="C:\Users\Gabriel\AppData\Local\Temp\surefire157717921206968408\surefirebooter-20250412231110752_3.jar C:\Users\Gabriel\AppData\Local\Temp\surefire157717921206968408 2025-04-12T23-11-01_223-jvmRun1 surefire-20250412231110752_1tmp surefire_0-20250412231110752_2tmp"/>
    <property name="jdk.debug" value="release"/>
    <property name="maven.home" value="C:\apache-maven-3.9.7"/>
    <property name="surefire.test.class.path" value="C:\Users\Gabriel\dev\epitweeet\srvc-user\target\test-classes;C:\Users\Gabriel\dev\epitweeet\srvc-user\target\classes;C:\Users\Gabriel\.m2\repository\io\quarkiverse\neo4j\quarkus-neo4j\3.0.3\quarkus-neo4j-3.0.3.jar;C:\Users\Gabriel\.m2\repository\io\quarkus\quarkus-arc\3.0.4.Final\quarkus-arc-3.0.4.Final.jar;C:\Users\Gabriel\.m2\repository\io\quarkus\arc\arc\3.0.4.Final\arc-3.0.4.Final.jar;C:\Users\Gabriel\.m2\repository\jakarta\transaction\jakarta.transaction-api\2.0.1\jakarta.transaction-api-2.0.1.jar;C:\Users\Gabriel\.m2\repository\org\eclipse\microprofile\context-propagation\microprofile-context-propagation-api\1.3\microprofile-context-propagation-api-1.3.jar;C:\Users\Gabriel\.m2\repository\org\neo4j\driver\neo4j-java-driver\5.8.0\neo4j-java-driver-5.8.0.jar;C:\Users\Gabriel\.m2\repository\org\reactivestreams\reactive-streams\1.0.4\reactive-streams-1.0.4.jar;C:\Users\Gabriel\.m2\repository\io\netty\netty-handler\4.1.90.Final\netty-handler-4.1.90.Final.jar;C:\Users\Gabriel\.m2\repository\io\netty\netty-common\4.1.90.Final\netty-common-4.1.90.Final.jar;C:\Users\Gabriel\.m2\repository\io\netty\netty-resolver\4.1.90.Final\netty-resolver-4.1.90.Final.jar;C:\Users\Gabriel\.m2\repository\io\netty\netty-buffer\4.1.90.Final\netty-buffer-4.1.90.Final.jar;C:\Users\Gabriel\.m2\repository\io\netty\netty-transport\4.1.90.Final\netty-transport-4.1.90.Final.jar;C:\Users\Gabriel\.m2\repository\io\netty\netty-transport-native-unix-common\4.1.90.Final\netty-transport-native-unix-common-4.1.90.Final.jar;C:\Users\Gabriel\.m2\repository\io\netty\netty-codec\4.1.90.Final\netty-codec-4.1.90.Final.jar;C:\Users\Gabriel\.m2\repository\io\netty\netty-tcnative-classes\2.0.59.Final\netty-tcnative-classes-2.0.59.Final.jar;C:\Users\Gabriel\.m2\repository\io\projectreactor\reactor-core\3.5.5\reactor-core-3.5.5.jar;C:\Users\Gabriel\dev\epitweeet\common-tools\target\common-tools-1.0.0.jar;C:\Users\Gabriel\.m2\repository\io\quarkus\quarkus-core\3.0.4.Final\quarkus-core-3.0.4.Final.jar;C:\Users\Gabriel\.m2\repository\jakarta\annotation\jakarta.annotation-api\2.1.1\jakarta.annotation-api-2.1.1.jar;C:\Users\Gabriel\.m2\repository\jakarta\enterprise\jakarta.enterprise.cdi-api\4.0.1\jakarta.enterprise.cdi-api-4.0.1.jar;C:\Users\Gabriel\.m2\repository\jakarta\enterprise\jakarta.enterprise.lang-model\4.0.1\jakarta.enterprise.lang-model-4.0.1.jar;C:\Users\Gabriel\.m2\repository\jakarta\el\jakarta.el-api\5.0.1\jakarta.el-api-5.0.1.jar;C:\Users\Gabriel\.m2\repository\jakarta\interceptor\jakarta.interceptor-api\2.1.0\jakarta.interceptor-api-2.1.0.jar;C:\Users\Gabriel\.m2\repository\jakarta\inject\jakarta.inject-api\2.0.1\jakarta.inject-api-2.0.1.jar;C:\Users\Gabriel\.m2\repository\io\smallrye\common\smallrye-common-os\2.1.0\smallrye-common-os-2.1.0.jar;C:\Users\Gabriel\.m2\repository\io\quarkus\quarkus-ide-launcher\3.0.4.Final\quarkus-ide-launcher-3.0.4.Final.jar;C:\Users\Gabriel\.m2\repository\io\quarkus\quarkus-development-mode-spi\3.0.4.Final\quarkus-development-mode-spi-3.0.4.Final.jar;C:\Users\Gabriel\.m2\repository\io\smallrye\config\smallrye-config\3.2.1\smallrye-config-3.2.1.jar;C:\Users\Gabriel\.m2\repository\io\smallrye\config\smallrye-config-core\3.2.1\smallrye-config-core-3.2.1.jar;C:\Users\Gabriel\.m2\repository\io\smallrye\common\smallrye-common-expression\2.1.0\smallrye-common-expression-2.1.0.jar;C:\Users\Gabriel\.m2\repository\io\smallrye\common\smallrye-common-function\2.1.0\smallrye-common-function-2.1.0.jar;C:\Users\Gabriel\.m2\repository\io\smallrye\common\smallrye-common-classloader\2.1.0\smallrye-common-classloader-2.1.0.jar;C:\Users\Gabriel\.m2\repository\io\smallrye\config\smallrye-config-common\3.2.1\smallrye-config-common-3.2.1.jar;C:\Users\Gabriel\.m2\repository\org\jboss\logmanager\jboss-logmanager-embedded\1.1.1\jboss-logmanager-embedded-1.1.1.jar;C:\Users\Gabriel\.m2\repository\org\jboss\logging\jboss-logging-annotations\2.2.1.Final\jboss-logging-annotations-2.2.1.Final.jar;C:\Users\Gabriel\.m2\repository\org\jboss\threads\jboss-threads\3.5.0.Final\jboss-threads-3.5.0.Final.jar;C:\Users\Gabriel\.m2\repository\org\slf4j\slf4j-api\2.0.6\slf4j-api-2.0.6.jar;C:\Users\Gabriel\.m2\repository\org\jboss\slf4j\slf4j-jboss-logmanager\2.0.0.Final\slf4j-jboss-logmanager-2.0.0.Final.jar;C:\Users\Gabriel\.m2\repository\org\graalvm\sdk\graal-sdk\22.3.0\graal-sdk-22.3.0.jar;C:\Users\Gabriel\.m2\repository\org\wildfly\common\wildfly-common\1.5.4.Final-format-001\wildfly-common-1.5.4.Final-format-001.jar;C:\Users\Gabriel\.m2\repository\io\quarkus\quarkus-bootstrap-runner\3.0.4.Final\quarkus-bootstrap-runner-3.0.4.Final.jar;C:\Users\Gabriel\.m2\repository\io\quarkus\quarkus-fs-util\0.0.9\quarkus-fs-util-0.0.9.jar;C:\Users\Gabriel\.m2\repository\com\fasterxml\jackson\core\jackson-databind\2.14.2\jackson-databind-2.14.2.jar;C:\Users\Gabriel\.m2\repository\com\fasterxml\jackson\core\jackson-annotations\2.14.2\jackson-annotations-2.14.2.jar;C:\Users\Gabriel\.m2\repository\com\fasterxml\jackson\core\jackson-core\2.14.2\jackson-core-2.14.2.jar;C:\Users\Gabriel\.m2\repository\io\quarkus\quarkus-resteasy-reactive-jackson\3.0.4.Final\quarkus-resteasy-reactive-jackson-3.0.4.Final.jar;C:\Users\Gabriel\.m2\repository\io\quarkus\quarkus-resteasy-reactive\3.0.4.Final\quarkus-resteasy-reactive-3.0.4.Final.jar;C:\Users\Gabriel\.m2\repository\io\quarkus\quarkus-resteasy-reactive-common\3.0.4.Final\quarkus-resteasy-reactive-common-3.0.4.Final.jar;C:\Users\Gabriel\.m2\repository\io\quarkus\resteasy\reactive\resteasy-reactive-common\3.0.4.Final\resteasy-reactive-common-3.0.4.Final.jar;C:\Users\Gabriel\.m2\repository\io\quarkus\resteasy\reactive\resteasy-reactive-common-types\3.0.4.Final\resteasy-reactive-common-types-3.0.4.Final.jar;C:\Users\Gabriel\.m2\repository\io\quarkus\resteasy\reactive\resteasy-reactive-vertx\3.0.4.Final\resteasy-reactive-vertx-3.0.4.Final.jar;C:\Users\Gabriel\.m2\repository\io\quarkus\resteasy\reactive\resteasy-reactive\3.0.4.Final\resteasy-reactive-3.0.4.Final.jar;C:\Users\Gabriel\.m2\repository\jakarta\ws\rs\jakarta.ws.rs-api\3.1.0\jakarta.ws.rs-api-3.1.0.jar;C:\Users\Gabriel\.m2\repository\jakarta\xml\bind\jakarta.xml.bind-api\4.0.0\jakarta.xml.bind-api-4.0.0.jar;C:\Users\Gabriel\.m2\repository\jakarta\activation\jakarta.activation-api\2.1.1\jakarta.activation-api-2.1.1.jar;C:\Users\Gabriel\.m2\repository\io\quarkus\quarkus-jsonp\3.0.4.Final\quarkus-jsonp-3.0.4.Final.jar;C:\Users\Gabriel\.m2\repository\org\eclipse\parsson\parsson\1.1.1\parsson-1.1.1.jar;C:\Users\Gabriel\.m2\repository\jakarta\json\jakarta.json-api\2.1.1\jakarta.json-api-2.1.1.jar;C:\Users\Gabriel\.m2\repository\io\quarkus\quarkus-resteasy-reactive-jackson-common\3.0.4.Final\quarkus-resteasy-reactive-jackson-common-3.0.4.Final.jar;C:\Users\Gabriel\.m2\repository\io\quarkus\resteasy\reactive\resteasy-reactive-jackson\3.0.4.Final\resteasy-reactive-jackson-3.0.4.Final.jar;C:\Users\Gabriel\.m2\repository\io\quarkus\quarkus-smallrye-openapi\3.0.4.Final\quarkus-smallrye-openapi-3.0.4.Final.jar;C:\Users\Gabriel\.m2\repository\io\smallrye\smallrye-open-api-core\3.3.4\smallrye-open-api-core-3.3.4.jar;C:\Users\Gabriel\.m2\repository\org\eclipse\microprofile\openapi\microprofile-openapi-api\3.1\microprofile-openapi-api-3.1.jar;C:\Users\Gabriel\.m2\repository\org\eclipse\microprofile\config\microprofile-config-api\3.0.3\microprofile-config-api-3.0.3.jar;C:\Users\Gabriel\.m2\repository\com\fasterxml\jackson\dataformat\jackson-dataformat-yaml\2.14.2\jackson-dataformat-yaml-2.14.2.jar;C:\Users\Gabriel\.m2\repository\org\yaml\snakeyaml\2.0\snakeyaml-2.0.jar;C:\Users\Gabriel\.m2\repository\io\smallrye\jandex\3.0.5\jandex-3.0.5.jar;C:\Users\Gabriel\.m2\repository\io\quarkus\quarkus-vertx-http\3.0.4.Final\quarkus-vertx-http-3.0.4.Final.jar;C:\Users\Gabriel\.m2\repository\io\quarkus\quarkus-security-runtime-spi\3.0.4.Final\quarkus-security-runtime-spi-3.0.4.Final.jar;C:\Users\Gabriel\.m2\repository\io\quarkus\quarkus-credentials\3.0.4.Final\quarkus-credentials-3.0.4.Final.jar;C:\Users\Gabriel\.m2\repository\io\smallrye\common\smallrye-common-vertx-context\2.1.0\smallrye-common-vertx-context-2.1.0.jar;C:\Users\Gabriel\.m2\repository\io\vertx\vertx-core\4.4.1\vertx-core-4.4.1.jar;C:\Users\Gabriel\.m2\repository\io\netty\netty-handler-proxy\4.1.90.Final\netty-handler-proxy-4.1.90.Final.jar;C:\Users\Gabriel\.m2\repository\io\netty\netty-codec-socks\4.1.90.Final\netty-codec-socks-4.1.90.Final.jar;C:\Users\Gabriel\.m2\repository\io\netty\netty-resolver-dns\4.1.90.Final\netty-resolver-dns-4.1.90.Final.jar;C:\Users\Gabriel\.m2\repository\io\netty\netty-codec-dns\4.1.90.Final\netty-codec-dns-4.1.90.Final.jar;C:\Users\Gabriel\.m2\repository\io\smallrye\common\smallrye-common-constraint\2.1.0\smallrye-common-constraint-2.1.0.jar;C:\Users\Gabriel\.m2\repository\io\quarkus\quarkus-vertx-http-dev-console-runtime-spi\3.0.4.Final\quarkus-vertx-http-dev-console-runtime-spi-3.0.4.Final.jar;C:\Users\Gabriel\.m2\repository\io\quarkus\security\quarkus-security\2.0.2.Final\quarkus-security-2.0.2.Final.jar;C:\Users\Gabriel\.m2\repository\io\smallrye\reactive\smallrye-mutiny-vertx-web\3.3.0\smallrye-mutiny-vertx-web-3.3.0.jar;C:\Users\Gabriel\.m2\repository\io\smallrye\reactive\smallrye-mutiny-vertx-web-common\3.3.0\smallrye-mutiny-vertx-web-common-3.3.0.jar;C:\Users\Gabriel\.m2\repository\io\smallrye\reactive\smallrye-mutiny-vertx-auth-common\3.3.0\smallrye-mutiny-vertx-auth-common-3.3.0.jar;C:\Users\Gabriel\.m2\repository\io\smallrye\reactive\smallrye-mutiny-vertx-bridge-common\3.3.0\smallrye-mutiny-vertx-bridge-common-3.3.0.jar;C:\Users\Gabriel\.m2\repository\io\smallrye\reactive\smallrye-mutiny-vertx-uri-template\3.3.0\smallrye-mutiny-vertx-uri-template-3.3.0.jar;C:\Users\Gabriel\.m2\repository\io\vertx\vertx-uri-template\4.4.1\vertx-uri-template-4.4.1.jar;C:\Users\Gabriel\.m2\repository\io\vertx\vertx-web\4.4.1\vertx-web-4.4.1.jar;C:\Users\Gabriel\.m2\repository\io\vertx\vertx-web-common\4.4.1\vertx-web-common-4.4.1.jar;C:\Users\Gabriel\.m2\repository\io\vertx\vertx-auth-common\4.4.1\vertx-auth-common-4.4.1.jar;C:\Users\Gabriel\.m2\repository\io\vertx\vertx-bridge-common\4.4.1\vertx-bridge-common-4.4.1.jar;C:\Users\Gabriel\.m2\repository\io\github\crac\org-crac\0.1.3\org-crac-0.1.3.jar;C:\Users\Gabriel\.m2\repository\io\quarkus\quarkus-swagger-ui\3.0.4.Final\quarkus-swagger-ui-3.0.4.Final.jar;C:\Users\Gabriel\.m2\repository\org\projectlombok\lombok\1.18.28\lombok-1.18.28.jar;C:\Users\Gabriel\.m2\repository\io\quarkus\quarkus-junit5\3.0.4.Final\quarkus-junit5-3.0.4.Final.jar;C:\Users\Gabriel\.m2\repository\io\quarkus\quarkus-bootstrap-core\3.0.4.Final\quarkus-bootstrap-core-3.0.4.Final.jar;C:\Users\Gabriel\.m2\repository\io\quarkus\quarkus-bootstrap-app-model\3.0.4.Final\quarkus-bootstrap-app-model-3.0.4.Final.jar;C:\Users\Gabriel\.m2\repository\io\smallrye\common\smallrye-common-io\2.1.0\smallrye-common-io-2.1.0.jar;C:\Users\Gabriel\.m2\repository\org\eclipse\sisu\org.eclipse.sisu.inject\0.3.5\org.eclipse.sisu.inject-0.3.5.jar;C:\Users\Gabriel\.m2\repository\io\quarkus\quarkus-test-common\3.0.4.Final\quarkus-test-common-3.0.4.Final.jar;C:\Users\Gabriel\.m2\repository\io\quarkus\quarkus-core-deployment\3.0.4.Final\quarkus-core-deployment-3.0.4.Final.jar;C:\Users\Gabriel\.m2\repository\org\aesh\readline\2.4\readline-2.4.jar;C:\Users\Gabriel\.m2\repository\org\fusesource\jansi\jansi\2.4.0\jansi-2.4.0.jar;C:\Users\Gabriel\.m2\repository\org\aesh\aesh\2.7\aesh-2.7.jar;C:\Users\Gabriel\.m2\repository\io\quarkus\gizmo\gizmo\1.6.1.Final\gizmo-1.6.1.Final.jar;C:\Users\Gabriel\.m2\repository\org\ow2\asm\asm-util\9.5\asm-util-9.5.jar;C:\Users\Gabriel\.m2\repository\org\ow2\asm\asm-analysis\9.5\asm-analysis-9.5.jar;C:\Users\Gabriel\.m2\repository\org\ow2\asm\asm\9.5\asm-9.5.jar;C:\Users\Gabriel\.m2\repository\org\ow2\asm\asm-commons\9.5\asm-commons-9.5.jar;C:\Users\Gabriel\.m2\repository\org\ow2\asm\asm-tree\9.5\asm-tree-9.5.jar;C:\Users\Gabriel\.m2\repository\io\quarkus\quarkus-class-change-agent\3.0.4.Final\quarkus-class-change-agent-3.0.4.Final.jar;C:\Users\Gabriel\.m2\repository\io\quarkus\quarkus-devtools-utilities\3.0.4.Final\quarkus-devtools-utilities-3.0.4.Final.jar;C:\Users\Gabriel\.m2\repository\io\quarkus\quarkus-builder\3.0.4.Final\quarkus-builder-3.0.4.Final.jar;C:\Users\Gabriel\.m2\repository\org\junit\platform\junit-platform-launcher\1.9.2\junit-platform-launcher-1.9.2.jar;C:\Users\Gabriel\.m2\repository\io\quarkus\quarkus-bootstrap-maven-resolver\3.0.4.Final\quarkus-bootstrap-maven-resolver-3.0.4.Final.jar;C:\Users\Gabriel\.m2\repository\io\smallrye\beanbag\smallrye-beanbag-maven\1.1.0\smallrye-beanbag-maven-1.1.0.jar;C:\Users\Gabriel\.m2\repository\io\smallrye\beanbag\smallrye-beanbag-sisu\1.1.0\smallrye-beanbag-sisu-1.1.0.jar;C:\Users\Gabriel\.m2\repository\io\smallrye\beanbag\smallrye-beanbag\1.1.0\smallrye-beanbag-1.1.0.jar;C:\Users\Gabriel\.m2\repository\javax\inject\javax.inject\1\javax.inject-1.jar;C:\Users\Gabriel\.m2\repository\org\apache\maven\maven-artifact\3.9.1\maven-artifact-3.9.1.jar;C:\Users\Gabriel\.m2\repository\org\apache\maven\maven-builder-support\3.9.1\maven-builder-support-3.9.1.jar;C:\Users\Gabriel\.m2\repository\org\apache\maven\maven-model\3.9.1\maven-model-3.9.1.jar;C:\Users\Gabriel\.m2\repository\org\apache\maven\maven-model-builder\3.9.1\maven-model-builder-3.9.1.jar;C:\Users\Gabriel\.m2\repository\org\apache\maven\maven-repository-metadata\3.9.1\maven-repository-metadata-3.9.1.jar;C:\Users\Gabriel\.m2\repository\org\apache\maven\maven-settings\3.9.1\maven-settings-3.9.1.jar;C:\Users\Gabriel\.m2\repository\org\apache\maven\resolver\maven-resolver-api\1.9.7\maven-resolver-api-1.9.7.jar;C:\Users\Gabriel\.m2\repository\org\apache\maven\resolver\maven-resolver-impl\1.9.7\maven-resolver-impl-1.9.7.jar;C:\Users\Gabriel\.m2\repository\org\apache\maven\resolver\maven-resolver-named-locks\1.9.7\maven-resolver-named-locks-1.9.7.jar;C:\Users\Gabriel\.m2\repository\org\apache\maven\resolver\maven-resolver-spi\1.9.7\maven-resolver-spi-1.9.7.jar;C:\Users\Gabriel\.m2\repository\org\apache\maven\resolver\maven-resolver-util\1.9.7\maven-resolver-util-1.9.7.jar;C:\Users\Gabriel\.m2\repository\org\apache\maven\wagon\wagon-provider-api\3.5.3\wagon-provider-api-3.5.3.jar;C:\Users\Gabriel\.m2\repository\org\apache\maven\wagon\wagon-http-lightweight\3.5.3\wagon-http-lightweight-3.5.3.jar;C:\Users\Gabriel\.m2\repository\org\apache\maven\wagon\wagon-http-shared\3.5.3\wagon-http-shared-3.5.3.jar;C:\Users\Gabriel\.m2\repository\org\codehaus\plexus\plexus-interpolation\1.26\plexus-interpolation-1.26.jar;C:\Users\Gabriel\.m2\repository\org\codehaus\plexus\plexus-utils\3.5.1\plexus-utils-3.5.1.jar;C:\Users\Gabriel\.m2\repository\org\sonatype\plexus\plexus-cipher\1.7\plexus-cipher-1.7.jar;C:\Users\Gabriel\.m2\repository\org\sonatype\plexus\plexus-sec-dispatcher\1.4\plexus-sec-dispatcher-1.4.jar;C:\Users\Gabriel\.m2\repository\org\apache\maven\maven-embedder\3.9.1\maven-embedder-3.9.1.jar;C:\Users\Gabriel\.m2\repository\org\apache\maven\maven-core\3.9.1\maven-core-3.9.1.jar;C:\Users\Gabriel\.m2\repository\org\codehaus\plexus\plexus-component-annotations\2.1.0\plexus-component-annotations-2.1.0.jar;C:\Users\Gabriel\.m2\repository\org\apache\maven\maven-plugin-api\3.9.1\maven-plugin-api-3.9.1.jar;C:\Users\Gabriel\.m2\repository\org\apache\maven\shared\maven-shared-utils\3.3.4\maven-shared-utils-3.3.4.jar;C:\Users\Gabriel\.m2\repository\com\google\inject\guice\5.1.0\guice-5.1.0.jar;C:\Users\Gabriel\.m2\repository\aopalliance\aopalliance\1.0\aopalliance-1.0.jar;C:\Users\Gabriel\.m2\repository\com\google\guava\guava\31.1-jre\guava-31.1-jre.jar;C:\Users\Gabriel\.m2\repository\com\google\guava\failureaccess\1.0.1\failureaccess-1.0.1.jar;C:\Users\Gabriel\.m2\repository\javax\annotation\javax.annotation-api\1.3.2\javax.annotation-api-1.3.2.jar;C:\Users\Gabriel\.m2\repository\org\codehaus\plexus\plexus-classworlds\2.6.0\plexus-classworlds-2.6.0.jar;C:\Users\Gabriel\.m2\repository\org\codehaus\plexus\plexus-sec-dispatcher\2.0\plexus-sec-dispatcher-2.0.jar;C:\Users\Gabriel\.m2\repository\org\codehaus\plexus\plexus-cipher\2.0\plexus-cipher-2.0.jar;C:\Users\Gabriel\.m2\repository\commons-cli\commons-cli\1.4\commons-cli-1.4.jar;C:\Users\Gabriel\.m2\repository\org\eclipse\sisu\org.eclipse.sisu.plexus\0.3.5\org.eclipse.sisu.plexus-0.3.5.jar;C:\Users\Gabriel\.m2\repository\org\apache\maven\maven-settings-builder\3.9.1\maven-settings-builder-3.9.1.jar;C:\Users\Gabriel\.m2\repository\org\apache\maven\maven-resolver-provider\3.9.1\maven-resolver-provider-3.9.1.jar;C:\Users\Gabriel\.m2\repository\org\apache\maven\resolver\maven-resolver-connector-basic\1.9.7\maven-resolver-connector-basic-1.9.7.jar;C:\Users\Gabriel\.m2\repository\org\apache\maven\resolver\maven-resolver-transport-wagon\1.9.7\maven-resolver-transport-wagon-1.9.7.jar;C:\Users\Gabriel\.m2\repository\org\apache\maven\wagon\wagon-http\3.5.3\wagon-http-3.5.3.jar;C:\Users\Gabriel\.m2\repository\org\apache\maven\wagon\wagon-file\3.5.3\wagon-file-3.5.3.jar;C:\Users\Gabriel\.m2\repository\io\quarkus\quarkus-bootstrap-gradle-resolver\3.0.4.Final\quarkus-bootstrap-gradle-resolver-3.0.4.Final.jar;C:\Users\Gabriel\.m2\repository\commons-io\commons-io\2.11.0\commons-io-2.11.0.jar;C:\Users\Gabriel\.m2\repository\org\jboss\logging\commons-logging-jboss-logging\1.0.0.Final\commons-logging-jboss-logging-1.0.0.Final.jar;C:\Users\Gabriel\.m2\repository\io\quarkus\quarkus-junit5-properties\3.0.4.Final\quarkus-junit5-properties-3.0.4.Final.jar;C:\Users\Gabriel\.m2\repository\org\junit\jupiter\junit-jupiter\5.9.2\junit-jupiter-5.9.2.jar;C:\Users\Gabriel\.m2\repository\org\junit\jupiter\junit-jupiter-api\5.9.2\junit-jupiter-api-5.9.2.jar;C:\Users\Gabriel\.m2\repository\org\opentest4j\opentest4j\1.2.0\opentest4j-1.2.0.jar;C:\Users\Gabriel\.m2\repository\org\junit\platform\junit-platform-commons\1.9.2\junit-platform-commons-1.9.2.jar;C:\Users\Gabriel\.m2\repository\org\apiguardian\apiguardian-api\1.1.2\apiguardian-api-1.1.2.jar;C:\Users\Gabriel\.m2\repository\org\junit\jupiter\junit-jupiter-params\5.9.2\junit-jupiter-params-5.9.2.jar;C:\Users\Gabriel\.m2\repository\org\junit\jupiter\junit-jupiter-engine\5.9.2\junit-jupiter-engine-5.9.2.jar;C:\Users\Gabriel\.m2\repository\org\junit\platform\junit-platform-engine\1.9.2\junit-platform-engine-1.9.2.jar;C:\Users\Gabriel\.m2\repository\com\thoughtworks\xstream\xstream\1.4.20\xstream-1.4.20.jar;C:\Users\Gabriel\.m2\repository\io\github\x-stream\mxparser\1.2.2\mxparser-1.2.2.jar;C:\Users\Gabriel\.m2\repository\xmlpull\xmlpull\1.1.3.1\xmlpull-1.1.3.1.jar;C:\Users\Gabriel\.m2\repository\io\rest-assured\rest-assured\5.3.0\rest-assured-5.3.0.jar;C:\Users\Gabriel\.m2\repository\org\apache\groovy\groovy\4.0.6\groovy-4.0.6.jar;C:\Users\Gabriel\.m2\repository\org\apache\groovy\groovy-xml\4.0.6\groovy-xml-4.0.6.jar;C:\Users\Gabriel\.m2\repository\org\apache\httpcomponents\httpclient\4.5.14\httpclient-4.5.14.jar;C:\Users\Gabriel\.m2\repository\org\apache\httpcomponents\httpcore\4.4.16\httpcore-4.4.16.jar;C:\Users\Gabriel\.m2\repository\commons-codec\commons-codec\1.15\commons-codec-1.15.jar;C:\Users\Gabriel\.m2\repository\org\apache\httpcomponents\httpmime\4.5.14\httpmime-4.5.14.jar;C:\Users\Gabriel\.m2\repository\org\hamcrest\hamcrest\2.1\hamcrest-2.1.jar;C:\Users\Gabriel\.m2\repository\org\ccil\cowan\tagsoup\tagsoup\1.2.1\tagsoup-1.2.1.jar;C:\Users\Gabriel\.m2\repository\io\rest-assured\json-path\5.3.0\json-path-5.3.0.jar;C:\Users\Gabriel\.m2\repository\org\apache\groovy\groovy-json\4.0.6\groovy-json-4.0.6.jar;C:\Users\Gabriel\.m2\repository\io\rest-assured\rest-assured-common\5.3.0\rest-assured-common-5.3.0.jar;C:\Users\Gabriel\.m2\repository\io\rest-assured\xml-path\5.3.0\xml-path-5.3.0.jar;C:\Users\Gabriel\.m2\repository\org\apache\commons\commons-lang3\3.12.0\commons-lang3-3.12.0.jar;C:\Users\Gabriel\.m2\repository\io\quarkus\quarkus-mongodb-panache\3.0.4.Final\quarkus-mongodb-panache-3.0.4.Final.jar;C:\Users\Gabriel\.m2\repository\io\quarkus\quarkus-panache-common\3.0.4.Final\quarkus-panache-common-3.0.4.Final.jar;C:\Users\Gabriel\.m2\repository\io\quarkus\quarkus-mongodb-panache-common\3.0.4.Final\quarkus-mongodb-panache-common-3.0.4.Final.jar;C:\Users\Gabriel\.m2\repository\io\quarkus\quarkus-panacheql\3.0.4.Final\quarkus-panacheql-3.0.4.Final.jar;C:\Users\Gabriel\.m2\repository\org\antlr\antlr4-runtime\4.10.1\antlr4-runtime-4.10.1.jar;C:\Users\Gabriel\.m2\repository\io\quarkus\quarkus-narayana-jta\3.0.4.Final\quarkus-narayana-jta-3.0.4.Final.jar;C:\Users\Gabriel\.m2\repository\io\quarkus\quarkus-transaction-annotations\3.0.4.Final\quarkus-transaction-annotations-3.0.4.Final.jar;C:\Users\Gabriel\.m2\repository\io\smallrye\smallrye-context-propagation-jta\2.1.0\smallrye-context-propagation-jta-2.1.0.jar;C:\Users\Gabriel\.m2\repository\io\smallrye\reactive\smallrye-reactive-converter-api\3.0.0\smallrye-reactive-converter-api-3.0.0.jar;C:\Users\Gabriel\.m2\repository\io\smallrye\reactive\smallrye-reactive-converter-mutiny\3.0.0\smallrye-reactive-converter-mutiny-3.0.0.jar;C:\Users\Gabriel\.m2\repository\org\jboss\narayana\jta\narayana-jta\6.0.1.Final\narayana-jta-6.0.1.Final.jar;C:\Users\Gabriel\.m2\repository\org\jboss\jboss-transaction-spi\8.0.0.Final\jboss-transaction-spi-8.0.0.Final.jar;C:\Users\Gabriel\.m2\repository\jakarta\resource\jakarta.resource-api\2.0.0\jakarta.resource-api-2.0.0.jar;C:\Users\Gabriel\.m2\repository\org\jboss\invocation\jboss-invocation\2.0.0.Final\jboss-invocation-2.0.0.Final.jar;C:\Users\Gabriel\.m2\repository\jakarta\ejb\jakarta.ejb-api\4.0.1\jakarta.ejb-api-4.0.1.jar;C:\Users\Gabriel\.m2\repository\org\jboss\narayana\jts\narayana-jts-integration\6.0.1.Final\narayana-jts-integration-6.0.1.Final.jar;C:\Users\Gabriel\.m2\repository\io\quarkus\quarkus-redis-client\3.0.4.Final\quarkus-redis-client-3.0.4.Final.jar;C:\Users\Gabriel\.m2\repository\io\quarkus\quarkus-vertx\3.0.4.Final\quarkus-vertx-3.0.4.Final.jar;C:\Users\Gabriel\.m2\repository\io\quarkus\quarkus-netty\3.0.4.Final\quarkus-netty-3.0.4.Final.jar;C:\Users\Gabriel\.m2\repository\io\netty\netty-codec-http\4.1.90.Final\netty-codec-http-4.1.90.Final.jar;C:\Users\Gabriel\.m2\repository\io\netty\netty-codec-http2\4.1.90.Final\netty-codec-http2-4.1.90.Final.jar;C:\Users\Gabriel\.m2\repository\com\aayushatharva\brotli4j\brotli4j\1.11.0\brotli4j-1.11.0.jar;C:\Users\Gabriel\.m2\repository\com\aayushatharva\brotli4j\service\1.11.0\service-1.11.0.jar;C:\Users\Gabriel\.m2\repository\com\aayushatharva\brotli4j\native-windows-x86_64\1.11.0\native-windows-x86_64-1.11.0.jar;C:\Users\Gabriel\.m2\repository\io\netty\netty-codec-haproxy\4.1.90.Final\netty-codec-haproxy-4.1.90.Final.jar;C:\Users\Gabriel\.m2\repository\io\smallrye\common\smallrye-common-annotation\2.1.0\smallrye-common-annotation-2.1.0.jar;C:\Users\Gabriel\.m2\repository\io\quarkus\quarkus-vertx-latebound-mdc-provider\3.0.4.Final\quarkus-vertx-latebound-mdc-provider-3.0.4.Final.jar;C:\Users\Gabriel\.m2\repository\io\smallrye\reactive\smallrye-mutiny-vertx-core\3.3.0\smallrye-mutiny-vertx-core-3.3.0.jar;C:\Users\Gabriel\.m2\repository\io\smallrye\reactive\smallrye-mutiny-vertx-runtime\3.3.0\smallrye-mutiny-vertx-runtime-3.3.0.jar;C:\Users\Gabriel\.m2\repository\io\smallrye\reactive\vertx-mutiny-generator\3.3.0\vertx-mutiny-generator-3.3.0.jar;C:\Users\Gabriel\.m2\repository\io\vertx\vertx-codegen\4.4.1\vertx-codegen-4.4.1.jar;C:\Users\Gabriel\.m2\repository\io\smallrye\smallrye-fault-tolerance-vertx\6.2.2\smallrye-fault-tolerance-vertx-6.2.2.jar;C:\Users\Gabriel\.m2\repository\io\quarkus\quarkus-jackson\3.0.4.Final\quarkus-jackson-3.0.4.Final.jar;C:\Users\Gabriel\.m2\repository\com\fasterxml\jackson\datatype\jackson-datatype-jsr310\2.14.2\jackson-datatype-jsr310-2.14.2.jar;C:\Users\Gabriel\.m2\repository\com\fasterxml\jackson\datatype\jackson-datatype-jdk8\2.14.2\jackson-datatype-jdk8-2.14.2.jar;C:\Users\Gabriel\.m2\repository\com\fasterxml\jackson\module\jackson-module-parameter-names\2.14.2\jackson-module-parameter-names-2.14.2.jar;C:\Users\Gabriel\.m2\repository\io\smallrye\reactive\smallrye-mutiny-vertx-redis-client\3.3.0\smallrye-mutiny-vertx-redis-client-3.3.0.jar;C:\Users\Gabriel\.m2\repository\io\vertx\vertx-redis-client\4.4.1\vertx-redis-client-4.4.1.jar;C:\Users\Gabriel\.m2\repository\jakarta\validation\jakarta.validation-api\3.0.2\jakarta.validation-api-3.0.2.jar;C:\Users\Gabriel\.m2\repository\org\hibernate\validator\hibernate-validator\8.0.0.Final\hibernate-validator-8.0.0.Final.jar;C:\Users\Gabriel\.m2\repository\org\jboss\logging\jboss-logging\3.5.0.Final\jboss-logging-3.5.0.Final.jar;C:\Users\Gabriel\.m2\repository\com\fasterxml\classmate\1.5.1\classmate-1.5.1.jar;C:\Users\Gabriel\.m2\repository\io\quarkus\quarkus-mongodb-client\3.0.4.Final\quarkus-mongodb-client-3.0.4.Final.jar;C:\Users\Gabriel\.m2\repository\io\quarkus\quarkus-mutiny\3.0.4.Final\quarkus-mutiny-3.0.4.Final.jar;C:\Users\Gabriel\.m2\repository\io\smallrye\reactive\mutiny\2.1.0\mutiny-2.1.0.jar;C:\Users\Gabriel\.m2\repository\io\quarkus\quarkus-smallrye-context-propagation\3.0.4.Final\quarkus-smallrye-context-propagation-3.0.4.Final.jar;C:\Users\Gabriel\.m2\repository\io\smallrye\smallrye-context-propagation\2.1.0\smallrye-context-propagation-2.1.0.jar;C:\Users\Gabriel\.m2\repository\io\smallrye\smallrye-context-propagation-api\2.1.0\smallrye-context-propagation-api-2.1.0.jar;C:\Users\Gabriel\.m2\repository\io\smallrye\smallrye-context-propagation-storage\2.1.0\smallrye-context-propagation-storage-2.1.0.jar;C:\Users\Gabriel\.m2\repository\io\smallrye\reactive\mutiny-smallrye-context-propagation\2.1.0\mutiny-smallrye-context-propagation-2.1.0.jar;C:\Users\Gabriel\.m2\repository\io\smallrye\reactive\mutiny-zero-flow-adapters\1.0.0\mutiny-zero-flow-adapters-1.0.0.jar;C:\Users\Gabriel\.m2\repository\io\quarkus\quarkus-mutiny-reactive-streams-operators\3.0.4.Final\quarkus-mutiny-reactive-streams-operators-3.0.4.Final.jar;C:\Users\Gabriel\.m2\repository\org\eclipse\microprofile\reactive-streams-operators\microprofile-reactive-streams-operators-api\3.0\microprofile-reactive-streams-operators-api-3.0.jar;C:\Users\Gabriel\.m2\repository\org\eclipse\microprofile\reactive-streams-operators\microprofile-reactive-streams-operators-core\3.0\microprofile-reactive-streams-operators-core-3.0.jar;C:\Users\Gabriel\.m2\repository\io\smallrye\reactive\mutiny-reactive-streams-operators\2.1.0\mutiny-reactive-streams-operators-2.1.0.jar;C:\Users\Gabriel\.m2\repository\org\mongodb\mongodb-driver-sync\4.9.1\mongodb-driver-sync-4.9.1.jar;C:\Users\Gabriel\.m2\repository\org\mongodb\bson\4.9.1\bson-4.9.1.jar;C:\Users\Gabriel\.m2\repository\org\mongodb\mongodb-driver-core\4.9.1\mongodb-driver-core-4.9.1.jar;C:\Users\Gabriel\.m2\repository\org\mongodb\bson-record-codec\4.9.1\bson-record-codec-4.9.1.jar;C:\Users\Gabriel\.m2\repository\org\mongodb\mongodb-driver-reactivestreams\4.9.1\mongodb-driver-reactivestreams-4.9.1.jar;C:\Users\Gabriel\.m2\repository\org\mongodb\mongodb-crypt\1.7.3\mongodb-crypt-1.7.3.jar;C:\Users\Gabriel\.m2\repository\net\java\dev\jna\jna\5.8.0\jna-5.8.0.jar;"/>
    <property name="sun.cpu.endian" value="little"/>
    <property name="vertx.disableWebsockets" value="true"/>
    <property name="user.home" value="C:\Users\Gabriel"/>
    <property name="user.language" value="fr"/>
    <property name="jboss.log-version" value="false"/>
    <property name="java.specification.vendor" value="Oracle Corporation"/>
    <property name="io.netty.allocator.maxOrder" value="3"/>
    <property name="java.version.date" value="2025-01-21"/>
    <property name="java.home" value="C:\Program Files\Microsoft\jdk-17.0.14.7-hotspot"/>
    <property name="file.separator" value="\"/>
    <property name="basedir" value="C:\Users\Gabriel\dev\epitweeet\srvc-user"/>
    <property name="java.vm.compressedOopsMode" value="Zero based"/>
    <property name="line.separator" value="&#10;"/>
    <property name="java.vm.specification.vendor" value="Oracle Corporation"/>
    <property name="java.specification.name" value="Java Platform API Specification"/>
    <property name="surefire.real.class.path" value="C:\Users\Gabriel\AppData\Local\Temp\surefire157717921206968408\surefirebooter-20250412231110752_3.jar"/>
    <property name="user.script" value=""/>
    <property name="sun.management.compiler" value="HotSpot 64-Bit Tiered Compilers"/>
    <property name="java.runtime.version" value="17.0.14+7-LTS"/>
    <property name="user.name" value="Gabriel"/>
    <property name="path.separator" value=";"/>
    <property name="os.version" value="10.0"/>
    <property name="java.runtime.name" value="OpenJDK Runtime Environment"/>
    <property name="file.encoding" value="Cp1252"/>
    <property name="java.vm.name" value="OpenJDK 64-Bit Server VM"/>
    <property name="java.vendor.version" value="Microsoft-10800295"/>
    <property name="localRepository" value="C:\Users\Gabriel\.m2\repository"/>
    <property name="java.vendor.url.bug" value="https://github.com/microsoft/openjdk/issues"/>
    <property name="java.io.tmpdir" value="C:\Users\Gabriel\AppData\Local\Temp\"/>
    <property name="quarkus.log.file.path" value="target\quarkus.log"/>
    <property name="java.version" value="17.0.14"/>
    <property name="java.util.concurrent.ForkJoinPool.common.threadFactory" value="io.quarkus.bootstrap.forkjoin.QuarkusForkJoinWorkerThreadFactory"/>
    <property name="user.dir" value="C:\Users\Gabriel\dev\epitweeet\srvc-user"/>
    <property name="os.arch" value="amd64"/>
    <property name="java.vm.specification.name" value="Java Virtual Machine Specification"/>
    <property name="vertx.disableDnsResolver" value="true"/>
    <property name="sun.os.patch.level" value=""/>
    <property name="native.encoding" value="Cp1252"/>
    <property name="java.util.logging.manager" value="org.jboss.logmanager.LogManager"/>
    <property name="java.library.path" value="C:\Program Files\Microsoft\jdk-17.0.14.7-hotspot\bin;C:\Windows\Sun\Java\bin;C:\Windows\system32;C:\Windows;C:\Program Files\Microsoft\jdk-17.0.14.7-hotspot\bin;C:\Program Files\OpenLogic\jdk-17.0.11.9-hotspot\bin;C:\Program Files (x86)\Common Files\Oracle\Java\java8path;C:\Program Files (x86)\Common Files\Oracle\Java\javapath;C:\Python312\Scripts\;C:\Python312\;C:\Program Files (x86)\VMware\VMware Player\bin\;C:\OCaml\bin;C:\Program Files (x86)\Razer Chroma SDK\bin;C:\Program Files\Razer Chroma SDK\bin;C:\Program Files (x86)\Razer\ChromaBroadcast\bin;C:\Program Files\Razer\ChromaBroadcast\bin;C:\Windows\system32;C:\Windows;C:\Windows\System32\Wbem;C:\Windows\System32\WindowsPowerShell\v1.0\;C:\Windows\System32\OpenSSH\;C:\Program Files (x86)\NVIDIA Corporation\PhysX\Common;C:\Program Files\Microsoft SQL Server\130\Tools\Binn\;C:\Program Files (x86)\Gpg4win\..\GnuPG\bin;C:\Users\Gabriel\AppData\Local\Microsoft\WindowsApps;C:\Users\Gabriel\.dotnet\tools;C:\Program Files\dotnet\;C:\Program Files (x86)\GitExtensions\;C:\Program Files (x86)\dotnet\;C:\Program Files (x86)\Perforce\;C:\Program Files\nodejs\;C:\ProgramData\chocolatey\bin;C:\Program Files\sticker-convert\;C:\Program Files\Git\cmd;C:\Program Files\Docker\Docker\resources\bin;C:\Program Files (x86)\sbt\bin;C:\Program Files (x86)\AOMEI\AOMEI Backupper\7.4.2;C:\Users\Gabriel\anaconda3;C:\Users\Gabriel\anaconda3\Library\mingw-w64\bin;C:\Users\Gabriel\anaconda3\Library\usr\bin;C:\Users\Gabriel\anaconda3\Library\bin;C:\Users\Gabriel\anaconda3\Scripts;C:\Python\Python39\Scripts\;C:\Python\Python39\;C:\Program Files\JetBrains\PyCharm Community Edition 2020.2.3\bin;C:\Program Files\JetBrains\JetBrains Rider 2021.3.3\bin;C:\Users\Gabriel\AppData\Local\Programs\MiKTeX\miktex\bin\x64\;C:\Users\Gabriel\AppData\Local\GitHubDesktop\bin;C:\Users\Gabriel\AppData\Local\atom\bin;C:\Users\Gabriel\AppData\Local\gitkraken\bin;C:\Program Files\JetBrains\IntelliJ IDEA 2023.3.3\bin;C:\Users\Gabriel\AppData\Roaming\npm;C:\apache-maven-3.9.7\bin;C:\Users\Gabriel\AppData\Local\Programs\Ollama;C:\Users\Gabriel\AppData\Local\Programs\Microsoft VS Code\bin;."/>
    <property name="java.vm.info" value="mixed mode, sharing"/>
    <property name="java.vendor" value="Microsoft"/>
    <property name="vertx.disableTCCL" value="true"/>
    <property name="java.vm.version" value="17.0.14+7-LTS"/>
    <property name="java.specification.maintenance.version" value="1"/>
    <property name="sun.io.unicode.encoding" value="UnicodeLittle"/>
    <property name="io.netty.machineId" value="8b:df:76:4b:22:06:fb:3b"/>
    <property name="java.class.version" value="61.0"/>
    <property name="mp.openapi.extensions.smallrye.defaultConsumes" value="application/json"/>
  </properties>
  <testcase name="testCreateExistantUser" classname="com.epita.ServiceUserControllerTest" time="2.033">
    <system-out><![CDATA[2025-04-12 23:11:16,260 INFO  [org.tes.doc.DockerClientProviderStrategy] (build-55) Loaded org.testcontainers.dockerclient.NpipeSocketClientProviderStrategy from ~/.testcontainers.properties, will try it first
2025-04-12 23:11:17,215 INFO  [org.tes.doc.DockerClientProviderStrategy] (build-55) Found Docker environment with local Npipe socket (npipe:////./pipe/docker_engine)
2025-04-12 23:11:17,218 INFO  [org.tes.DockerClientFactory] (build-55) Docker host IP address is localhost
2025-04-12 23:11:17,237 INFO  [org.tes.DockerClientFactory] (build-55) Connected to docker: 
  Server Version: 28.0.1
  API Version: 1.48
  Operating System: Docker Desktop
  Total Memory: 15599 MB
2025-04-12 23:11:17,250 INFO  [org.tes.uti.ImageNameSubstitutor] (build-55) Image name substitution will be performed by: DefaultImageNameSubstitutor (composite of 'ConfigurationFileImageNameSubstitutor' and 'PrefixingImageNameSubstitutor')
2025-04-12 23:11:17,254 INFO  [org.tes.DockerClientFactory] (build-55) Checking the system...
2025-04-12 23:11:17,255 INFO  [org.tes.DockerClientFactory] (build-55) ?? Docker server version should be at least 1.6.0
2025-04-12 23:11:18,156 INFO  [org.neo.dri.int.DriverFactory] (main) Direct driver instance 573207593 created for server address localhost:7687
2025-04-12 23:11:18,511 INFO  [io.quarkus] (main) srvc-user 1.0.0-SNAPSHOT on JVM (powered by Quarkus 3.0.4.Final) started in 3.377s. Listening on: http://localhost:8081
2025-04-12 23:11:18,511 INFO  [io.quarkus] (main) Profile test activated. 
2025-04-12 23:11:18,511 INFO  [io.quarkus] (main) Installed features: [cdi, mongodb-client, mongodb-panache, narayana-jta, neo4j, redis-client, resteasy-reactive, resteasy-reactive-jackson, smallrye-context-propagation, smallrye-openapi, swagger-ui, vertx]
Request method:	POST
Request URI:	http://localhost:8081/users/clear
Proxy:			<none>
Request params:	<none>
Query params:	<none>
Form params:	<none>
Path params:	<none>
Headers:		Accept=*/*
				Content-Type=application/json
Cookies:		<none>
Multiparts:		<none>
Body:			<none>
2025-04-12 23:11:19,730 INFO  [com.epi.con.ServiceUserController] (executor-thread-1) [CLEAR USERS][CONTROLLER]: triggering service layer for clearing users
2025-04-12 23:11:19,731 INFO  [com.epi.ser.ServiceUserService] (executor-thread-1) [CLEAR USERS][SERVICE]: clearing users
2025-04-12 23:11:19,789 INFO  [org.mon.dri.cluster] (executor-thread-1) Adding discovered server localhost:27017 to client view of cluster
2025-04-12 23:11:19,819 INFO  [org.mon.dri.client] (executor-thread-1) MongoClient with metadata {"driver": {"name": "mongo-java-driver|sync", "version": "4.9.1"}, "os": {"type": "Windows", "name": "Windows 10", "architecture": "amd64", "version": "10.0"}, "platform": "Java/Microsoft/17.0.14+7-LTS"} created with settings MongoClientSettings{readPreference=primary, writeConcern=WriteConcern{w=null, wTimeout=null ms, journal=true}, retryWrites=false, retryReads=true, readConcern=ReadConcern{level=null}, credential=MongoCredential{mechanism=null, userName='admin', source='admin', password=<hidden>, mechanismProperties=<hidden>}, streamFactoryFactory=null, commandListeners=[], codecRegistry=ProvidersCodecRegistry{codecProviders=[ProvidersCodecRegistry{codecProviders=[ValueCodecProvider{}, BsonValueCodecProvider{}, DBRefCodecProvider{}, DBObjectCodecProvider{}, DocumentCodecProvider{}, CollectionCodecProvider{}, IterableCodecProvider{}, MapCodecProvider{}, GeoJsonCodecProvider{}, GridFSFileCodecProvider{}, Jsr310CodecProvider{}, JsonObjectCodecProvider{}, BsonCodecProvider{}, EnumCodecProvider{}, com.mongodb.client.model.mql.ExpressionCodecProvider@67337d3e, com.mongodb.Jep395RecordCodecProvider@114fffa5]}, ProvidersCodecRegistry{codecProviders=[org.bson.codecs.pojo.PojoCodecProvider@484b46b7]}]}, loggerSettings=LoggerSettings{maxDocumentLength=1000}, clusterSettings={hosts=[localhost:27017], srvServiceName=mongodb, mode=MULTIPLE, requiredClusterType=REPLICA_SET, requiredReplicaSetName='rs0', serverSelector='null', clusterListeners='[]', serverSelectionTimeout='30000 ms', localThreshold='30000 ms'}, socketSettings=SocketSettings{connectTimeoutMS=10000, readTimeoutMS=0, receiveBufferSize=0, sendBufferSize=0}, heartbeatSocketSettings=SocketSettings{connectTimeoutMS=10000, readTimeoutMS=10000, receiveBufferSize=0, sendBufferSize=0}, connectionPoolSettings=ConnectionPoolSettings{maxSize=100, minSize=0, maxWaitTimeMS=120000, maxConnectionLifeTimeMS=0, maxConnectionIdleTimeMS=0, maintenanceInitialDelayMS=0, maintenanceFrequencyMS=60000, connectionPoolListeners=[], maxConnecting=2}, serverSettings=ServerSettings{heartbeatFrequencyMS=10000, minHeartbeatFrequencyMS=500, serverListeners='[]', serverMonitorListeners='[]'}, sslSettings=SslSettings{enabled=false, invalidHostNameAllowed=false, context=null}, applicationName='null', compressorList=[], uuidRepresentation=STANDARD, serverApi=null, autoEncryptionSettings=null, contextProvider=null}
2025-04-12 23:11:19,872 INFO  [org.mon.dri.cluster] (cluster-ClusterId{value='67fad6f761909f1348ced3a8', description='null'}-localhost:27017) Monitor thread successfully connected to server with description ServerDescription{address=localhost:27017, type=REPLICA_SET_PRIMARY, state=CONNECTED, ok=true, minWireVersion=0, maxWireVersion=25, maxDocumentSize=16777216, logicalSessionTimeoutMinutes=30, roundTripTimeNanos=31764200, setName='rs0', canonicalAddress=localhost:27017, hosts=[localhost:27017], passives=[], arbiters=[], primary='localhost:27017', tagSet=TagSet{[]}, electionId=7fffffff0000000000000002, setVersion=1, topologyVersion=TopologyVersion{processId=67fad6d94a972dbd7b4a7850, counter=6}, lastWriteDate=Sat Apr 12 23:11:10 CEST 2025, lastUpdateTimeNanos=34501495504300}
2025-04-12 23:11:19,874 INFO  [org.mon.dri.cluster] (executor-thread-1) No server chosen by com.mongodb.client.internal.MongoClientDelegate$$Lambda$2179/0x0000028e36a0b618@f430de9 from cluster description ClusterDescription{type=REPLICA_SET, connectionMode=MULTIPLE, serverDescriptions=[ServerDescription{address=localhost:27017, type=UNKNOWN, state=CONNECTING}]}. Waiting for 30000 ms before timing out
2025-04-12 23:11:19,874 INFO  [org.mon.dri.cluster] (cluster-ClusterId{value='67fad6f761909f1348ced3a8', description='null'}-localhost:27017) Discovered replica set primary localhost:27017 with max election id 7fffffff0000000000000002 and max set version 1
HTTP/1.1 200 OK
content-length: 0
Request method:	POST
Request URI:	http://localhost:8081/users/create
Proxy:			<none>
Request params:	<none>
Query params:	<none>
Form params:	<none>
Path params:	<none>
Headers:		Accept=*/*
				Content-Type=application/json
Cookies:		<none>
Multiparts:		<none>
Body:
{
    "username": "validUser"
}
2025-04-12 23:11:20,384 INFO  [com.epi.con.ServiceUserController] (executor-thread-1) [CREATE USER][CONTROLLER]: triggering service layer for user creation
2025-04-12 23:11:20,385 INFO  [com.epi.ser.ServiceUserService] (executor-thread-1) [CREATE USER][SERVICE]: creating user in mongo bc5dc31a-9fb3-4af7-80ad-6fc533a9b35f validUser
2025-04-12 23:11:20,424 INFO  [com.epi.ser.ServiceUserService] (executor-thread-1) [CREATE USER][SERVICE]: user created successfully
2025-04-12 23:11:20,432 INFO  [com.epi.ser.ServiceUserService] (executor-thread-1) [CREATE USER][SERVICE]: sending user creation event to redis with user: UserActionEvent{actionType=USER_CREATED, userId='bc5dc31a-9fb3-4af7-80ad-6fc533a9b35f', targetId='null', postId='null', postContent='null', timestamp=null}
HTTP/1.1 200 OK
content-length: 0
Request method:	POST
Request URI:	http://localhost:8081/users/create
Proxy:			<none>
Request params:	<none>
Query params:	<none>
Form params:	<none>
Path params:	<none>
Headers:		Accept=*/*
				Content-Type=application/json
Cookies:		<none>
Multiparts:		<none>
Body:
{
    "username": "validUser"
}
2025-04-12 23:11:20,549 INFO  [com.epi.con.ServiceUserController] (executor-thread-1) [CREATE USER][CONTROLLER]: triggering service layer for user creation
2025-04-12 23:11:20,549 INFO  [com.epi.ser.ServiceUserService] (executor-thread-1) [CREATE USER][SERVICE]: creating user in mongo 540ea1b0-5815-472f-b9ee-5aba207deec2 validUser
2025-04-12 23:11:20,553 ERROR [com.epi.rep.ServiceUserMongoRepo] (executor-thread-1) [CREATE USER][REPO]: user already exists in mongo
2025-04-12 23:11:20,554 ERROR [com.epi.ser.ServiceUserService] (executor-thread-1) [CREATE USER][SERVICE]: error while creating user
HTTP/1.1 409 Conflict
content-length: 0
]]></system-out>
  </testcase>
  <testcase name="testClearUsers" classname="com.epita.ServiceUserControllerTest" time="0.126">
    <system-out><![CDATA[Request method:	POST
Request URI:	http://localhost:8081/users/clear
Proxy:			<none>
Request params:	<none>
Query params:	<none>
Form params:	<none>
Path params:	<none>
Headers:		Accept=*/*
				Content-Type=application/json
Cookies:		<none>
Multiparts:		<none>
Body:			<none>
Request method:	POST
Request URI:	http://localhost:8081/users/clear
Proxy:			<none>
Request params:	<none>
Query params:	<none>
Form params:	<none>
Path params:	<none>
Headers:		Accept=*/*
				Content-Type=application/json
Cookies:		<none>
Multiparts:		<none>
Body:			<none>
2025-04-12 23:11:20,585 INFO  [com.epi.con.ServiceUserController] (executor-thread-1) [CLEAR USERS][CONTROLLER]: triggering service layer for clearing users
2025-04-12 23:11:20,586 INFO  [com.epi.ser.ServiceUserService] (executor-thread-1) [CLEAR USERS][SERVICE]: clearing users
HTTP/1.1 200 OK
content-length: 0
HTTP/1.1 200 OK
content-length: 0
Request method:	POST
Request URI:	http://localhost:8081/users/create
Proxy:			<none>
Request params:	<none>
Query params:	<none>
Form params:	<none>
Path params:	<none>
Headers:		Accept=*/*
				Content-Type=application/json
Cookies:		<none>
Multiparts:		<none>
Body:
{
    "username": "validUser"
}
Request method:	POST
Request URI:	http://localhost:8081/users/create
Proxy:			<none>
Request params:	<none>
Query params:	<none>
Form params:	<none>
Path params:	<none>
Headers:		Accept=*/*
				Content-Type=application/json
Cookies:		<none>
Multiparts:		<none>
Body:
{
    "username": "validUser"
}
2025-04-12 23:11:20,616 INFO  [com.epi.con.ServiceUserController] (executor-thread-1) [CREATE USER][CONTROLLER]: triggering service layer for user creation
2025-04-12 23:11:20,617 INFO  [com.epi.ser.ServiceUserService] (executor-thread-1) [CREATE USER][SERVICE]: creating user in mongo 41204052-ea9b-4c73-b01a-ffcd410ef7d1 validUser
2025-04-12 23:11:20,624 INFO  [com.epi.ser.ServiceUserService] (executor-thread-1) [CREATE USER][SERVICE]: user created successfully
2025-04-12 23:11:20,624 INFO  [com.epi.ser.ServiceUserService] (executor-thread-1) [CREATE USER][SERVICE]: sending user creation event to redis with user: UserActionEvent{actionType=USER_CREATED, userId='41204052-ea9b-4c73-b01a-ffcd410ef7d1', targetId='null', postId='null', postContent='null', timestamp=null}
HTTP/1.1 200 OK
content-length: 0
HTTP/1.1 200 OK
content-length: 0
Request method:	POST
Request URI:	http://localhost:8081/users/clear
Proxy:			<none>
Request params:	<none>
Query params:	<none>
Form params:	<none>
Path params:	<none>
Headers:		Accept=*/*
				Content-Type=application/json
Cookies:		<none>
Multiparts:		<none>
Body:			<none>
Request method:	POST
Request URI:	http://localhost:8081/users/clear
Proxy:			<none>
Request params:	<none>
Query params:	<none>
Form params:	<none>
Path params:	<none>
Headers:		Accept=*/*
				Content-Type=application/json
Cookies:		<none>
Multiparts:		<none>
Body:			<none>
2025-04-12 23:11:20,648 INFO  [com.epi.con.ServiceUserController] (executor-thread-1) [CLEAR USERS][CONTROLLER]: triggering service layer for clearing users
2025-04-12 23:11:20,649 INFO  [com.epi.ser.ServiceUserService] (executor-thread-1) [CLEAR USERS][SERVICE]: clearing users
HTTP/1.1 200 OK
content-length: 0
HTTP/1.1 200 OK
content-length: 0
Request method:	GET
Request URI:	http://localhost:8081/users/get/validUser
Proxy:			<none>
Request params:	<none>
Query params:	<none>
Form params:	<none>
Path params:	<none>
Headers:		Accept=*/*
Cookies:		<none>
Multiparts:		<none>
Body:			<none>
Request method:	GET
Request URI:	http://localhost:8081/users/get/validUser
Proxy:			<none>
Request params:	<none>
Query params:	<none>
Form params:	<none>
Path params:	<none>
Headers:		Accept=*/*
Cookies:		<none>
Multiparts:		<none>
Body:			<none>
2025-04-12 23:11:20,684 INFO  [com.epi.con.ServiceUserController] (executor-thread-1) [GET USER][CONTROLLER]: triggering service layer for getting user with userId: validUser
2025-04-12 23:11:20,684 INFO  [com.epi.ser.ServiceUserService] (executor-thread-1) [GET USER][SERVICE]: getting user with username: validUser
HTTP/1.1 404 Not Found
content-length: 0
HTTP/1.1 404 Not Found
content-length: 0
]]></system-out>
  </testcase>
  <testcase name="testGetUser" classname="com.epita.ServiceUserControllerTest" time="0.761">
    <system-out><![CDATA[Request method:	POST
Request URI:	http://localhost:8081/users/clear
Proxy:			<none>
Request params:	<none>
Query params:	<none>
Form params:	<none>
Path params:	<none>
Headers:		Accept=*/*
				Content-Type=application/json
Cookies:		<none>
Multiparts:		<none>
Body:			<none>
Request method:	POST
Request URI:	http://localhost:8081/users/clear
Proxy:			<none>
Request params:	<none>
Query params:	<none>
Form params:	<none>
Path params:	<none>
Headers:		Accept=*/*
				Content-Type=application/json
Cookies:		<none>
Multiparts:		<none>
Body:			<none>
Request method:	POST
Request URI:	http://localhost:8081/users/clear
Proxy:			<none>
Request params:	<none>
Query params:	<none>
Form params:	<none>
Path params:	<none>
Headers:		Accept=*/*
				Content-Type=application/json
Cookies:		<none>
Multiparts:		<none>
Body:			<none>
2025-04-12 23:11:20,715 INFO  [com.epi.con.ServiceUserController] (executor-thread-1) [CLEAR USERS][CONTROLLER]: triggering service layer for clearing users
2025-04-12 23:11:20,715 INFO  [com.epi.ser.ServiceUserService] (executor-thread-1) [CLEAR USERS][SERVICE]: clearing users
HTTP/1.1 200 OK
content-length: 0
HTTP/1.1 200 OK
content-length: 0
HTTP/1.1 200 OK
content-length: 0
Request method:	POST
Request URI:	http://localhost:8081/users/create
Proxy:			<none>
Request params:	<none>
Query params:	<none>
Form params:	<none>
Path params:	<none>
Headers:		Accept=*/*
				Content-Type=application/json
Cookies:		<none>
Multiparts:		<none>
Body:
{
    "username": "validUser"
}
Request method:	POST
Request URI:	http://localhost:8081/users/create
Proxy:			<none>
Request params:	<none>
Query params:	<none>
Form params:	<none>
Path params:	<none>
Headers:		Accept=*/*
				Content-Type=application/json
Cookies:		<none>
Multiparts:		<none>
Body:
{
    "username": "validUser"
}
Request method:	POST
Request URI:	http://localhost:8081/users/create
Proxy:			<none>
Request params:	<none>
Query params:	<none>
Form params:	<none>
Path params:	<none>
Headers:		Accept=*/*
				Content-Type=application/json
Cookies:		<none>
Multiparts:		<none>
Body:
{
    "username": "validUser"
}
2025-04-12 23:11:20,747 INFO  [com.epi.con.ServiceUserController] (executor-thread-1) [CREATE USER][CONTROLLER]: triggering service layer for user creation
2025-04-12 23:11:20,747 INFO  [com.epi.ser.ServiceUserService] (executor-thread-1) [CREATE USER][SERVICE]: creating user in mongo a4bc40c8-cc19-4d53-bc43-30eba8ea0694 validUser
2025-04-12 23:11:20,753 INFO  [com.epi.ser.ServiceUserService] (executor-thread-1) [CREATE USER][SERVICE]: user created successfully
2025-04-12 23:11:20,753 INFO  [com.epi.ser.ServiceUserService] (executor-thread-1) [CREATE USER][SERVICE]: sending user creation event to redis with user: UserActionEvent{actionType=USER_CREATED, userId='a4bc40c8-cc19-4d53-bc43-30eba8ea0694', targetId='null', postId='null', postContent='null', timestamp=null}
HTTP/1.1 200 OK
content-length: 0
HTTP/1.1 200 OK
content-length: 0
HTTP/1.1 200 OK
content-length: 0
Request method:	GET
Request URI:	http://localhost:8081/users/get/validUser
Proxy:			<none>
Request params:	<none>
Query params:	<none>
Form params:	<none>
Path params:	<none>
Headers:		Accept=*/*
Cookies:		<none>
Multiparts:		<none>
Body:			<none>
Request method:	GET
Request URI:	http://localhost:8081/users/get/validUser
Proxy:			<none>
Request params:	<none>
Query params:	<none>
Form params:	<none>
Path params:	<none>
Headers:		Accept=*/*
Cookies:		<none>
Multiparts:		<none>
Body:			<none>
Request method:	GET
Request URI:	http://localhost:8081/users/get/validUser
Proxy:			<none>
Request params:	<none>
Query params:	<none>
Form params:	<none>
Path params:	<none>
Headers:		Accept=*/*
Cookies:		<none>
Multiparts:		<none>
Body:			<none>
2025-04-12 23:11:20,777 INFO  [com.epi.con.ServiceUserController] (executor-thread-1) [GET USER][CONTROLLER]: triggering service layer for getting user with userId: validUser
2025-04-12 23:11:20,777 INFO  [com.epi.ser.ServiceUserService] (executor-thread-1) [GET USER][SERVICE]: getting user with username: validUser
HTTP/1.1 200 OK
Content-Type: application/json;charset=UTF-8
content-length: 116

{
    "userId": "a4bc40c8-cc19-4d53-bc43-30eba8ea0694",
    "username": "validUser",
    "createdAt": "2025-04-12T21:11:20.750+00:00"
}
HTTP/1.1 200 OK
Content-Type: application/json;charset=UTF-8
content-length: 116

{
    "userId": "a4bc40c8-cc19-4d53-bc43-30eba8ea0694",
    "username": "validUser",
    "createdAt": "2025-04-12T21:11:20.750+00:00"
}
HTTP/1.1 200 OK
Content-Type: application/json;charset=UTF-8
content-length: 116

{
    "userId": "a4bc40c8-cc19-4d53-bc43-30eba8ea0694",
    "username": "validUser",
    "createdAt": "2025-04-12T21:11:20.750+00:00"
}
Request method:	GET
Request URI:	http://localhost:8081/users/get/ec980587-e809-4055-b51e-b5584084e786
Proxy:			<none>
Request params:	<none>
Query params:	<none>
Form params:	<none>
Path params:	<none>
Headers:		Accept=*/*
Cookies:		<none>
Multiparts:		<none>
Body:			<none>
Request method:	GET
Request URI:	http://localhost:8081/users/get/ec980587-e809-4055-b51e-b5584084e786
Proxy:			<none>
Request params:	<none>
Query params:	<none>
Form params:	<none>
Path params:	<none>
Headers:		Accept=*/*
Cookies:		<none>
Multiparts:		<none>
Body:			<none>
Request method:	GET
Request URI:	http://localhost:8081/users/get/ec980587-e809-4055-b51e-b5584084e786
Proxy:			<none>
Request params:	<none>
Query params:	<none>
Form params:	<none>
Path params:	<none>
Headers:		Accept=*/*
Cookies:		<none>
Multiparts:		<none>
Body:			<none>
2025-04-12 23:11:21,447 INFO  [com.epi.con.ServiceUserController] (executor-thread-1) [GET USER][CONTROLLER]: triggering service layer for getting user with userId: ec980587-e809-4055-b51e-b5584084e786
2025-04-12 23:11:21,447 INFO  [com.epi.ser.ServiceUserService] (executor-thread-1) [GET USER][SERVICE]: getting user with username: ec980587-e809-4055-b51e-b5584084e786
HTTP/1.1 404 Not Found
content-length: 0
HTTP/1.1 404 Not Found
content-length: 0
HTTP/1.1 404 Not Found
content-length: 0
]]></system-out>
  </testcase>
  <testcase name="testCreateUser" classname="com.epita.ServiceUserControllerTest" time="0.086">
    <system-out><![CDATA[Request method:	POST
Request URI:	http://localhost:8081/users/clear
Proxy:			<none>
Request params:	<none>
Query params:	<none>
Form params:	<none>
Path params:	<none>
Headers:		Accept=*/*
				Content-Type=application/json
Cookies:		<none>
Multiparts:		<none>
Body:			<none>
Request method:	POST
Request URI:	http://localhost:8081/users/clear
Proxy:			<none>
Request params:	<none>
Query params:	<none>
Form params:	<none>
Path params:	<none>
Headers:		Accept=*/*
				Content-Type=application/json
Cookies:		<none>
Multiparts:		<none>
Body:			<none>
Request method:	POST
Request URI:	http://localhost:8081/users/clear
Proxy:			<none>
Request params:	<none>
Query params:	<none>
Form params:	<none>
Path params:	<none>
Headers:		Accept=*/*
				Content-Type=application/json
Cookies:		<none>
Multiparts:		<none>
Body:			<none>
Request method:	POST
Request URI:	http://localhost:8081/users/clear
Proxy:			<none>
Request params:	<none>
Query params:	<none>
Form params:	<none>
Path params:	<none>
Headers:		Accept=*/*
				Content-Type=application/json
Cookies:		<none>
Multiparts:		<none>
Body:			<none>
2025-04-12 23:11:21,474 INFO  [com.epi.con.ServiceUserController] (executor-thread-1) [CLEAR USERS][CONTROLLER]: triggering service layer for clearing users
2025-04-12 23:11:21,474 INFO  [com.epi.ser.ServiceUserService] (executor-thread-1) [CLEAR USERS][SERVICE]: clearing users
HTTP/1.1 200 OK
content-length: 0
HTTP/1.1 200 OK
content-length: 0
HTTP/1.1 200 OK
content-length: 0
HTTP/1.1 200 OK
content-length: 0
Request method:	POST
Request URI:	http://localhost:8081/users/create
Proxy:			<none>
Request params:	<none>
Query params:	<none>
Form params:	<none>
Path params:	<none>
Headers:		Accept=*/*
				Content-Type=application/json
Cookies:		<none>
Multiparts:		<none>
Body:
{
    "username": "validUser"
}
Request method:	POST
Request URI:	http://localhost:8081/users/create
Proxy:			<none>
Request params:	<none>
Query params:	<none>
Form params:	<none>
Path params:	<none>
Headers:		Accept=*/*
				Content-Type=application/json
Cookies:		<none>
Multiparts:		<none>
Body:
{
    "username": "validUser"
}
Request method:	POST
Request URI:	http://localhost:8081/users/create
Proxy:			<none>
Request params:	<none>
Query params:	<none>
Form params:	<none>
Path params:	<none>
Headers:		Accept=*/*
				Content-Type=application/json
Cookies:		<none>
Multiparts:		<none>
Body:
{
    "username": "validUser"
}
Request method:	POST
Request URI:	http://localhost:8081/users/create
Proxy:			<none>
Request params:	<none>
Query params:	<none>
Form params:	<none>
Path params:	<none>
Headers:		Accept=*/*
				Content-Type=application/json
Cookies:		<none>
Multiparts:		<none>
Body:
{
    "username": "validUser"
}
2025-04-12 23:11:21,500 INFO  [com.epi.con.ServiceUserController] (executor-thread-1) [CREATE USER][CONTROLLER]: triggering service layer for user creation
2025-04-12 23:11:21,500 INFO  [com.epi.ser.ServiceUserService] (executor-thread-1) [CREATE USER][SERVICE]: creating user in mongo eda5b223-c4a8-43e7-8bc2-fe7ff571474b validUser
2025-04-12 23:11:21,507 INFO  [com.epi.ser.ServiceUserService] (executor-thread-1) [CREATE USER][SERVICE]: user created successfully
2025-04-12 23:11:21,507 INFO  [com.epi.ser.ServiceUserService] (executor-thread-1) [CREATE USER][SERVICE]: sending user creation event to redis with user: UserActionEvent{actionType=USER_CREATED, userId='eda5b223-c4a8-43e7-8bc2-fe7ff571474b', targetId='null', postId='null', postContent='null', timestamp=null}
HTTP/1.1 200 OK
content-length: 0
HTTP/1.1 200 OK
content-length: 0
HTTP/1.1 200 OK
content-length: 0
HTTP/1.1 200 OK
content-length: 0
Request method:	POST
Request URI:	http://localhost:8081/users/create
Proxy:			<none>
Request params:	<none>
Query params:	<none>
Form params:	<none>
Path params:	<none>
Headers:		Accept=*/*
				Content-Type=application/json
Cookies:		<none>
Multiparts:		<none>
Body:
{
    "username": ""
}
Request method:	POST
Request URI:	http://localhost:8081/users/create
Proxy:			<none>
Request params:	<none>
Query params:	<none>
Form params:	<none>
Path params:	<none>
Headers:		Accept=*/*
				Content-Type=application/json
Cookies:		<none>
Multiparts:		<none>
Body:
{
    "username": ""
}
Request method:	POST
Request URI:	http://localhost:8081/users/create
Proxy:			<none>
Request params:	<none>
Query params:	<none>
Form params:	<none>
Path params:	<none>
Headers:		Accept=*/*
				Content-Type=application/json
Cookies:		<none>
Multiparts:		<none>
Body:
{
    "username": ""
}
Request method:	POST
Request URI:	http://localhost:8081/users/create
Proxy:			<none>
Request params:	<none>
Query params:	<none>
Form params:	<none>
Path params:	<none>
Headers:		Accept=*/*
				Content-Type=application/json
Cookies:		<none>
Multiparts:		<none>
Body:
{
    "username": ""
}
2025-04-12 23:11:21,537 ERROR [com.epi.con.ServiceUserController] (executor-thread-1) [CREATE USER][CONTROLLER]: userId or nickname is null or empty
HTTP/1.1 400 Bad Request
content-length: 0
HTTP/1.1 400 Bad Request
content-length: 0
HTTP/1.1 400 Bad Request
content-length: 0
HTTP/1.1 400 Bad Request
content-length: 0
]]></system-out>
  </testcase>
  <testcase name="testDeleteUser" classname="com.epita.ServiceUserControllerTest" time="0.13">
    <system-out><![CDATA[Request method:	POST
Request URI:	http://localhost:8081/users/clear
Proxy:			<none>
Request params:	<none>
Query params:	<none>
Form params:	<none>
Path params:	<none>
Headers:		Accept=*/*
				Content-Type=application/json
Cookies:		<none>
Multiparts:		<none>
Body:			<none>
Request method:	POST
Request URI:	http://localhost:8081/users/clear
Proxy:			<none>
Request params:	<none>
Query params:	<none>
Form params:	<none>
Path params:	<none>
Headers:		Accept=*/*
				Content-Type=application/json
Cookies:		<none>
Multiparts:		<none>
Body:			<none>
Request method:	POST
Request URI:	http://localhost:8081/users/clear
Proxy:			<none>
Request params:	<none>
Query params:	<none>
Form params:	<none>
Path params:	<none>
Headers:		Accept=*/*
				Content-Type=application/json
Cookies:		<none>
Multiparts:		<none>
Body:			<none>
Request method:	POST
Request URI:	http://localhost:8081/users/clear
Proxy:			<none>
Request params:	<none>
Query params:	<none>
Form params:	<none>
Path params:	<none>
Headers:		Accept=*/*
				Content-Type=application/json
Cookies:		<none>
Multiparts:		<none>
Body:			<none>
Request method:	POST
Request URI:	http://localhost:8081/users/clear
Proxy:			<none>
Request params:	<none>
Query params:	<none>
Form params:	<none>
Path params:	<none>
Headers:		Accept=*/*
				Content-Type=application/json
Cookies:		<none>
Multiparts:		<none>
Body:			<none>
2025-04-12 23:11:21,563 INFO  [com.epi.con.ServiceUserController] (executor-thread-1) [CLEAR USERS][CONTROLLER]: triggering service layer for clearing users
2025-04-12 23:11:21,563 INFO  [com.epi.ser.ServiceUserService] (executor-thread-1) [CLEAR USERS][SERVICE]: clearing users
HTTP/1.1 200 OK
content-length: 0
HTTP/1.1 200 OK
content-length: 0
HTTP/1.1 200 OK
content-length: 0
HTTP/1.1 200 OK
content-length: 0
HTTP/1.1 200 OK
content-length: 0
Request method:	POST
Request URI:	http://localhost:8081/users/create
Proxy:			<none>
Request params:	<none>
Query params:	<none>
Form params:	<none>
Path params:	<none>
Headers:		Accept=*/*
				Content-Type=application/json
Cookies:		<none>
Multiparts:		<none>
Body:
{
    "username": "validUser"
}
Request method:	POST
Request URI:	http://localhost:8081/users/create
Proxy:			<none>
Request params:	<none>
Query params:	<none>
Form params:	<none>
Path params:	<none>
Headers:		Accept=*/*
				Content-Type=application/json
Cookies:		<none>
Multiparts:		<none>
Body:
{
    "username": "validUser"
}
Request method:	POST
Request URI:	http://localhost:8081/users/create
Proxy:			<none>
Request params:	<none>
Query params:	<none>
Form params:	<none>
Path params:	<none>
Headers:		Accept=*/*
				Content-Type=application/json
Cookies:		<none>
Multiparts:		<none>
Body:
{
    "username": "validUser"
}
Request method:	POST
Request URI:	http://localhost:8081/users/create
Proxy:			<none>
Request params:	<none>
Query params:	<none>
Form params:	<none>
Path params:	<none>
Headers:		Accept=*/*
				Content-Type=application/json
Cookies:		<none>
Multiparts:		<none>
Body:
{
    "username": "validUser"
}
Request method:	POST
Request URI:	http://localhost:8081/users/create
Proxy:			<none>
Request params:	<none>
Query params:	<none>
Form params:	<none>
Path params:	<none>
Headers:		Accept=*/*
				Content-Type=application/json
Cookies:		<none>
Multiparts:		<none>
Body:
{
    "username": "validUser"
}
2025-04-12 23:11:21,601 INFO  [com.epi.con.ServiceUserController] (executor-thread-1) [CREATE USER][CONTROLLER]: triggering service layer for user creation
2025-04-12 23:11:21,601 INFO  [com.epi.ser.ServiceUserService] (executor-thread-1) [CREATE USER][SERVICE]: creating user in mongo 382004b3-e5ab-4843-b1ef-387a9398a419 validUser
2025-04-12 23:11:21,607 INFO  [com.epi.ser.ServiceUserService] (executor-thread-1) [CREATE USER][SERVICE]: user created successfully
2025-04-12 23:11:21,607 INFO  [com.epi.ser.ServiceUserService] (executor-thread-1) [CREATE USER][SERVICE]: sending user creation event to redis with user: UserActionEvent{actionType=USER_CREATED, userId='382004b3-e5ab-4843-b1ef-387a9398a419', targetId='null', postId='null', postContent='null', timestamp=null}
HTTP/1.1 200 OK
content-length: 0
HTTP/1.1 200 OK
content-length: 0
HTTP/1.1 200 OK
content-length: 0
HTTP/1.1 200 OK
content-length: 0
HTTP/1.1 200 OK
content-length: 0
Request method:	DELETE
Request URI:	http://localhost:8081/users/delete/validUser
Proxy:			<none>
Request params:	<none>
Query params:	<none>
Form params:	<none>
Path params:	<none>
Headers:		Accept=*/*
Cookies:		<none>
Multiparts:		<none>
Body:			<none>
Request method:	DELETE
Request URI:	http://localhost:8081/users/delete/validUser
Proxy:			<none>
Request params:	<none>
Query params:	<none>
Form params:	<none>
Path params:	<none>
Headers:		Accept=*/*
Cookies:		<none>
Multiparts:		<none>
Body:			<none>
Request method:	DELETE
Request URI:	http://localhost:8081/users/delete/validUser
Proxy:			<none>
Request params:	<none>
Query params:	<none>
Form params:	<none>
Path params:	<none>
Headers:		Accept=*/*
Cookies:		<none>
Multiparts:		<none>
Body:			<none>
Request method:	DELETE
Request URI:	http://localhost:8081/users/delete/validUser
Proxy:			<none>
Request params:	<none>
Query params:	<none>
Form params:	<none>
Path params:	<none>
Headers:		Accept=*/*
Cookies:		<none>
Multiparts:		<none>
Body:			<none>
Request method:	DELETE
Request URI:	http://localhost:8081/users/delete/validUser
Proxy:			<none>
Request params:	<none>
Query params:	<none>
Form params:	<none>
Path params:	<none>
Headers:		Accept=*/*
Cookies:		<none>
Multiparts:		<none>
Body:			<none>
2025-04-12 23:11:21,635 INFO  [com.epi.con.ServiceUserController] (executor-thread-1) [DELETE USER][CONTROLLER]: triggering service layer for deleting user with userId: validUser
2025-04-12 23:11:21,635 INFO  [com.epi.ser.ServiceUserService] (executor-thread-1) [DELETE USER][SERVICE]: deleting user with username: validUser
2025-04-12 23:11:21,641 INFO  [com.epi.ser.ServiceUserService] (executor-thread-1) [DELETE USER][SERVICE]: user deleted successfully
HTTP/1.1 200 OK
content-length: 0
HTTP/1.1 200 OK
content-length: 0
HTTP/1.1 200 OK
content-length: 0
HTTP/1.1 200 OK
content-length: 0
HTTP/1.1 200 OK
content-length: 0
Request method:	DELETE
Request URI:	http://localhost:8081/users/delete/asdgfasdasdgasd
Proxy:			<none>
Request params:	<none>
Query params:	<none>
Form params:	<none>
Path params:	<none>
Headers:		Accept=*/*
Cookies:		<none>
Multiparts:		<none>
Body:			<none>
Request method:	DELETE
Request URI:	http://localhost:8081/users/delete/asdgfasdasdgasd
Proxy:			<none>
Request params:	<none>
Query params:	<none>
Form params:	<none>
Path params:	<none>
Headers:		Accept=*/*
Cookies:		<none>
Multiparts:		<none>
Body:			<none>
Request method:	DELETE
Request URI:	http://localhost:8081/users/delete/asdgfasdasdgasd
Proxy:			<none>
Request params:	<none>
Query params:	<none>
Form params:	<none>
Path params:	<none>
Headers:		Accept=*/*
Cookies:		<none>
Multiparts:		<none>
Body:			<none>
Request method:	DELETE
Request URI:	http://localhost:8081/users/delete/asdgfasdasdgasd
Proxy:			<none>
Request params:	<none>
Query params:	<none>
Form params:	<none>
Path params:	<none>
Headers:		Accept=*/*
Cookies:		<none>
Multiparts:		<none>
Body:			<none>
Request method:	DELETE
Request URI:	http://localhost:8081/users/delete/asdgfasdasdgasd
Proxy:			<none>
Request params:	<none>
Query params:	<none>
Form params:	<none>
Path params:	<none>
Headers:		Accept=*/*
Cookies:		<none>
Multiparts:		<none>
Body:			<none>
2025-04-12 23:11:21,666 INFO  [com.epi.con.ServiceUserController] (executor-thread-1) [DELETE USER][CONTROLLER]: triggering service layer for deleting user with userId: asdgfasdasdgasd
2025-04-12 23:11:21,666 INFO  [com.epi.ser.ServiceUserService] (executor-thread-1) [DELETE USER][SERVICE]: deleting user with username: asdgfasdasdgasd
2025-04-12 23:11:21,668 ERROR [com.epi.rep.ServiceUserMongoRepo] (executor-thread-1) [DELETE USER][REPO]: user not found in mongo
2025-04-12 23:11:21,668 ERROR [com.epi.ser.ServiceUserService] (executor-thread-1) [DELETE USER][SERVICE]: error while deleting user
HTTP/1.1 404 Not Found
content-length: 0
HTTP/1.1 404 Not Found
content-length: 0
HTTP/1.1 404 Not Found
content-length: 0
HTTP/1.1 404 Not Found
content-length: 0
HTTP/1.1 404 Not Found
content-length: 0
]]></system-out>
  </testcase>
  <testcase name="testCreateUserWithTooLongUsername" classname="com.epita.ServiceUserControllerTest" time="0.058">
    <system-out><![CDATA[Request method:	POST
Request URI:	http://localhost:8081/users/clear
Proxy:			<none>
Request params:	<none>
Query params:	<none>
Form params:	<none>
Path params:	<none>
Headers:		Accept=*/*
				Content-Type=application/json
Cookies:		<none>
Multiparts:		<none>
Body:			<none>
Request method:	POST
Request URI:	http://localhost:8081/users/clear
Proxy:			<none>
Request params:	<none>
Query params:	<none>
Form params:	<none>
Path params:	<none>
Headers:		Accept=*/*
				Content-Type=application/json
Cookies:		<none>
Multiparts:		<none>
Body:			<none>
Request method:	POST
Request URI:	http://localhost:8081/users/clear
Proxy:			<none>
Request params:	<none>
Query params:	<none>
Form params:	<none>
Path params:	<none>
Headers:		Accept=*/*
				Content-Type=application/json
Cookies:		<none>
Multiparts:		<none>
Body:			<none>
Request method:	POST
Request URI:	http://localhost:8081/users/clear
Proxy:			<none>
Request params:	<none>
Query params:	<none>
Form params:	<none>
Path params:	<none>
Headers:		Accept=*/*
				Content-Type=application/json
Cookies:		<none>
Multiparts:		<none>
Body:			<none>
Request method:	POST
Request URI:	http://localhost:8081/users/clear
Proxy:			<none>
Request params:	<none>
Query params:	<none>
Form params:	<none>
Path params:	<none>
Headers:		Accept=*/*
				Content-Type=application/json
Cookies:		<none>
Multiparts:		<none>
Body:			<none>
Request method:	POST
Request URI:	http://localhost:8081/users/clear
Proxy:			<none>
Request params:	<none>
Query params:	<none>
Form params:	<none>
Path params:	<none>
Headers:		Accept=*/*
				Content-Type=application/json
Cookies:		<none>
Multiparts:		<none>
Body:			<none>
2025-04-12 23:11:21,695 INFO  [com.epi.con.ServiceUserController] (executor-thread-1) [CLEAR USERS][CONTROLLER]: triggering service layer for clearing users
2025-04-12 23:11:21,695 INFO  [com.epi.ser.ServiceUserService] (executor-thread-1) [CLEAR USERS][SERVICE]: clearing users
HTTP/1.1 200 OK
content-length: 0
HTTP/1.1 200 OK
content-length: 0
HTTP/1.1 200 OK
content-length: 0
HTTP/1.1 200 OK
content-length: 0
HTTP/1.1 200 OK
content-length: 0
HTTP/1.1 200 OK
content-length: 0
Request method:	POST
Request URI:	http://localhost:8081/users/create
Proxy:			<none>
Request params:	<none>
Query params:	<none>
Form params:	<none>
Path params:	<none>
Headers:		Accept=*/*
				Content-Type=application/json
Cookies:		<none>
Multiparts:		<none>
Body:
{
    "username": "utilisateurAvecUnNomBeaucoupTropLongPourEtreAccepte"
}
Request method:	POST
Request URI:	http://localhost:8081/users/create
Proxy:			<none>
Request params:	<none>
Query params:	<none>
Form params:	<none>
Path params:	<none>
Headers:		Accept=*/*
				Content-Type=application/json
Cookies:		<none>
Multiparts:		<none>
Body:
{
    "username": "utilisateurAvecUnNomBeaucoupTropLongPourEtreAccepte"
}
Request method:	POST
Request URI:	http://localhost:8081/users/create
Proxy:			<none>
Request params:	<none>
Query params:	<none>
Form params:	<none>
Path params:	<none>
Headers:		Accept=*/*
				Content-Type=application/json
Cookies:		<none>
Multiparts:		<none>
Body:
{
    "username": "utilisateurAvecUnNomBeaucoupTropLongPourEtreAccepte"
}
Request method:	POST
Request URI:	http://localhost:8081/users/create
Proxy:			<none>
Request params:	<none>
Query params:	<none>
Form params:	<none>
Path params:	<none>
Headers:		Accept=*/*
				Content-Type=application/json
Cookies:		<none>
Multiparts:		<none>
Body:
{
    "username": "utilisateurAvecUnNomBeaucoupTropLongPourEtreAccepte"
}
Request method:	POST
Request URI:	http://localhost:8081/users/create
Proxy:			<none>
Request params:	<none>
Query params:	<none>
Form params:	<none>
Path params:	<none>
Headers:		Accept=*/*
				Content-Type=application/json
Cookies:		<none>
Multiparts:		<none>
Body:
{
    "username": "utilisateurAvecUnNomBeaucoupTropLongPourEtreAccepte"
}
Request method:	POST
Request URI:	http://localhost:8081/users/create
Proxy:			<none>
Request params:	<none>
Query params:	<none>
Form params:	<none>
Path params:	<none>
Headers:		Accept=*/*
				Content-Type=application/json
Cookies:		<none>
Multiparts:		<none>
Body:
{
    "username": "utilisateurAvecUnNomBeaucoupTropLongPourEtreAccepte"
}
2025-04-12 23:11:21,728 ERROR [com.epi.con.ServiceUserController] (executor-thread-1) [CREATE USER][CONTROLLER]: nickname is too long
HTTP/1.1 400 Bad Request
content-length: 0
HTTP/1.1 400 Bad Request
content-length: 0
HTTP/1.1 400 Bad Request
content-length: 0
HTTP/1.1 400 Bad Request
content-length: 0
HTTP/1.1 400 Bad Request
content-length: 0
HTTP/1.1 400 Bad Request
content-length: 0
]]></system-out>
  </testcase>
</testsuite>